0 verbose cli /usr/local/bin/node /usr/local/lib/node_modules/npm/bin/npm-cli.js
0 verbose cli /usr/local/bin/node /usr/local/lib/node_modules/npm/bin/npm-cli.js
1 info using npm@10.9.2
1 info using npm@10.9.2
2 info using node@v22.17.1
2 info using node@v22.17.1
3 silly config load:file:/usr/local/lib/node_modules/npm/npmrc
3 silly config load:file:/usr/local/lib/node_modules/npm/npmrc
4 silly config load:file:/Users/mohammad/Projects/OIAC2/.npmrc
4 silly config load:file:/Users/mohammad/Projects/OIAC2/.npmrc
5 silly config load:file:/Users/mohammad/.npmrc
5 silly config load:file:/Users/mohammad/.npmrc
6 silly config load:file:/usr/local/etc/npmrc
6 silly config load:file:/usr/local/etc/npmrc
7 verbose title npm exec @modelcontextprotocol/server-brave-search
7 verbose title npm exec @modelcontextprotocol/server-brave-search
8 verbose argv "exec" "--yes" "--" "@modelcontextprotocol/server-brave-search"
8 verbose argv "exec" "--yes" "--" "@modelcontextprotocol/server-brave-search"
9 verbose logfile logs-max:10 dir:/Users/mohammad/Projects/OIAC2/.npm-cache/_logs/2025-11-01T01_35_13_338Z-
10 verbose logfile /Users/mohammad/Projects/OIAC2/.npm-cache/_logs/2025-11-01T01_35_13_338Z-debug-0.log
9 verbose logfile logs-max:10 dir:/Users/mohammad/Projects/OIAC2/.npm-cache/_logs/2025-11-01T01_35_13_338Z-
10 verbose logfile /Users/mohammad/Projects/OIAC2/.npm-cache/_logs/2025-11-01T01_35_13_338Z-debug-0.log
11 silly logfile start cleaning logs, removing 1 files
11 silly logfile start cleaning logs, removing 1 files
12 silly logfile done cleaning log files
12 silly logfile done cleaning log files
13 silly packumentCache heap:4345298944 maxSize:1086324736 maxEntrySize:543162368
13 silly packumentCache heap:4345298944 maxSize:1086324736 maxEntrySize:543162368
14 verbose shrinkwrap failed to load node_modules/.package-lock.json out of date, updated: node_modules
14 verbose shrinkwrap failed to load node_modules/.package-lock.json out of date, updated: node_modules
15 http fetch GET 200 https://registry.npmjs.org/@modelcontextprotocol%2fserver-brave-search 602ms (cache revalidated)
15 http fetch GET 200 https://registry.npmjs.org/@modelcontextprotocol%2fserver-brave-search 604ms (cache revalidated)
16 silly packumentCache heap:4345298944 maxSize:1086324736 maxEntrySize:543162368
16 silly packumentCache heap:4345298944 maxSize:1086324736 maxEntrySize:543162368
17 silly packumentCache heap:4345298944 maxSize:1086324736 maxEntrySize:543162368
17 silly packumentCache heap:4345298944 maxSize:1086324736 maxEntrySize:543162368
