0 verbose cli /usr/local/bin/node /usr/local/bin/npm
1 info using npm@10.9.2
2 info using node@v22.17.1
3 silly config load:file:/usr/local/lib/node_modules/npm/npmrc
4 silly config load:file:/Users/mohammad/Projects/OIAC2/.npmrc
5 silly config load:file:/Users/mohammad/.npmrc
6 silly config load:file:/usr/local/etc/npmrc
7 verbose title npm uninstall @vercel/postgres
8 verbose argv "uninstall" "@vercel/postgres"
9 verbose logfile logs-max:10 dir:/Users/mohammad/Projects/OIAC2/.npm-cache/_logs/2025-12-11T00_46_06_558Z-
10 verbose logfile /Users/mohammad/Projects/OIAC2/.npm-cache/_logs/2025-12-11T00_46_06_558Z-debug-0.log
11 silly logfile start cleaning logs, removing 1 files
12 silly packumentCache heap:4345298944 maxSize:1086324736 maxEntrySize:543162368
13 silly logfile done cleaning log files
14 silly idealTree buildDeps
15 silly fetch manifest prettier@^3.0.0
16 silly packumentCache full:https://registry.npmjs.org/prettier cache-miss
17 http cache https://registry.npmjs.org/prettier 73ms (cache hit)
18 silly packumentCache full:https://registry.npmjs.org/prettier set size:642387 disposed:false
19 silly placeDep ROOT prettier@3.7.4 REPLACE for: @astrojs/language-server@2.15.4 want: ^3.0.0
20 silly fetch manifest ajv@^8.0.1
21 silly packumentCache full:https://registry.npmjs.org/ajv cache-miss
22 http cache https://registry.npmjs.org/ajv 4ms (cache hit)
23 silly packumentCache full:https://registry.npmjs.org/ajv set size:1126055 disposed:false
24 silly placeDep ROOT ajv@8.17.1 REPLACE for: ajv-errors@3.0.0 want: ^8.0.1
25 silly fetch manifest json-schema-traverse@^1.0.0
26 silly packumentCache full:https://registry.npmjs.org/json-schema-traverse cache-miss
27 http cache https://registry.npmjs.org/json-schema-traverse 2ms (cache hit)
28 silly packumentCache full:https://registry.npmjs.org/json-schema-traverse set size:23537 disposed:false
29 silly fetch manifest ajv@^6.12.3
30 silly packumentCache full:https://registry.npmjs.org/ajv cache-miss
31 http cache https://registry.npmjs.org/ajv 1ms (cache hit)
32 silly packumentCache full:https://registry.npmjs.org/ajv set size:1126055 disposed:false
33 silly placeDep node_modules/@vercel/routing-utils ajv@6.12.6 OK for: @vercel/routing-utils@5.1.1 want: ^6.12.3
34 silly fetch manifest uri-js@^4.2.2
35 silly packumentCache full:https://registry.npmjs.org/uri-js cache-miss
36 silly fetch manifest json-schema-traverse@^0.4.1
37 silly packumentCache full:https://registry.npmjs.org/json-schema-traverse cache-hit
38 http cache https://registry.npmjs.org/uri-js 1ms (cache hit)
39 silly packumentCache full:https://registry.npmjs.org/uri-js set size:42559 disposed:false
40 silly placeDep ROOT json-schema-traverse@1.0.0 OK for: ajv@8.17.1 want: ^1.0.0
41 silly fetch manifest graphql@^0.11.0 || ^0.12.0 || ^0.13.0 || ^14.0.0 || ^15.0.0
42 silly packumentCache full:https://registry.npmjs.org/graphql cache-miss
43 http cache https://registry.npmjs.org/graphql 2ms (cache hit)
44 silly packumentCache full:https://registry.npmjs.org/graphql set size:800855 disposed:false
45 warn ERESOLVE overriding peer dependency {
45 warn ERESOLVE   code: 'ERESOLVE',
45 warn ERESOLVE   edge: {
45 warn ERESOLVE     type: 'peer',
45 warn ERESOLVE     name: 'graphql',
45 warn ERESOLVE     spec: '^0.11.0 || ^0.12.0 || ^0.13.0 || ^14.0.0 || ^15.0.0',
45 warn ERESOLVE     error: 'INVALID',
45 warn ERESOLVE     from: {
45 warn ERESOLVE       name: 'apollo-cache',
45 warn ERESOLVE       version: '1.3.5',
45 warn ERESOLVE       location: 'node_modules/apollo-cache',
45 warn ERESOLVE       isWorkspace: false,
45 warn ERESOLVE       dependents: [Array]
45 warn ERESOLVE     }
45 warn ERESOLVE   },
45 warn ERESOLVE   dep: {
45 warn ERESOLVE     name: 'graphql',
45 warn ERESOLVE     version: '15.10.1',
45 warn ERESOLVE     whileInstalling: {
45 warn ERESOLVE       name: 'apollo-cache',
45 warn ERESOLVE       version: '1.3.5',
45 warn ERESOLVE       path: '/Users/mohammad/Projects/OIAC2/node_modules/apollo-cache'
45 warn ERESOLVE     },
45 warn ERESOLVE     location: 'node_modules/graphql',
45 warn ERESOLVE     isWorkspace: false,
45 warn ERESOLVE     dependents: [ [Object] ]
45 warn ERESOLVE   },
45 warn ERESOLVE   force: false,
45 warn ERESOLVE   isMine: false,
45 warn ERESOLVE   strictPeerDeps: false,
45 warn ERESOLVE   current: {
45 warn ERESOLVE     name: 'graphql',
45 warn ERESOLVE     version: '16.11.0',
45 warn ERESOLVE     location: 'node_modules/graphql',
45 warn ERESOLVE     isWorkspace: false,
45 warn ERESOLVE     dependents: [ [Object], [Object], [Object], [Object] ]
45 warn ERESOLVE   },
45 warn ERESOLVE   peerConflict: {
45 warn ERESOLVE     current: {
45 warn ERESOLVE       name: 'graphql',
45 warn ERESOLVE       version: '16.11.0',
45 warn ERESOLVE       location: 'node_modules/graphql',
45 warn ERESOLVE       isWorkspace: false,
45 warn ERESOLVE       dependents: [Array]
45 warn ERESOLVE     },
45 warn ERESOLVE     peer: {
45 warn ERESOLVE       name: 'graphql',
45 warn ERESOLVE       version: '15.10.1',
45 warn ERESOLVE       whileInstalling: [Object],
45 warn ERESOLVE       location: 'node_modules/graphql',
45 warn ERESOLVE       isWorkspace: false,
45 warn ERESOLVE       dependents: [Array]
45 warn ERESOLVE     }
45 warn ERESOLVE   }
45 warn ERESOLVE }
46 warn ERESOLVE overriding peer dependency {
46 warn ERESOLVE   code: 'ERESOLVE',
46 warn ERESOLVE   edge: {
46 warn ERESOLVE     type: 'peer',
46 warn ERESOLVE     name: 'graphql',
46 warn ERESOLVE     spec: '^0.11.0 || ^0.12.0 || ^0.13.0 || ^14.0.0 || ^15.0.0',
46 warn ERESOLVE     error: 'INVALID',
46 warn ERESOLVE     from: {
46 warn ERESOLVE       name: 'apollo-cache-inmemory',
46 warn ERESOLVE       version: '1.6.6',
46 warn ERESOLVE       location: 'node_modules/apollo-cache-inmemory',
46 warn ERESOLVE       isWorkspace: false,
46 warn ERESOLVE       dependents: [Array]
46 warn ERESOLVE     }
46 warn ERESOLVE   },
46 warn ERESOLVE   dep: {
46 warn ERESOLVE     name: 'graphql',
46 warn ERESOLVE     version: '15.10.1',
46 warn ERESOLVE     whileInstalling: {
46 warn ERESOLVE       name: 'apollo-cache-inmemory',
46 warn ERESOLVE       version: '1.6.6',
46 warn ERESOLVE       path: '/Users/mohammad/Projects/OIAC2/node_modules/apollo-cache-inmemory'
46 warn ERESOLVE     },
46 warn ERESOLVE     location: 'node_modules/graphql',
46 warn ERESOLVE     isWorkspace: false,
46 warn ERESOLVE     dependents: [ [Object] ]
46 warn ERESOLVE   },
46 warn ERESOLVE   force: false,
46 warn ERESOLVE   isMine: false,
46 warn ERESOLVE   strictPeerDeps: false,
46 warn ERESOLVE   current: {
46 warn ERESOLVE     name: 'graphql',
46 warn ERESOLVE     version: '16.11.0',
46 warn ERESOLVE     location: 'node_modules/graphql',
46 warn ERESOLVE     isWorkspace: false,
46 warn ERESOLVE     dependents: [ [Object], [Object], [Object], [Object] ]
46 warn ERESOLVE   },
46 warn ERESOLVE   peerConflict: {
46 warn ERESOLVE     current: {
46 warn ERESOLVE       name: 'graphql',
46 warn ERESOLVE       version: '16.11.0',
46 warn ERESOLVE       location: 'node_modules/graphql',
46 warn ERESOLVE       isWorkspace: false,
46 warn ERESOLVE       dependents: [Array]
46 warn ERESOLVE     },
46 warn ERESOLVE     peer: {
46 warn ERESOLVE       name: 'graphql',
46 warn ERESOLVE       version: '15.10.1',
46 warn ERESOLVE       whileInstalling: [Object],
46 warn ERESOLVE       location: 'node_modules/graphql',
46 warn ERESOLVE       isWorkspace: false,
46 warn ERESOLVE       dependents: [Array]
46 warn ERESOLVE     }
46 warn ERESOLVE   }
46 warn ERESOLVE }
47 warn ERESOLVE overriding peer dependency {
47 warn ERESOLVE   code: 'ERESOLVE',
47 warn ERESOLVE   edge: {
47 warn ERESOLVE     type: 'peer',
47 warn ERESOLVE     name: 'graphql',
47 warn ERESOLVE     spec: '^0.11.0 || ^0.12.0 || ^0.13.0 || ^14.0.0 || ^15.0.0',
47 warn ERESOLVE     error: 'INVALID',
47 warn ERESOLVE     from: {
47 warn ERESOLVE       name: 'apollo-client',
47 warn ERESOLVE       version: '2.6.10',
47 warn ERESOLVE       location: 'node_modules/apollo-client',
47 warn ERESOLVE       isWorkspace: false,
47 warn ERESOLVE       dependents: [Array]
47 warn ERESOLVE     }
47 warn ERESOLVE   },
47 warn ERESOLVE   dep: {
47 warn ERESOLVE     name: 'graphql',
47 warn ERESOLVE     version: '15.10.1',
47 warn ERESOLVE     whileInstalling: {
47 warn ERESOLVE       name: 'apollo-client',
47 warn ERESOLVE       version: '2.6.10',
47 warn ERESOLVE       path: '/Users/mohammad/Projects/OIAC2/node_modules/apollo-client'
47 warn ERESOLVE     },
47 warn ERESOLVE     location: 'node_modules/graphql',
47 warn ERESOLVE     isWorkspace: false,
47 warn ERESOLVE     dependents: [ [Object] ]
47 warn ERESOLVE   },
47 warn ERESOLVE   force: false,
47 warn ERESOLVE   isMine: false,
47 warn ERESOLVE   strictPeerDeps: false,
47 warn ERESOLVE   current: {
47 warn ERESOLVE     name: 'graphql',
47 warn ERESOLVE     version: '16.11.0',
47 warn ERESOLVE     location: 'node_modules/graphql',
47 warn ERESOLVE     isWorkspace: false,
47 warn ERESOLVE     dependents: [ [Object], [Object], [Object], [Object] ]
47 warn ERESOLVE   },
47 warn ERESOLVE   peerConflict: {
47 warn ERESOLVE     current: {
47 warn ERESOLVE       name: 'graphql',
47 warn ERESOLVE       version: '16.11.0',
47 warn ERESOLVE       location: 'node_modules/graphql',
47 warn ERESOLVE       isWorkspace: false,
47 warn ERESOLVE       dependents: [Array]
47 warn ERESOLVE     },
47 warn ERESOLVE     peer: {
47 warn ERESOLVE       name: 'graphql',
47 warn ERESOLVE       version: '15.10.1',
47 warn ERESOLVE       whileInstalling: [Object],
47 warn ERESOLVE       location: 'node_modules/graphql',
47 warn ERESOLVE       isWorkspace: false,
47 warn ERESOLVE       dependents: [Array]
47 warn ERESOLVE     }
47 warn ERESOLVE   }
47 warn ERESOLVE }
48 silly fetch manifest graphql@^0.11.3 || ^0.12.3 || ^0.13.0 || ^14.0.0 || ^15.0.0
49 silly packumentCache full:https://registry.npmjs.org/graphql cache-hit
50 warn ERESOLVE overriding peer dependency {
50 warn ERESOLVE   code: 'ERESOLVE',
50 warn ERESOLVE   edge: {
50 warn ERESOLVE     type: 'peer',
50 warn ERESOLVE     name: 'graphql',
50 warn ERESOLVE     spec: '^0.11.3 || ^0.12.3 || ^0.13.0 || ^14.0.0 || ^15.0.0',
50 warn ERESOLVE     error: 'INVALID',
50 warn ERESOLVE     from: {
50 warn ERESOLVE       name: 'apollo-link',
50 warn ERESOLVE       version: '1.2.14',
50 warn ERESOLVE       location: 'node_modules/apollo-link',
50 warn ERESOLVE       isWorkspace: false,
50 warn ERESOLVE       dependents: [Array]
50 warn ERESOLVE     }
50 warn ERESOLVE   },
50 warn ERESOLVE   dep: {
50 warn ERESOLVE     name: 'graphql',
50 warn ERESOLVE     version: '15.10.1',
50 warn ERESOLVE     whileInstalling: {
50 warn ERESOLVE       name: 'apollo-link',
50 warn ERESOLVE       version: '1.2.14',
50 warn ERESOLVE       path: '/Users/mohammad/Projects/OIAC2/node_modules/apollo-link'
50 warn ERESOLVE     },
50 warn ERESOLVE     location: 'node_modules/graphql',
50 warn ERESOLVE     isWorkspace: false,
50 warn ERESOLVE     dependents: [ [Object] ]
50 warn ERESOLVE   },
50 warn ERESOLVE   force: false,
50 warn ERESOLVE   isMine: false,
50 warn ERESOLVE   strictPeerDeps: false,
50 warn ERESOLVE   current: {
50 warn ERESOLVE     name: 'graphql',
50 warn ERESOLVE     version: '16.11.0',
50 warn ERESOLVE     location: 'node_modules/graphql',
50 warn ERESOLVE     isWorkspace: false,
50 warn ERESOLVE     dependents: [ [Object], [Object], [Object], [Object] ]
50 warn ERESOLVE   },
50 warn ERESOLVE   peerConflict: {
50 warn ERESOLVE     current: {
50 warn ERESOLVE       name: 'graphql',
50 warn ERESOLVE       version: '16.11.0',
50 warn ERESOLVE       location: 'node_modules/graphql',
50 warn ERESOLVE       isWorkspace: false,
50 warn ERESOLVE       dependents: [Array]
50 warn ERESOLVE     },
50 warn ERESOLVE     peer: {
50 warn ERESOLVE       name: 'graphql',
50 warn ERESOLVE       version: '15.10.1',
50 warn ERESOLVE       whileInstalling: [Object],
50 warn ERESOLVE       location: 'node_modules/graphql',
50 warn ERESOLVE       isWorkspace: false,
50 warn ERESOLVE       dependents: [Array]
50 warn ERESOLVE     }
50 warn ERESOLVE   }
50 warn ERESOLVE }
51 warn ERESOLVE overriding peer dependency {
51 warn ERESOLVE   code: 'ERESOLVE',
51 warn ERESOLVE   edge: {
51 warn ERESOLVE     type: 'peer',
51 warn ERESOLVE     name: 'graphql',
51 warn ERESOLVE     spec: '^0.11.0 || ^0.12.0 || ^0.13.0 || ^14.0.0 || ^15.0.0',
51 warn ERESOLVE     error: 'INVALID',
51 warn ERESOLVE     from: {
51 warn ERESOLVE       name: 'apollo-link-http',
51 warn ERESOLVE       version: '1.5.17',
51 warn ERESOLVE       location: 'node_modules/apollo-link-http',
51 warn ERESOLVE       isWorkspace: false,
51 warn ERESOLVE       dependents: [Array]
51 warn ERESOLVE     }
51 warn ERESOLVE   },
51 warn ERESOLVE   dep: {
51 warn ERESOLVE     name: 'graphql',
51 warn ERESOLVE     version: '15.10.1',
51 warn ERESOLVE     whileInstalling: {
51 warn ERESOLVE       name: 'apollo-link-http',
51 warn ERESOLVE       version: '1.5.17',
51 warn ERESOLVE       path: '/Users/mohammad/Projects/OIAC2/node_modules/apollo-link-http'
51 warn ERESOLVE     },
51 warn ERESOLVE     location: 'node_modules/graphql',
51 warn ERESOLVE     isWorkspace: false,
51 warn ERESOLVE     dependents: [ [Object] ]
51 warn ERESOLVE   },
51 warn ERESOLVE   force: false,
51 warn ERESOLVE   isMine: false,
51 warn ERESOLVE   strictPeerDeps: false,
51 warn ERESOLVE   current: {
51 warn ERESOLVE     name: 'graphql',
51 warn ERESOLVE     version: '16.11.0',
51 warn ERESOLVE     location: 'node_modules/graphql',
51 warn ERESOLVE     isWorkspace: false,
51 warn ERESOLVE     dependents: [ [Object], [Object], [Object], [Object] ]
51 warn ERESOLVE   },
51 warn ERESOLVE   peerConflict: {
51 warn ERESOLVE     current: {
51 warn ERESOLVE       name: 'graphql',
51 warn ERESOLVE       version: '16.11.0',
51 warn ERESOLVE       location: 'node_modules/graphql',
51 warn ERESOLVE       isWorkspace: false,
51 warn ERESOLVE       dependents: [Array]
51 warn ERESOLVE     },
51 warn ERESOLVE     peer: {
51 warn ERESOLVE       name: 'graphql',
51 warn ERESOLVE       version: '15.10.1',
51 warn ERESOLVE       whileInstalling: [Object],
51 warn ERESOLVE       location: 'node_modules/graphql',
51 warn ERESOLVE       isWorkspace: false,
51 warn ERESOLVE       dependents: [Array]
51 warn ERESOLVE     }
51 warn ERESOLVE   }
51 warn ERESOLVE }
52 warn ERESOLVE overriding peer dependency {
52 warn ERESOLVE   code: 'ERESOLVE',
52 warn ERESOLVE   edge: {
52 warn ERESOLVE     type: 'peer',
52 warn ERESOLVE     name: 'graphql',
52 warn ERESOLVE     spec: '^0.11.0 || ^0.12.0 || ^0.13.0 || ^14.0.0 || ^15.0.0',
52 warn ERESOLVE     error: 'INVALID',
52 warn ERESOLVE     from: {
52 warn ERESOLVE       name: 'apollo-link-http-common',
52 warn ERESOLVE       version: '0.2.16',
52 warn ERESOLVE       location: 'node_modules/apollo-link-http-common',
52 warn ERESOLVE       isWorkspace: false,
52 warn ERESOLVE       dependents: [Array]
52 warn ERESOLVE     }
52 warn ERESOLVE   },
52 warn ERESOLVE   dep: {
52 warn ERESOLVE     name: 'graphql',
52 warn ERESOLVE     version: '15.10.1',
52 warn ERESOLVE     whileInstalling: {
52 warn ERESOLVE       name: 'apollo-link-http-common',
52 warn ERESOLVE       version: '0.2.16',
52 warn ERESOLVE       path: '/Users/mohammad/Projects/OIAC2/node_modules/apollo-link-http-common'
52 warn ERESOLVE     },
52 warn ERESOLVE     location: 'node_modules/graphql',
52 warn ERESOLVE     isWorkspace: false,
52 warn ERESOLVE     dependents: [ [Object] ]
52 warn ERESOLVE   },
52 warn ERESOLVE   force: false,
52 warn ERESOLVE   isMine: false,
52 warn ERESOLVE   strictPeerDeps: false,
52 warn ERESOLVE   current: {
52 warn ERESOLVE     name: 'graphql',
52 warn ERESOLVE     version: '16.11.0',
52 warn ERESOLVE     location: 'node_modules/graphql',
52 warn ERESOLVE     isWorkspace: false,
52 warn ERESOLVE     dependents: [ [Object], [Object], [Object], [Object] ]
52 warn ERESOLVE   },
52 warn ERESOLVE   peerConflict: {
52 warn ERESOLVE     current: {
52 warn ERESOLVE       name: 'graphql',
52 warn ERESOLVE       version: '16.11.0',
52 warn ERESOLVE       location: 'node_modules/graphql',
52 warn ERESOLVE       isWorkspace: false,
52 warn ERESOLVE       dependents: [Array]
52 warn ERESOLVE     },
52 warn ERESOLVE     peer: {
52 warn ERESOLVE       name: 'graphql',
52 warn ERESOLVE       version: '15.10.1',
52 warn ERESOLVE       whileInstalling: [Object],
52 warn ERESOLVE       location: 'node_modules/graphql',
52 warn ERESOLVE       isWorkspace: false,
52 warn ERESOLVE       dependents: [Array]
52 warn ERESOLVE     }
52 warn ERESOLVE   }
52 warn ERESOLVE }
53 warn ERESOLVE overriding peer dependency {
53 warn ERESOLVE   code: 'ERESOLVE',
53 warn ERESOLVE   edge: {
53 warn ERESOLVE     type: 'peer',
53 warn ERESOLVE     name: 'graphql',
53 warn ERESOLVE     spec: '^0.11.0 || ^0.12.0 || ^0.13.0 || ^14.0.0 || ^15.0.0',
53 warn ERESOLVE     error: 'INVALID',
53 warn ERESOLVE     from: {
53 warn ERESOLVE       name: 'apollo-utilities',
53 warn ERESOLVE       version: '1.3.4',
53 warn ERESOLVE       location: 'node_modules/apollo-utilities',
53 warn ERESOLVE       isWorkspace: false,
53 warn ERESOLVE       dependents: [Array]
53 warn ERESOLVE     }
53 warn ERESOLVE   },
53 warn ERESOLVE   dep: {
53 warn ERESOLVE     name: 'graphql',
53 warn ERESOLVE     version: '15.10.1',
53 warn ERESOLVE     whileInstalling: {
53 warn ERESOLVE       name: 'apollo-utilities',
53 warn ERESOLVE       version: '1.3.4',
53 warn ERESOLVE       path: '/Users/mohammad/Projects/OIAC2/node_modules/apollo-utilities'
53 warn ERESOLVE     },
53 warn ERESOLVE     location: 'node_modules/graphql',
53 warn ERESOLVE     isWorkspace: false,
53 warn ERESOLVE     dependents: [ [Object] ]
53 warn ERESOLVE   },
53 warn ERESOLVE   force: false,
53 warn ERESOLVE   isMine: false,
53 warn ERESOLVE   strictPeerDeps: false,
53 warn ERESOLVE   current: {
53 warn ERESOLVE     name: 'graphql',
53 warn ERESOLVE     version: '16.11.0',
53 warn ERESOLVE     location: 'node_modules/graphql',
53 warn ERESOLVE     isWorkspace: false,
53 warn ERESOLVE     dependents: [ [Object], [Object], [Object], [Object] ]
53 warn ERESOLVE   },
53 warn ERESOLVE   peerConflict: {
53 warn ERESOLVE     current: {
53 warn ERESOLVE       name: 'graphql',
53 warn ERESOLVE       version: '16.11.0',
53 warn ERESOLVE       location: 'node_modules/graphql',
53 warn ERESOLVE       isWorkspace: false,
53 warn ERESOLVE       dependents: [Array]
53 warn ERESOLVE     },
53 warn ERESOLVE     peer: {
53 warn ERESOLVE       name: 'graphql',
53 warn ERESOLVE       version: '15.10.1',
53 warn ERESOLVE       whileInstalling: [Object],
53 warn ERESOLVE       location: 'node_modules/graphql',
53 warn ERESOLVE       isWorkspace: false,
53 warn ERESOLVE       dependents: [Array]
53 warn ERESOLVE     }
53 warn ERESOLVE   }
53 warn ERESOLVE }
54 silly fetch manifest react@^19.1.0
55 silly packumentCache full:https://registry.npmjs.org/react cache-miss
56 http cache https://registry.npmjs.org/react 8ms (cache hit)
57 silly packumentCache full:https://registry.npmjs.org/react set size:6320654 disposed:false
58 silly fetch manifest react-dom@^19.1.0
59 silly packumentCache full:https://registry.npmjs.org/react-dom cache-miss
60 http cache https://registry.npmjs.org/react-dom 15ms (cache hit)
61 silly packumentCache full:https://registry.npmjs.org/react-dom set size:8303213 disposed:false
62 verbose stack Error: could not resolve
62 verbose stack     at PlaceDep.failPeerConflict (/usr/local/lib/node_modules/npm/node_modules/@npmcli/arborist/lib/place-dep.js:503:25)
62 verbose stack     at new PlaceDep (/usr/local/lib/node_modules/npm/node_modules/@npmcli/arborist/lib/place-dep.js:157:21)
62 verbose stack     at #buildDepStep (/usr/local/lib/node_modules/npm/node_modules/@npmcli/arborist/lib/arborist/build-ideal-tree.js:920:18)
62 verbose stack     at async Arborist.buildIdealTree (/usr/local/lib/node_modules/npm/node_modules/@npmcli/arborist/lib/arborist/build-ideal-tree.js:181:7)
62 verbose stack     at async Promise.all (index 1)
62 verbose stack     at async Arborist.reify (/usr/local/lib/node_modules/npm/node_modules/@npmcli/arborist/lib/arborist/reify.js:131:5)
62 verbose stack     at async Uninstall.exec (/usr/local/lib/node_modules/npm/lib/commands/uninstall.js:51:5)
62 verbose stack     at async Npm.exec (/usr/local/lib/node_modules/npm/lib/npm.js:207:9)
62 verbose stack     at async module.exports (/usr/local/lib/node_modules/npm/lib/cli/entry.js:74:5)
63 error code ERESOLVE
64 error ERESOLVE could not resolve
65 error
66 error While resolving: decap-cms-app@3.9.0
66 error Found: react@18.3.1
66 error node_modules/react
66 error   peerOptional react@"^16.8.0 || ^17.0.0 || ^18.0.0 || >=19.0.0-rc" from @apollo/client@3.14.0
66 error   node_modules/@apollo/client
66 error     @apollo/client@"^3.8.7" from the root project
66 error   peer react@"^17.0.2 || ^18.0.0 || ^19.0.0" from @astrojs/react@4.3.1
66 error   node_modules/@astrojs/react
66 error     @astrojs/react@"^4.3.1" from the root project
66 error   36 more (@dnd-kit/accessibility, @dnd-kit/core, ...)
66 error
66 error Could not resolve dependency:
66 error peer react@"^19.1.0" from decap-cms-app@3.9.0
66 error node_modules/decap-cms-app
66 error   decap-cms-app@"^3.9.0" from the root project
66 error
66 error Conflicting peer dependency: react@19.2.1
66 error node_modules/react
66 error   peer react@"^19.1.0" from decap-cms-app@3.9.0
66 error   node_modules/decap-cms-app
66 error     decap-cms-app@"^3.9.0" from the root project
66 error
66 error Fix the upstream dependency conflict, or retry
66 error this command with --force or --legacy-peer-deps
66 error to accept an incorrect (and potentially broken) dependency resolution.
67 error
67 error
67 error For a full report see:
67 error /Users/mohammad/Projects/OIAC2/.npm-cache/_logs/2025-12-11T00_46_06_558Z-eresolve-report.txt
68 silly unfinished npm timer reify 1765413966753
69 silly unfinished npm timer reify:loadTrees 1765413966755
70 silly unfinished npm timer idealTree:buildDeps 1765413966873
71 silly unfinished npm timer idealTree:node_modules/decap-cms-app 1765413966992
72 verbose cwd /Users/mohammad/Projects/OIAC2
73 verbose os Darwin 25.1.0
74 verbose node v22.17.1
75 verbose npm  v10.9.2
76 verbose exit 1
77 verbose code 1
78 error A complete log of this run can be found in: /Users/mohammad/Projects/OIAC2/.npm-cache/_logs/2025-12-11T00_46_06_558Z-debug-0.log
