0 verbose cli /usr/local/bin/node /usr/local/lib/node_modules/npm/bin/npm-cli.js
1 info using npm@10.9.2
2 info using node@v22.17.1
3 silly config load:file:/usr/local/lib/node_modules/npm/npmrc
4 silly config load:file:/Users/mohammad/Projects/OIAC2/.npmrc
5 silly config load:file:/Users/mohammad/.npmrc
6 silly config load:file:/usr/local/etc/npmrc
7 verbose title npm exec @modelcontextprotocol/server-sqlite /Users/mohammad/Projects/alfaruq-new-gm/prisma/dev.db
8 verbose argv "exec" "--yes" "--" "@modelcontextprotocol/server-sqlite" "/Users/mohammad/Projects/alfaruq-new-gm/prisma/dev.db"
9 verbose logfile logs-max:10 dir:/Users/mohammad/Projects/OIAC2/.npm-cache/_logs/2025-12-11T01_14_15_339Z-
10 verbose logfile /Users/mohammad/Projects/OIAC2/.npm-cache/_logs/2025-12-11T01_14_15_339Z-debug-0.log
11 silly logfile start cleaning logs, removing 2 files
12 silly logfile done cleaning log files
13 silly packumentCache heap:4345298944 maxSize:1086324736 maxEntrySize:543162368
14 notice Access token expired or revoked. Please try logging in again.
15 http fetch GET 404 https://registry.npmjs.org/@modelcontextprotocol%2fserver-sqlite 198ms (cache skip)
16 notice Access token expired or revoked. Please try logging in again.
17 http fetch GET 404 https://registry.npmjs.org/@modelcontextprotocol%2fserver-sqlite 143ms (cache skip)
18 verbose stack HttpErrorGeneral: 404 Not Found - GET https://registry.npmjs.org/@modelcontextprotocol%2fserver-sqlite - Not found
18 verbose stack     at /usr/local/lib/node_modules/npm/node_modules/npm-registry-fetch/lib/check-response.js:103:15
18 verbose stack     at process.processTicksAndRejections (node:internal/process/task_queues:105:5)
18 verbose stack     at async RegistryFetcher.packument (/usr/local/lib/node_modules/npm/node_modules/pacote/lib/registry.js:90:19)
18 verbose stack     at async RegistryFetcher.manifest (/usr/local/lib/node_modules/npm/node_modules/pacote/lib/registry.js:128:23)
18 verbose stack     at async getManifest (/usr/local/lib/node_modules/npm/node_modules/libnpmexec/lib/index.js:27:22)
18 verbose stack     at async missingFromTree (/usr/local/lib/node_modules/npm/node_modules/libnpmexec/lib/index.js:60:22)
18 verbose stack     at async /usr/local/lib/node_modules/npm/node_modules/libnpmexec/lib/index.js:182:32
18 verbose stack     at async Promise.all (index 0)
18 verbose stack     at async exec (/usr/local/lib/node_modules/npm/node_modules/libnpmexec/lib/index.js:180:3)
18 verbose stack     at async Npm.exec (/usr/local/lib/node_modules/npm/lib/npm.js:207:9)
19 verbose statusCode 404
20 verbose pkgid @modelcontextprotocol/server-sqlite@*
21 error code E404
22 error 404 Not Found - GET https://registry.npmjs.org/@modelcontextprotocol%2fserver-sqlite - Not found
23 error 404
24 error 404  '@modelcontextprotocol/server-sqlite@*' is not in this registry.
25 error 404
26 error 404 Note that you can also install from a
27 error 404 tarball, folder, http url, or git url.
28 verbose cwd /Users/mohammad/Projects/OIAC2
29 verbose os Darwin 25.1.0
30 verbose node v22.17.1
31 verbose npm  v10.9.2
32 verbose exit 1
33 verbose code 1
34 error A complete log of this run can be found in: /Users/mohammad/Projects/OIAC2/.npm-cache/_logs/2025-12-11T01_14_15_339Z-debug-0.log
