0 verbose cli /usr/local/bin/node /usr/local/lib/node_modules/npm/bin/npm-cli.js
0 verbose cli /usr/local/bin/node /usr/local/lib/node_modules/npm/bin/npm-cli.js
1 info using npm@10.9.2
2 info using node@v22.17.1
3 silly config load:file:/usr/local/lib/node_modules/npm/npmrc
4 silly config load:file:/Users/mohammad/Projects/OIAC2/.npmrc
5 silly config load:file:/Users/mohammad/.npmrc
6 silly config load:file:/usr/local/etc/npmrc
7 verbose title npm exec @modelcontextprotocol/server-filesystem /Users/mohammad/Projects
8 verbose argv "exec" "--yes" "--" "@modelcontextprotocol/server-filesystem" "/Users/mohammad/Projects"
9 verbose logfile logs-max:10 dir:/Users/mohammad/Projects/OIAC2/.npm-cache/_logs/2025-12-10T03_23_09_677Z-
1 info using npm@10.9.2
2 info using node@v22.17.1
3 silly config load:file:/usr/local/lib/node_modules/npm/npmrc
4 silly config load:file:/Users/mohammad/Projects/OIAC2/.npmrc
5 silly config load:file:/Users/mohammad/.npmrc
6 silly config load:file:/usr/local/etc/npmrc
7 verbose title npm exec @modelcontextprotocol/server-sqlite /Users/mohammad/Projects/alfaruq-new-gm/prisma/dev.db
8 verbose argv "exec" "--yes" "--" "@modelcontextprotocol/server-sqlite" "/Users/mohammad/Projects/alfaruq-new-gm/prisma/dev.db"
9 verbose logfile logs-max:10 dir:/Users/mohammad/Projects/OIAC2/.npm-cache/_logs/2025-12-10T03_23_09_677Z-
10 verbose logfile /Users/mohammad/Projects/OIAC2/.npm-cache/_logs/2025-12-10T03_23_09_677Z-debug-0.log
10 verbose logfile /Users/mohammad/Projects/OIAC2/.npm-cache/_logs/2025-12-10T03_23_09_677Z-debug-0.log
11 silly logfile start cleaning logs, removing 2 files
11 silly logfile start cleaning logs, removing 2 files
12 silly logfile done cleaning log files
12 silly logfile done cleaning log files
13 silly packumentCache heap:4345298944 maxSize:1086324736 maxEntrySize:543162368
13 silly packumentCache heap:4345298944 maxSize:1086324736 maxEntrySize:543162368
14 verbose shrinkwrap failed to load node_modules/.package-lock.json out of date, updated: node_modules
14 verbose shrinkwrap failed to load node_modules/.package-lock.json out of date, updated: node_modules
15 notice Access token expired or revoked. Please try logging in again.
16 http fetch GET 404 https://registry.npmjs.org/@modelcontextprotocol%2fserver-sqlite 129ms (cache skip)
17 notice Access token expired or revoked. Please try logging in again.
18 http fetch GET 404 https://registry.npmjs.org/@modelcontextprotocol%2fserver-sqlite 44ms (cache skip)
19 verbose stack HttpErrorGeneral: 404 Not Found - GET https://registry.npmjs.org/@modelcontextprotocol%2fserver-sqlite - Not found
19 verbose stack     at /usr/local/lib/node_modules/npm/node_modules/npm-registry-fetch/lib/check-response.js:103:15
19 verbose stack     at process.processTicksAndRejections (node:internal/process/task_queues:105:5)
19 verbose stack     at async RegistryFetcher.packument (/usr/local/lib/node_modules/npm/node_modules/pacote/lib/registry.js:90:19)
19 verbose stack     at async RegistryFetcher.manifest (/usr/local/lib/node_modules/npm/node_modules/pacote/lib/registry.js:128:23)
19 verbose stack     at async getManifest (/usr/local/lib/node_modules/npm/node_modules/libnpmexec/lib/index.js:27:22)
19 verbose stack     at async missingFromTree (/usr/local/lib/node_modules/npm/node_modules/libnpmexec/lib/index.js:60:22)
19 verbose stack     at async /usr/local/lib/node_modules/npm/node_modules/libnpmexec/lib/index.js:182:32
19 verbose stack     at async Promise.all (index 0)
19 verbose stack     at async exec (/usr/local/lib/node_modules/npm/node_modules/libnpmexec/lib/index.js:180:3)
19 verbose stack     at async Npm.exec (/usr/local/lib/node_modules/npm/lib/npm.js:207:9)
20 verbose statusCode 404
21 verbose pkgid @modelcontextprotocol/server-sqlite@*
22 error code E404
23 error 404 Not Found - GET https://registry.npmjs.org/@modelcontextprotocol%2fserver-sqlite - Not found
24 error 404
25 error 404  '@modelcontextprotocol/server-sqlite@*' is not in this registry.
26 error 404
27 error 404 Note that you can also install from a
28 error 404 tarball, folder, http url, or git url.
29 verbose cwd /Users/mohammad/Projects/OIAC2
30 verbose os Darwin 25.1.0
31 verbose node v22.17.1
32 verbose npm  v10.9.2
33 verbose exit 1
34 verbose code 1
35 error A complete log of this run can be found in: /Users/mohammad/Projects/OIAC2/.npm-cache/_logs/2025-12-10T03_23_09_677Z-debug-0.log
15 http fetch GET 200 https://registry.npmjs.org/@modelcontextprotocol%2fserver-filesystem 274ms (cache revalidated)
16 silly packumentCache heap:4345298944 maxSize:1086324736 maxEntrySize:543162368
17 silly packumentCache heap:4345298944 maxSize:1086324736 maxEntrySize:543162368
18 verbose shrinkwrap failed to load node_modules/.package-lock.json missing from lockfile: node_modules/fast-json-stable-stringify
19 silly idealTree buildDeps
20 silly fetch manifest @modelcontextprotocol/server-filesystem@2025.11.25
21 silly packumentCache full:https://registry.npmjs.org/@modelcontextprotocol%2fserver-filesystem cache-miss
22 http cache https://registry.npmjs.org/@modelcontextprotocol%2fserver-filesystem 2ms (cache hit)
23 silly packumentCache full:https://registry.npmjs.org/@modelcontextprotocol%2fserver-filesystem set size:41726 disposed:false
24 silly placeDep ROOT @modelcontextprotocol/server-filesystem@2025.11.25 REPLACE for:  want: 2025.11.25
25 silly reify mark retired [
25 silly reify   '/Users/mohammad/Projects/OIAC2/.npm-cache/_npx/a3241bba59c344f5/node_modules/fast-json-stable-stringify'
25 silly reify ]
26 silly reify mark retired [
26 silly reify   '/Users/mohammad/Projects/OIAC2/.npm-cache/_npx/a3241bba59c344f5/node_modules/http-errors/node_modules/statuses'
26 silly reify ]
27 silly reify mark retired [
27 silly reify   '/Users/mohammad/Projects/OIAC2/.npm-cache/_npx/a3241bba59c344f5/node_modules/punycode'
27 silly reify ]
28 silly reify mark retired [
28 silly reify   '/Users/mohammad/Projects/OIAC2/.npm-cache/_npx/a3241bba59c344f5/node_modules/raw-body/node_modules/iconv-lite'
28 silly reify ]
29 silly reify mark retired [
29 silly reify   '/Users/mohammad/Projects/OIAC2/.npm-cache/_npx/a3241bba59c344f5/node_modules/safe-buffer'
29 silly reify ]
30 silly reify mark retired [
30 silly reify   '/Users/mohammad/Projects/OIAC2/.npm-cache/_npx/a3241bba59c344f5/node_modules/uri-js'
30 silly reify ]
31 silly reify moves {
31 silly reify   '/Users/mohammad/Projects/OIAC2/.npm-cache/_npx/a3241bba59c344f5/node_modules/fast-json-stable-stringify': '/Users/mohammad/Projects/OIAC2/.npm-cache/_npx/a3241bba59c344f5/node_modules/.fast-json-stable-stringify-FVg4ckgj',
31 silly reify   '/Users/mohammad/Projects/OIAC2/.npm-cache/_npx/a3241bba59c344f5/node_modules/http-errors/node_modules/statuses': '/Users/mohammad/Projects/OIAC2/.npm-cache/_npx/a3241bba59c344f5/node_modules/http-errors/node_modules/.statuses-ft3AQD9W',
31 silly reify   '/Users/mohammad/Projects/OIAC2/.npm-cache/_npx/a3241bba59c344f5/node_modules/punycode': '/Users/mohammad/Projects/OIAC2/.npm-cache/_npx/a3241bba59c344f5/node_modules/.punycode-umVMex1V',
31 silly reify   '/Users/mohammad/Projects/OIAC2/.npm-cache/_npx/a3241bba59c344f5/node_modules/raw-body/node_modules/iconv-lite': '/Users/mohammad/Projects/OIAC2/.npm-cache/_npx/a3241bba59c344f5/node_modules/raw-body/node_modules/.iconv-lite-XLrj3Eco',
31 silly reify   '/Users/mohammad/Projects/OIAC2/.npm-cache/_npx/a3241bba59c344f5/node_modules/safe-buffer': '/Users/mohammad/Projects/OIAC2/.npm-cache/_npx/a3241bba59c344f5/node_modules/.safe-buffer-0x5BDoCW',
31 silly reify   '/Users/mohammad/Projects/OIAC2/.npm-cache/_npx/a3241bba59c344f5/node_modules/uri-js': '/Users/mohammad/Projects/OIAC2/.npm-cache/_npx/a3241bba59c344f5/node_modules/.uri-js-FM8513us'
31 silly reify }
32 silly audit bulk request {
32 silly audit   '@isaacs/balanced-match': [ '4.0.1' ],
32 silly audit   '@isaacs/brace-expansion': [ '5.0.0' ],
32 silly audit   '@isaacs/cliui': [ '8.0.2' ],
32 silly audit   '@modelcontextprotocol/sdk': [ '1.24.3' ],
32 silly audit   '@pkgjs/parseargs': [ '0.11.0' ],
32 silly audit   accepts: [ '2.0.0' ],
32 silly audit   ajv: [ '8.17.1' ],
32 silly audit   'ajv-formats': [ '3.0.1' ],
32 silly audit   'ansi-regex': [ '6.2.2', '5.0.1' ],
32 silly audit   'ansi-styles': [ '6.2.3', '4.3.0' ],
32 silly audit   'balanced-match': [ '1.0.2' ],
32 silly audit   'body-parser': [ '2.2.1' ],
32 silly audit   'brace-expansion': [ '2.0.2' ],
32 silly audit   bytes: [ '3.1.2' ],
32 silly audit   'call-bind-apply-helpers': [ '1.0.2' ],
32 silly audit   'call-bound': [ '1.0.4' ],
32 silly audit   'color-convert': [ '2.0.1' ],
32 silly audit   'color-name': [ '1.1.4' ],
32 silly audit   'content-disposition': [ '1.0.1' ],
32 silly audit   'content-type': [ '1.0.5' ],
32 silly audit   cookie: [ '0.7.2' ],
32 silly audit   'cookie-signature': [ '1.2.2' ],
32 silly audit   cors: [ '2.8.5' ],
32 silly audit   'cross-spawn': [ '7.0.6' ],
32 silly audit   debug: [ '4.4.3' ],
32 silly audit   depd: [ '2.0.0' ],
32 silly audit   diff: [ '5.2.0' ],
32 silly audit   'dunder-proto': [ '1.0.1' ],
32 silly audit   eastasianwidth: [ '0.2.0' ],
32 silly audit   'ee-first': [ '1.1.1' ],
32 silly audit   'emoji-regex': [ '9.2.2', '8.0.0' ],
32 silly audit   encodeurl: [ '2.0.0' ],
32 silly audit   'es-define-property': [ '1.0.1' ],
32 silly audit   'es-errors': [ '1.3.0' ],
32 silly audit   'es-object-atoms': [ '1.1.1' ],
32 silly audit   'escape-html': [ '1.0.3' ],
32 silly audit   etag: [ '1.8.1' ],
32 silly audit   eventsource: [ '3.0.7' ],
32 silly audit   'eventsource-parser': [ '3.0.6' ],
32 silly audit   express: [ '5.2.1' ],
32 silly audit   'express-rate-limit': [ '7.5.1' ],
32 silly audit   'fast-deep-equal': [ '3.1.3' ],
32 silly audit   'fast-uri': [ '3.1.0' ],
32 silly audit   finalhandler: [ '2.1.1' ],
32 silly audit   'foreground-child': [ '3.3.1' ],
32 silly audit   forwarded: [ '0.2.0' ],
32 silly audit   fresh: [ '2.0.0' ],
32 silly audit   'function-bind': [ '1.1.2' ],
32 silly audit   'get-intrinsic': [ '1.3.0' ],
32 silly audit   'get-proto': [ '1.0.1' ],
32 silly audit   glob: [ '10.4.5' ],
32 silly audit   minimatch: [ '9.0.5', '10.0.3' ],
32 silly audit   gopd: [ '1.2.0' ],
32 silly audit   'has-symbols': [ '1.1.0' ],
32 silly audit   hasown: [ '2.0.2' ],
32 silly audit   'http-errors': [ '2.0.1' ],
32 silly audit   'iconv-lite': [ '0.7.0' ],
32 silly audit   inherits: [ '2.0.4' ],
32 silly audit   'ipaddr.js': [ '1.9.1' ],
32 silly audit   'is-fullwidth-code-point': [ '3.0.0' ],
32 silly audit   'is-promise': [ '4.0.0' ],
32 silly audit   isexe: [ '2.0.0' ],
32 silly audit   jackspeak: [ '3.4.3' ],
32 silly audit   jose: [ '6.1.3' ],
32 silly audit   'json-schema-traverse': [ '1.0.0' ],
32 silly audit   'lru-cache': [ '10.4.3' ],
32 silly audit   'math-intrinsics': [ '1.1.0' ],
32 silly audit   'media-typer': [ '1.1.0' ],
32 silly audit   'merge-descriptors': [ '2.0.0' ],
32 silly audit   'mime-db': [ '1.54.0' ],
32 silly audit   'mime-types': [ '3.0.2' ],
32 silly audit   minipass: [ '7.1.2' ],
32 silly audit   ms: [ '2.1.3' ],
32 silly audit   negotiator: [ '1.0.0' ],
32 silly audit   'object-assign': [ '4.1.1' ],
32 silly audit   'object-inspect': [ '1.13.4' ],
32 silly audit   'on-finished': [ '2.4.1' ],
32 silly audit   once: [ '1.4.0' ],
32 silly audit   'package-json-from-dist': [ '1.0.1' ],
32 silly audit   parseurl: [ '1.3.3' ],
32 silly audit   'path-key': [ '3.1.1' ],
32 silly audit   'path-scurry': [ '1.11.1' ],
32 silly audit   'path-to-regexp': [ '8.3.0' ],
32 silly audit   'pkce-challenge': [ '5.0.1' ],
32 silly audit   'proxy-addr': [ '2.0.7' ],
32 silly audit   qs: [ '6.14.0' ],
32 silly audit   'range-parser': [ '1.2.1' ],
32 silly audit   'raw-body': [ '3.0.2' ],
32 silly audit   'require-from-string': [ '2.0.2' ],
32 silly audit   router: [ '2.2.0' ],
32 silly audit   'safer-buffer': [ '2.1.2' ],
32 silly audit   send: [ '1.2.0' ],
32 silly audit   'serve-static': [ '2.2.0' ],
32 silly audit   setprototypeof: [ '1.2.0' ],
32 silly audit   'shebang-command': [ '2.0.0' ],
32 silly audit   'shebang-regex': [ '3.0.0' ],
32 silly audit   'side-channel': [ '1.1.0' ],
32 silly audit   'side-channel-list': [ '1.0.0' ],
32 silly audit   'side-channel-map': [ '1.0.1' ],
32 silly audit   'side-channel-weakmap': [ '1.0.2' ],
32 silly audit   'signal-exit': [ '4.1.0' ],
32 silly audit   statuses: [ '2.0.2' ],
32 silly audit   'string-width': [ '5.1.2', '4.2.3' ],
32 silly audit   'strip-ansi': [ '6.0.1', '7.1.2' ],
32 silly audit   toidentifier: [ '1.0.1' ],
32 silly audit   'type-is': [ '2.0.1' ],
32 silly audit   unpipe: [ '1.0.0' ],
32 silly audit   vary: [ '1.1.2' ],
32 silly audit   which: [ '2.0.2' ],
32 silly audit   'wrap-ansi': [ '8.1.0', '7.0.0' ],
32 silly audit   wrappy: [ '1.0.2' ],
32 silly audit   zod: [ '4.1.13' ],
32 silly audit   'zod-to-json-schema': [ '3.25.0' ],
32 silly audit   '@modelcontextprotocol/server-filesystem': [ '2025.11.25' ]
32 silly audit }
33 http fetch POST 200 https://registry.npmjs.org/-/npm/v1/security/advisories/bulk 183ms
34 silly audit report {
34 silly audit report   glob: [
34 silly audit report     {
34 silly audit report       id: 1109842,
34 silly audit report       url: 'https://github.com/advisories/GHSA-5j98-mcp5-4vw2',
34 silly audit report       title: 'glob CLI: Command injection via -c/--cmd executes matches with shell:true',
34 silly audit report       severity: 'high',
34 silly audit report       vulnerable_versions: '>=10.2.0 <10.5.0',
34 silly audit report       cwe: [Array],
34 silly audit report       cvss: [Object]
34 silly audit report     }
34 silly audit report   ]
34 silly audit report }
35 silly packumentCache corgi:https://registry.npmjs.org/glob cache-miss
36 http cache https://registry.npmjs.org/glob 2ms (cache hit)
37 silly packumentCache corgi:https://registry.npmjs.org/glob set size:159574 disposed:false
38 silly packumentCache corgi:https://registry.npmjs.org/@modelcontextprotocol%2fserver-filesystem cache-miss
39 http cache https://registry.npmjs.org/@modelcontextprotocol%2fserver-filesystem 1ms (cache hit)
40 silly packumentCache corgi:https://registry.npmjs.org/@modelcontextprotocol%2fserver-filesystem set size:12509 disposed:false
