0 verbose cli /usr/local/bin/node /usr/local/bin/npm
1 info using npm@10.9.2
2 info using node@v22.17.1
3 silly config load:file:/usr/local/lib/node_modules/npm/npmrc
4 silly config load:file:/Users/mohammad/Projects/OIAC2/.npmrc
5 silly config load:file:/Users/mohammad/.npmrc
6 silly config load:file:/usr/local/etc/npmrc
7 verbose title npm install @astrojs/vercel@latest
8 verbose argv "install" "@astrojs/vercel@latest"
9 verbose logfile logs-max:10 dir:/Users/mohammad/Projects/OIAC2/.npm-cache/_logs/2025-09-09T04_57_38_999Z-
10 verbose logfile /Users/mohammad/Projects/OIAC2/.npm-cache/_logs/2025-09-09T04_57_38_999Z-debug-0.log
11 silly logfile start cleaning logs, removing 2 files
12 silly packumentCache heap:4345298944 maxSize:1086324736 maxEntrySize:543162368
13 silly logfile done cleaning log files
14 silly packumentCache corgi:https://registry.npmjs.org/@astrojs%2fvercel cache-miss
15 http fetch GET 200 https://registry.npmjs.org/@astrojs%2fvercel 713ms (cache revalidated)
16 silly packumentCache corgi:https://registry.npmjs.org/@astrojs%2fvercel set size:322682 disposed:false
17 silly idealTree buildDeps
18 silly fetch manifest @astrojs/vercel@8.2.7
19 silly packumentCache full:https://registry.npmjs.org/@astrojs%2fvercel cache-miss
20 http fetch GET 200 https://registry.npmjs.org/@astrojs%2fvercel 239ms (cache revalidated)
21 silly packumentCache full:https://registry.npmjs.org/@astrojs%2fvercel set size:788752 disposed:false
22 silly fetch manifest astro@^3.4.3
23 silly packumentCache full:https://registry.npmjs.org/astro cache-miss
24 http fetch GET 200 https://registry.npmjs.org/astro 156ms (cache revalidated)
25 silly packumentCache full:https://registry.npmjs.org/astro set size:8274809 disposed:false
26 silly fetch manifest astro@^5.0.0
27 silly packumentCache full:https://registry.npmjs.org/astro cache-miss
28 http cache https://registry.npmjs.org/astro 7ms (cache hit)
29 silly packumentCache full:https://registry.npmjs.org/astro set size:8274809 disposed:false
30 verbose stack Error: unable to resolve dependency tree
30 verbose stack     at #failPeerConflict (/usr/local/lib/node_modules/npm/node_modules/@npmcli/arborist/lib/arborist/build-ideal-tree.js:1363:25)
30 verbose stack     at #loadPeerSet (/usr/local/lib/node_modules/npm/node_modules/@npmcli/arborist/lib/arborist/build-ideal-tree.js:1329:33)
30 verbose stack     at async #buildDepStep (/usr/local/lib/node_modules/npm/node_modules/@npmcli/arborist/lib/arborist/build-ideal-tree.js:904:11)
30 verbose stack     at async Arborist.buildIdealTree (/usr/local/lib/node_modules/npm/node_modules/@npmcli/arborist/lib/arborist/build-ideal-tree.js:181:7)
30 verbose stack     at async Promise.all (index 1)
30 verbose stack     at async Arborist.reify (/usr/local/lib/node_modules/npm/node_modules/@npmcli/arborist/lib/arborist/reify.js:131:5)
30 verbose stack     at async Install.exec (/usr/local/lib/node_modules/npm/lib/commands/install.js:150:5)
30 verbose stack     at async Npm.exec (/usr/local/lib/node_modules/npm/lib/npm.js:207:9)
30 verbose stack     at async module.exports (/usr/local/lib/node_modules/npm/lib/cli/entry.js:74:5)
31 error code ERESOLVE
32 error ERESOLVE unable to resolve dependency tree
33 error
34 error While resolving: oiac2@0.0.1
34 error Found: astro@3.6.5
34 error node_modules/astro
34 error   astro@"^3.4.3" from the root project
34 error
34 error Could not resolve dependency:
34 error peer astro@"^5.0.0" from @astrojs/vercel@8.2.7
34 error node_modules/@astrojs/vercel
34 error   @astrojs/vercel@"8.2.7" from the root project
34 error
34 error Fix the upstream dependency conflict, or retry
34 error this command with --force or --legacy-peer-deps
34 error to accept an incorrect (and potentially broken) dependency resolution.
35 error
35 error
35 error For a full report see:
35 error /Users/mohammad/Projects/OIAC2/.npm-cache/_logs/2025-09-09T04_57_38_999Z-eresolve-report.txt
36 silly unfinished npm timer reify 1757393859099
37 silly unfinished npm timer reify:loadTrees 1757393859099
38 silly unfinished npm timer idealTree:buildDeps 1757393859893
39 silly unfinished npm timer idealTree:#root 1757393859893
40 verbose cwd /Users/mohammad/Projects/OIAC2
41 verbose os Darwin 24.6.0
42 verbose node v22.17.1
43 verbose npm  v10.9.2
44 verbose exit 1
45 verbose code 1
46 error A complete log of this run can be found in: /Users/mohammad/Projects/OIAC2/.npm-cache/_logs/2025-09-09T04_57_38_999Z-debug-0.log
