0 verbose cli /usr/local/bin/node /usr/local/bin/npm
1 info using npm@10.9.2
2 info using node@v22.17.1
3 silly config load:file:/usr/local/lib/node_modules/npm/npmrc
4 silly config load:file:/Users/mohammad/Projects/OIAC2/.npmrc
5 silly config load:file:/Users/mohammad/.npmrc
6 silly config load:file:/usr/local/etc/npmrc
7 verbose title npm install postgres
8 verbose argv "install" "postgres" "--legacy-peer-deps"
9 verbose logfile logs-max:10 dir:/Users/mohammad/Projects/OIAC2/.npm-cache/_logs/2025-12-11T00_45_39_991Z-
10 verbose logfile /Users/mohammad/Projects/OIAC2/.npm-cache/_logs/2025-12-11T00_45_39_991Z-debug-0.log
11 silly logfile start cleaning logs, removing 1 files
12 silly packumentCache heap:4345298944 maxSize:1086324736 maxEntrySize:543162368
13 silly logfile done cleaning log files
14 silly idealTree buildDeps
15 silly fetch manifest postgres@*
16 silly packumentCache full:https://registry.npmjs.org/postgres cache-miss
17 http cache https://registry.npmjs.org/postgres 70ms (cache hit)
18 silly packumentCache full:https://registry.npmjs.org/postgres set size:180764 disposed:false
19 silly placeDep ROOT postgres@3.4.7 OK for: oiac2@0.0.1 want: *
20 silly reify moves {}
21 silly audit bulk request {
21 silly audit   '@alloc/quick-lru': [ '5.2.0' ],
21 silly audit   '@apollo/client': [ '3.14.0' ],
21 silly audit   '@astrojs/check': [ '0.9.4' ],
21 silly audit   '@astrojs/compiler': [ '2.12.2' ],
21 silly audit   '@astrojs/internal-helpers': [ '0.7.2' ],
21 silly audit   '@astrojs/language-server': [ '2.15.4' ],
21 silly audit   '@astrojs/markdown-remark': [ '6.3.6' ],
21 silly audit   '@astrojs/prism': [ '3.3.0' ],
21 silly audit   '@astrojs/react': [ '4.3.1' ],
21 silly audit   '@astrojs/tailwind': [ '6.0.2' ],
21 silly audit   '@astrojs/telemetry': [ '3.3.0' ],
21 silly audit   '@astrojs/vercel': [ '8.2.7' ],
21 silly audit   '@astrojs/yaml2ts': [ '0.2.2' ],
21 silly audit   '@babel/code-frame': [ '7.27.1' ],
21 silly audit   '@babel/compat-data': [ '7.28.4' ],
21 silly audit   '@babel/core': [ '7.28.4' ],
21 silly audit   semver: [ '6.3.1', '7.7.2' ],
21 silly audit   '@babel/generator': [ '7.28.3' ],
21 silly audit   '@babel/helper-compilation-targets': [ '7.27.2' ],
21 silly audit   '@babel/helper-globals': [ '7.28.0' ],
21 silly audit   '@babel/helper-module-imports': [ '7.27.1' ],
21 silly audit   '@babel/helper-module-transforms': [ '7.28.3' ],
21 silly audit   '@babel/helper-plugin-utils': [ '7.27.1' ],
21 silly audit   '@babel/helper-string-parser': [ '7.27.1' ],
21 silly audit   '@babel/helper-validator-identifier': [ '7.27.1' ],
21 silly audit   '@babel/helper-validator-option': [ '7.27.1' ],
21 silly audit   '@babel/helpers': [ '7.28.4' ],
21 silly audit   '@babel/parser': [ '7.28.4' ],
21 silly audit   '@babel/plugin-transform-react-jsx-self': [ '7.27.1' ],
21 silly audit   '@babel/plugin-transform-react-jsx-source': [ '7.27.1' ],
21 silly audit   '@babel/runtime': [ '7.28.4' ],
21 silly audit   '@babel/template': [ '7.27.2' ],
21 silly audit   '@babel/traverse': [ '7.28.4' ],
21 silly audit   '@babel/types': [ '7.28.4' ],
21 silly audit   '@capsizecss/unpack': [ '2.4.0' ],
21 silly audit   '@dnd-kit/accessibility': [ '3.1.1' ],
21 silly audit   '@dnd-kit/core': [ '6.3.1' ],
21 silly audit   '@dnd-kit/modifiers': [ '6.0.1' ],
21 silly audit   '@dnd-kit/sortable': [ '7.0.2' ],
21 silly audit   '@dnd-kit/utilities': [ '3.2.2' ],
21 silly audit   '@emailjs/browser': [ '4.4.1' ],
21 silly audit   '@emmetio/abbreviation': [ '2.3.3' ],
21 silly audit   '@emmetio/css-abbreviation': [ '2.1.8' ],
21 silly audit   '@emmetio/css-parser': [ '0.4.0' ],
21 silly audit   '@emmetio/html-matcher': [ '1.3.0' ],
21 silly audit   '@emmetio/scanner': [ '1.0.4' ],
21 silly audit   '@emmetio/stream-reader': [ '2.2.0' ],
21 silly audit   '@emmetio/stream-reader-utils': [ '0.1.0' ],
21 silly audit   '@emnapi/runtime': [ '1.5.0' ],
21 silly audit   '@emotion/babel-plugin': [ '11.13.5' ],
21 silly audit   'convert-source-map': [ '1.9.0', '2.0.0' ],
21 silly audit   'escape-string-regexp': [ '4.0.0', '5.0.0' ],
21 silly audit   '@emotion/cache': [ '11.14.0' ],
21 silly audit   '@emotion/hash': [ '0.9.2' ],
21 silly audit   '@emotion/is-prop-valid': [ '1.4.0' ],
21 silly audit   '@emotion/memoize': [ '0.9.0' ],
21 silly audit   '@emotion/react': [ '11.14.0' ],
21 silly audit   '@emotion/serialize': [ '1.3.3' ],
21 silly audit   '@emotion/sheet': [ '1.4.0' ],
21 silly audit   '@emotion/styled': [ '11.14.1' ],
21 silly audit   '@emotion/unitless': [ '0.10.0' ],
21 silly audit   '@emotion/use-insertion-effect-with-fallbacks': [ '1.2.0' ],
21 silly audit   '@emotion/utils': [ '1.4.2' ],
21 silly audit   '@emotion/weak-memoize': [ '0.4.0' ],
21 silly audit   '@esbuild/aix-ppc64': [ '0.25.9' ],
21 silly audit   '@esbuild/android-arm': [ '0.25.9' ],
21 silly audit   '@esbuild/android-arm64': [ '0.25.9' ],
21 silly audit   '@esbuild/android-x64': [ '0.25.9' ],
21 silly audit   '@esbuild/darwin-arm64': [ '0.25.9' ],
21 silly audit   '@esbuild/darwin-x64': [ '0.25.9' ],
21 silly audit   '@esbuild/freebsd-arm64': [ '0.25.9' ],
21 silly audit   '@esbuild/freebsd-x64': [ '0.25.9' ],
21 silly audit   '@esbuild/linux-arm': [ '0.25.9' ],
21 silly audit   '@esbuild/linux-arm64': [ '0.25.9' ],
21 silly audit   '@esbuild/linux-ia32': [ '0.25.9' ],
21 silly audit   '@esbuild/linux-loong64': [ '0.25.9' ],
21 silly audit   '@esbuild/linux-mips64el': [ '0.25.9' ],
21 silly audit   '@esbuild/linux-ppc64': [ '0.25.9' ],
21 silly audit   '@esbuild/linux-riscv64': [ '0.25.9' ],
21 silly audit   '@esbuild/linux-s390x': [ '0.25.9' ],
21 silly audit   '@esbuild/linux-x64': [ '0.25.9' ],
21 silly audit   '@esbuild/netbsd-arm64': [ '0.25.9' ],
21 silly audit   '@esbuild/netbsd-x64': [ '0.25.9' ],
21 silly audit   '@esbuild/openbsd-arm64': [ '0.25.9' ],
21 silly audit   '@esbuild/openbsd-x64': [ '0.25.9' ],
21 silly audit   '@esbuild/openharmony-arm64': [ '0.25.9' ],
21 silly audit   '@esbuild/sunos-x64': [ '0.25.9' ],
21 silly audit   '@esbuild/win32-arm64': [ '0.25.9' ],
21 silly audit   '@esbuild/win32-ia32': [ '0.25.9' ],
21 silly audit   '@esbuild/win32-x64': [ '0.25.9' ],
21 silly audit   '@floating-ui/core': [ '1.7.3' ],
21 silly audit   '@floating-ui/dom': [ '1.7.4' ],
21 silly audit   '@floating-ui/utils': [ '0.2.10' ],
21 silly audit   '@graphql-typed-document-node/core': [ '3.2.0' ],
21 silly audit   '@iarna/toml': [ '2.2.5' ],
21 silly audit   '@icons/material': [ '0.2.4' ],
21 silly audit   '@img/sharp-darwin-arm64': [ '0.33.5' ],
21 silly audit   '@img/sharp-darwin-x64': [ '0.33.5' ],
21 silly audit   '@img/sharp-libvips-darwin-arm64': [ '1.0.4' ],
21 silly audit   '@img/sharp-libvips-darwin-x64': [ '1.0.4' ],
21 silly audit   '@img/sharp-libvips-linux-arm': [ '1.0.5' ],
21 silly audit   '@img/sharp-libvips-linux-arm64': [ '1.0.4' ],
21 silly audit   '@img/sharp-libvips-linux-s390x': [ '1.0.4' ],
21 silly audit   '@img/sharp-libvips-linux-x64': [ '1.0.4' ],
21 silly audit   '@img/sharp-libvips-linuxmusl-arm64': [ '1.0.4' ],
21 silly audit   '@img/sharp-libvips-linuxmusl-x64': [ '1.0.4' ],
21 silly audit   '@img/sharp-linux-arm': [ '0.33.5' ],
21 silly audit   '@img/sharp-linux-arm64': [ '0.33.5' ],
21 silly audit   '@img/sharp-linux-s390x': [ '0.33.5' ],
21 silly audit   '@img/sharp-linux-x64': [ '0.33.5' ],
21 silly audit   '@img/sharp-linuxmusl-arm64': [ '0.33.5' ],
21 silly audit   '@img/sharp-linuxmusl-x64': [ '0.33.5' ],
21 silly audit   '@img/sharp-wasm32': [ '0.33.5' ],
21 silly audit   '@img/sharp-win32-ia32': [ '0.33.5' ],
21 silly audit   '@img/sharp-win32-x64': [ '0.33.5' ],
21 silly audit   '@isaacs/cliui': [ '8.0.2' ],
21 silly audit   'emoji-regex': [ '9.2.2', '8.0.0', '10.5.0' ],
21 silly audit   'string-width': [ '5.1.2', '4.2.3', '7.2.0' ],
21 silly audit   'wrap-ansi': [ '8.1.0', '7.0.0', '9.0.2' ],
21 silly audit   '@isaacs/fs-minipass': [ '4.0.1' ],
21 silly audit   '@jridgewell/gen-mapping': [ '0.3.13' ],
21 silly audit   '@jridgewell/remapping': [ '2.3.5' ],
21 silly audit   '@jridgewell/resolve-uri': [ '3.1.2' ],
21 silly audit   '@jridgewell/sourcemap-codec': [ '1.5.5' ],
21 silly audit   '@jridgewell/trace-mapping': [ '0.3.30' ],
21 silly audit   '@juggle/resize-observer': [ '3.4.0' ],
21 silly audit   '@mailchimp/mailchimp_transactional': [ '1.0.59' ],
21 silly audit   '@mapbox/jsonlint-lines-primitives': [ '2.0.2' ],
21 silly audit   '@mapbox/mapbox-gl-style-spec': [ '13.28.0' ],
21 silly audit   '@mapbox/node-pre-gyp': [ '2.0.0' ],
21 silly audit   '@mapbox/point-geometry': [ '0.1.0' ],
21 silly audit   '@mapbox/unitbezier': [ '0.0.0' ],
21 silly audit   '@neondatabase/serverless': [ '0.9.5' ],
21 silly audit   '@nodelib/fs.scandir': [ '2.1.5' ],
21 silly audit   '@nodelib/fs.stat': [ '2.0.5' ],
21 silly audit   '@nodelib/fs.walk': [ '1.2.8' ],
21 silly audit   '@oslojs/encoding': [ '1.1.0' ],
21 silly audit   '@petamoriken/float16': [ '3.9.3' ],
21 silly audit   '@pkgjs/parseargs': [ '0.11.0' ],
21 silly audit   '@react-dnd/asap': [ '4.0.1' ],
21 silly audit   '@react-dnd/invariant': [ '2.0.0' ],
21 silly audit   '@react-dnd/shallowequal': [ '2.0.0' ],
21 silly audit   '@reduxjs/toolkit': [ '1.9.7' ],
21 silly audit   '@rolldown/pluginutils': [ '1.0.0-beta.27' ],
21 silly audit   '@rollup/pluginutils': [ '5.3.0' ],
21 silly audit   '@rollup/rollup-android-arm-eabi': [ '4.50.1' ],
21 silly audit   '@rollup/rollup-android-arm64': [ '4.50.1' ],
21 silly audit   '@rollup/rollup-darwin-arm64': [ '4.50.1' ],
21 silly audit   '@rollup/rollup-darwin-x64': [ '4.50.1' ],
21 silly audit   '@rollup/rollup-freebsd-arm64': [ '4.50.1' ],
21 silly audit   '@rollup/rollup-freebsd-x64': [ '4.50.1' ],
21 silly audit   '@rollup/rollup-linux-arm-gnueabihf': [ '4.50.1' ],
21 silly audit   '@rollup/rollup-linux-arm-musleabihf': [ '4.50.1' ],
21 silly audit   '@rollup/rollup-linux-arm64-gnu': [ '4.50.1' ],
21 silly audit   '@rollup/rollup-linux-arm64-musl': [ '4.50.1' ],
21 silly audit   '@rollup/rollup-linux-loongarch64-gnu': [ '4.50.1' ],
21 silly audit   '@rollup/rollup-linux-ppc64-gnu': [ '4.50.1' ],
21 silly audit   '@rollup/rollup-linux-riscv64-gnu': [ '4.50.1' ],
21 silly audit   '@rollup/rollup-linux-riscv64-musl': [ '4.50.1' ],
21 silly audit   '@rollup/rollup-linux-s390x-gnu': [ '4.50.1' ],
21 silly audit   '@rollup/rollup-linux-x64-gnu': [ '4.50.1' ],
21 silly audit   '@rollup/rollup-linux-x64-musl': [ '4.50.1' ],
21 silly audit   '@rollup/rollup-openharmony-arm64': [ '4.50.1' ],
21 silly audit   '@rollup/rollup-win32-arm64-msvc': [ '4.50.1' ],
21 silly audit   '@rollup/rollup-win32-ia32-msvc': [ '4.50.1' ],
21 silly audit   '@rollup/rollup-win32-x64-msvc': [ '4.50.1' ],
21 silly audit   '@shikijs/core': [ '3.12.2' ],
21 silly audit   '@shikijs/engine-javascript': [ '3.12.2' ],
21 silly audit   '@shikijs/engine-oniguruma': [ '3.12.2' ],
21 silly audit   '@shikijs/langs': [ '3.12.2' ],
21 silly audit   '@shikijs/themes': [ '3.12.2' ],
21 silly audit   '@shikijs/types': [ '3.12.2' ],
21 silly audit   '@shikijs/vscode-textmate': [ '10.0.2' ],
21 silly audit   '@swc/helpers': [ '0.5.17' ],
21 silly audit   '@tailwindcss/typography': [ '0.5.16' ],
21 silly audit   '@types/babel__core': [ '7.20.5' ],
21 silly audit   '@types/babel__generator': [ '7.27.0' ],
21 silly audit   '@types/babel__template': [ '7.4.4' ],
21 silly audit   '@types/babel__traverse': [ '7.28.0' ],
21 silly audit   '@types/debug': [ '4.1.12' ],
21 silly audit   '@types/escape-html': [ '1.0.4' ],
21 silly audit   '@types/estree': [ '1.0.8' ],
21 silly audit   '@types/fontkit': [ '2.0.8' ],
21 silly audit   '@types/hast': [ '3.0.4', '2.3.10' ],
21 silly audit   '@types/hoist-non-react-statics': [ '3.3.7' ],
21 silly audit   '@types/mdast': [ '4.0.4', '3.0.15' ],
21 silly audit   '@types/ms': [ '2.1.0' ],
21 silly audit   '@types/nlcst': [ '2.0.3' ],
21 silly audit   '@types/node': [ '24.3.1' ],
21 silly audit   '@types/parse-json': [ '4.0.2' ],
21 silly audit   '@types/pg': [ '8.11.6' ],
21 silly audit   '@types/prop-types': [ '15.7.15' ],
21 silly audit   '@types/react': [ '18.3.24' ],
21 silly audit   '@types/react-dom': [ '18.3.7' ],
21 silly audit   '@types/react-redux': [ '7.1.34' ],
21 silly audit   '@types/react-transition-group': [ '4.4.12' ],
21 silly audit   '@types/trusted-types': [ '2.0.7' ],
21 silly audit   '@types/unist': [ '3.0.3', '2.0.11' ],
21 silly audit   '@types/zen-observable': [ '0.8.7' ],
21 silly audit   '@ungap/structured-clone': [ '1.3.0' ],
21 silly audit   '@vercel/analytics': [ '1.5.0' ],
21 silly audit   '@vercel/functions': [ '2.2.13' ],
21 silly audit   '@vercel/nft': [ '0.29.4' ],
21 silly audit   '@vercel/oidc': [ '2.0.2' ],
21 silly audit   '@vercel/postgres': [ '0.10.0' ],
21 silly audit   '@vercel/routing-utils': [ '5.1.1' ],
21 silly audit   '@vercel/stega': [ '0.1.2' ],
21 silly audit   '@vitejs/plugin-react': [ '4.7.0' ],
21 silly audit   '@volar/kit': [ '2.4.23' ],
21 silly audit   '@volar/language-core': [ '2.4.23' ],
21 silly audit   '@volar/language-server': [ '2.4.23' ],
21 silly audit   '@volar/language-service': [ '2.4.23' ],
21 silly audit   '@volar/source-map': [ '2.4.23' ],
21 silly audit   '@volar/typescript': [ '2.4.23' ],
21 silly audit   '@vscode/emmet-helper': [ '2.11.0' ],
21 silly audit   '@vscode/l10n': [ '0.0.18' ],
21 silly audit   '@wry/caches': [ '1.0.1' ],
21 silly audit   '@wry/context': [ '0.7.4', '0.4.4' ],
21 silly audit   '@wry/equality': [ '0.5.7', '0.1.11' ],
21 silly audit   '@wry/trie': [ '0.5.0' ],
21 silly audit   '@xata.io/client': [ '0.28.4' ],
21 silly audit   abbrev: [ '3.0.1' ],
21 silly audit   acorn: [ '8.15.0' ],
21 silly audit   'acorn-import-attributes': [ '1.9.5' ],
21 silly audit   'agent-base': [ '7.1.4' ],
21 silly audit   ajv: [ '6.12.6', '8.17.1' ],
21 silly audit   'ajv-errors': [ '3.0.0' ],
21 silly audit   'ajv-keywords': [ '5.1.0' ],
21 silly audit   'ansi-align': [ '3.0.1' ],
21 silly audit   'ansi-regex': [ '5.0.1', '6.2.2' ],
21 silly audit   'strip-ansi': [ '6.0.1', '7.1.2' ],
21 silly audit   'ansi-styles': [ '6.2.3', '4.3.0' ],
21 silly audit   'any-promise': [ '1.3.0' ],
21 silly audit   anymatch: [ '3.1.3' ],
21 silly audit   picomatch: [ '2.3.1', '4.0.3' ],
21 silly audit   'apollo-cache': [ '1.3.5' ],
21 silly audit   'apollo-cache-inmemory': [ '1.6.6' ],
21 silly audit   optimism: [ '0.10.3', '0.18.1' ],
21 silly audit   'ts-invariant': [ '0.4.4', '0.10.3' ],
21 silly audit   tslib: [ '1.14.1', '2.8.1' ],
21 silly audit   'apollo-client': [ '2.6.10' ],
21 silly audit   'symbol-observable': [ '1.2.0', '4.0.0' ],
21 silly audit   'apollo-link': [ '1.2.14' ],
21 silly audit   'apollo-link-context': [ '1.0.20' ],
21 silly audit   'apollo-link-http': [ '1.5.17' ],
21 silly audit   'apollo-link-http-common': [ '0.2.16' ],
21 silly audit   'zen-observable-ts': [ '0.8.21', '1.2.5' ],
21 silly audit   'apollo-utilities': [ '1.3.4' ],
21 silly audit   arg: [ '5.0.2' ],
21 silly audit   argparse: [ '2.0.1', '1.0.10' ],
21 silly audit   'aria-query': [ '5.3.2' ],
21 silly audit   'array-iterate': [ '2.0.1' ],
21 silly audit   'array-move': [ '4.0.0' ],
21 silly audit   astro: [ '5.13.6' ],
21 silly audit   'estree-walker': [ '3.0.3', '2.0.2' ],
21 silly audit   'lru-cache': [ '10.4.3', '6.0.0', '5.1.1' ],
21 silly audit   unstorage: [ '1.17.1' ],
21 silly audit   'async-sema': [ '3.1.1' ],
21 silly audit   asynckit: [ '0.4.0' ],
21 silly audit   autoprefixer: [ '10.4.21' ],
21 silly audit   axios: [ '1.11.0' ],
21 silly audit   'axobject-query': [ '4.1.0' ],
21 silly audit   'babel-plugin-macros': [ '3.1.0' ],
21 silly audit   bail: [ '2.0.2', '1.0.5' ],
21 silly audit   'balanced-match': [ '1.0.2' ],
21 silly audit   'base-64': [ '1.0.0' ],
21 silly audit   'base64-js': [ '1.5.1' ],
21 silly audit   'binary-extensions': [ '2.3.0' ],
21 silly audit   bindings: [ '1.5.0' ],
21 silly audit   'blob-to-buffer': [ '1.2.9' ],
21 silly audit   boxen: [ '8.0.1' ],
21 silly audit   'brace-expansion': [ '2.0.2' ],
21 silly audit   braces: [ '3.0.3' ],
21 silly audit   brotli: [ '1.3.3' ],
21 silly audit   browserslist: [ '4.25.4' ],
21 silly audit   buffer: [ '6.0.3' ],
21 silly audit   bufferutil: [ '4.0.9' ],
21 silly audit   'call-bind': [ '1.0.8' ],
21 silly audit   'call-bind-apply-helpers': [ '1.0.2' ],
21 silly audit   'call-bound': [ '1.0.4' ],
21 silly audit   callsites: [ '3.1.0' ],
21 silly audit   camelcase: [ '8.0.0' ],
21 silly audit   'camelcase-css': [ '2.0.1' ],
21 silly audit   'caniuse-lite': [ '1.0.30001741' ],
21 silly audit   ccount: [ '2.0.1', '1.1.0' ],
21 silly audit   'chain-function': [ '1.0.1' ],
21 silly audit   chalk: [ '5.6.2' ],
21 silly audit   'character-entities': [ '2.0.2', '1.2.4' ],
21 silly audit   'character-entities-html4': [ '2.1.0', '1.1.4' ],
21 silly audit   'character-entities-legacy': [ '3.0.0', '1.1.4' ],
21 silly audit   'character-reference-invalid': [ '1.1.4' ],
21 silly audit   chokidar: [ '4.0.3', '3.6.0' ],
21 silly audit   chownr: [ '3.0.0' ],
21 silly audit   'ci-info': [ '4.3.0' ],
21 silly audit   'clean-stack': [ '5.3.0' ],
21 silly audit   'cli-boxes': [ '3.0.0' ],
21 silly audit   cliui: [ '8.0.1' ],
21 silly audit   clone: [ '2.1.2' ],
21 silly audit   clsx: [ '2.1.1', '1.2.1' ],
21 silly audit   codemirror: [ '5.65.20' ],
21 silly audit   'collapse-white-space': [ '1.0.6' ],
21 silly audit   color: [ '4.2.3' ],
21 silly audit   'color-convert': [ '2.0.1' ],
21 silly audit   'color-name': [ '1.1.4' ],
21 silly audit   'color-string': [ '1.9.1' ],
21 silly audit   'combined-stream': [ '1.0.8' ],
21 silly audit   'comma-separated-tokens': [ '2.0.3', '1.0.8' ],
21 silly audit   commander: [ '4.1.1' ],
21 silly audit   'common-ancestor-path': [ '1.0.1' ],
21 silly audit   'common-tags': [ '1.8.2' ],
21 silly audit   'compute-scroll-into-view': [ '3.1.1' ],
21 silly audit   consola: [ '3.4.2' ],
21 silly audit   'consolidated-events': [ '2.0.2' ],
21 silly audit   cookie: [ '1.0.2' ],
21 silly audit   'cookie-es': [ '1.2.2' ],
21 silly audit   'copy-text-to-clipboard': [ '3.2.2' ],
21 silly audit   cosmiconfig: [ '7.1.0' ],
21 silly audit   yaml: [ '1.10.2', '2.8.1', '2.2.2' ],
21 silly audit   'create-react-class': [ '15.7.0' ],
21 silly audit   'cross-fetch': [ '3.2.0' ],
21 silly audit   'cross-spawn': [ '7.0.6' ],
21 silly audit   crossws: [ '0.3.5' ],
21 silly audit   'css-tree': [ '3.1.0' ],
21 silly audit   csscolorparser: [ '1.0.3' ],
21 silly audit   cssesc: [ '3.0.0' ],
21 silly audit   csstype: [ '3.1.3' ],
21 silly audit   dayjs: [ '1.11.19' ],
21 silly audit   debug: [ '4.4.1' ],
21 silly audit   'decap-cms-app': [ '3.9.0' ],
21 silly audit   'json-schema-traverse': [ '1.0.0', '0.4.1' ],
21 silly audit   'decap-cms-backend-aws-cognito-github-proxy': [ '3.4.1' ],
21 silly audit   graphql: [ '15.10.1', '16.11.0' ],
21 silly audit   'decap-cms-backend-azure': [ '3.3.0' ],
21 silly audit   'decap-cms-backend-bitbucket': [ '3.3.0' ],
21 silly audit   minimatch: [ '7.4.6', '9.0.5' ],
21 silly audit   'decap-cms-backend-git-gateway': [ '3.4.1' ],
21 silly audit   'decap-cms-backend-gitea': [ '3.3.0' ],
21 silly audit   'decap-cms-backend-github': [ '3.4.0' ],
21 silly audit   'decap-cms-backend-gitlab': [ '3.4.0' ],
21 silly audit   'decap-cms-backend-proxy': [ '3.3.0' ],
21 silly audit   'decap-cms-backend-test': [ '3.2.1' ],
21 silly audit   'decap-cms-core': [ '3.9.0' ],
21 silly audit   'longest-streak': [ '2.0.4', '3.1.0' ],
21 silly audit   'markdown-table': [ '2.0.0', '1.1.3', '3.0.4' ],
21 silly audit   'mdast-util-find-and-replace': [ '1.1.1', '3.0.2' ],
21 silly audit   'mdast-util-gfm': [ '0.1.2', '3.1.0' ],
21 silly audit   'mdast-util-gfm-autolink-literal': [ '0.1.3', '2.0.1' ],
21 silly audit   'mdast-util-gfm-strikethrough': [ '0.2.3', '2.0.0' ],
21 silly audit   'mdast-util-gfm-table': [ '0.1.6', '2.0.0' ],
21 silly audit   'mdast-util-gfm-task-list-item': [ '0.1.6', '2.0.0' ],
21 silly audit   'mdast-util-to-markdown': [ '0.6.5', '1.5.0', '2.1.2' ],
21 silly audit   'mdast-util-to-string': [ '2.0.0', '1.1.0', '3.2.0', '4.0.0' ],
21 silly audit   micromark: [ '2.11.4', '4.0.2' ],
21 silly audit   'micromark-extension-gfm': [ '0.3.3', '3.0.0' ],
21 silly audit   'micromark-extension-gfm-autolink-literal': [ '0.5.7', '2.1.0' ],
21 silly audit   'micromark-extension-gfm-strikethrough': [ '0.6.5', '2.1.0' ],
21 silly audit   'micromark-extension-gfm-table': [ '0.4.3', '2.1.1' ],
21 silly audit   'micromark-extension-gfm-tagfilter': [ '0.3.0', '2.0.0' ],
21 silly audit   'micromark-extension-gfm-task-list-item': [ '0.3.3', '2.1.0' ],
21 silly audit   react: [ '19.2.1', '18.3.1' ],
21 silly audit   'react-dom': [ '19.2.1', '18.3.1' ],
21 silly audit   'remark-gfm': [ '1.0.0', '4.0.1' ],
21 silly audit   scheduler: [ '0.27.0', '0.23.2' ],
21 silly audit   'unist-util-is': [ '4.1.0', '3.0.0', '5.2.1', '6.0.0' ],
21 silly audit   'unist-util-visit-parents': [ '3.1.1', '2.1.2', '5.1.3', '6.0.1' ],
21 silly audit   zwitch: [ '1.0.5', '2.0.4' ],
21 silly audit   'decap-cms-editor-component-image': [ '3.2.1' ],
21 silly audit   'decap-cms-lib-auth': [ '3.0.6' ],
21 silly audit   'decap-cms-lib-util': [ '3.3.1' ],
21 silly audit   'decap-cms-lib-widgets': [ '3.2.1' ],
21 silly audit   'decap-cms-locales': [ '3.5.0' ],
21 silly audit   'decap-cms-ui-auth': [ '3.3.0' ],
21 silly audit   'decap-cms-ui-default': [ '3.5.0' ],
21 silly audit   'decap-cms-widget-boolean': [ '3.2.0' ],
21 silly audit   'decap-cms-widget-code': [ '3.3.0' ],
21 silly audit   'decap-cms-widget-colorstring': [ '3.2.0' ],
21 silly audit   'decap-cms-widget-datetime': [ '3.4.0' ],
21 silly audit   'decap-cms-widget-file': [ '3.2.0' ],
21 silly audit   'decap-cms-widget-image': [ '3.2.1' ],
21 silly audit   'decap-cms-widget-list': [ '3.5.0' ],
21 silly audit   'decap-cms-widget-map': [ '3.2.0' ],
21 silly audit   'decap-cms-widget-markdown': [ '3.6.0' ],
21 silly audit   'hast-util-from-parse5': [ '5.0.3', '8.0.3' ],
21 silly audit   'hast-util-is-element': [ '1.1.0', '3.0.0' ],
21 silly audit   'hast-util-parse-selector': [ '2.2.5', '4.0.0' ],
21 silly audit   'hast-util-to-html': [ '7.1.3', '9.0.5' ],
21 silly audit   'hast-util-whitespace': [ '1.0.4', '3.0.0' ],
21 silly audit   hastscript: [ '5.1.2', '9.0.1' ],
21 silly audit   'html-void-elements': [ '1.0.5', '3.0.0' ],
21 silly audit   'is-plain-obj': [ '2.1.0', '4.1.0' ],
21 silly audit   'mdast-util-definitions': [ '1.2.5', '6.0.0', '4.0.0' ],
21 silly audit   'mdast-util-to-hast': [ '4.0.0', '13.2.0', '10.2.0' ],
21 silly audit   'parse-entities': [ '1.2.2', '2.0.0' ],
21 silly audit   parse5: [ '5.1.1', '7.3.0' ],
21 silly audit   'property-information': [ '5.6.0', '6.5.0', '7.1.0' ],
21 silly audit   'rehype-parse': [ '6.0.2', '9.0.1' ],
21 silly audit   'rehype-stringify': [ '7.0.0', '10.0.1' ],
21 silly audit   'remark-parse': [ '6.0.3', '9.0.0', '11.0.0' ],
21 silly audit   'remark-rehype': [ '4.0.1', '8.1.0', '11.1.2' ],
21 silly audit   'remark-stringify': [ '6.0.4', '11.0.0' ],
21 silly audit   'stringify-entities': [ '1.3.2', '3.1.0', '4.0.4' ],
21 silly audit   'space-separated-tokens': [ '1.1.5', '2.0.2' ],
21 silly audit   'trim-lines': [ '1.1.3', '3.0.1' ],
21 silly audit   trough: [ '1.0.5', '2.2.0' ],
21 silly audit   unified: [ '9.2.2', '11.0.5' ],
21 silly audit   'unist-util-position': [ '3.1.0', '5.0.0' ],
21 silly audit   'unist-util-remove-position': [ '1.1.4', '5.0.0' ],
21 silly audit   'unist-util-stringify-position': [ '2.0.3', '4.0.0' ],
21 silly audit   'unist-util-visit': [ '1.4.1', '2.0.3', '4.1.2', '5.0.0' ],
21 silly audit   vfile: [ '4.2.1', '6.0.3' ],
21 silly audit   'vfile-location': [ '2.0.6', '5.0.3' ],
21 silly audit   'vfile-message': [ '2.0.4', '4.0.3' ],
21 silly audit   'web-namespaces': [ '1.1.4', '2.0.1' ],
21 silly audit   'decap-cms-widget-number': [ '3.2.0' ],
21 silly audit   'decap-cms-widget-object': [ '3.4.0' ],
21 silly audit   'decap-cms-widget-relation': [ '3.5.2' ],
21 silly audit   'decap-cms-widget-select': [ '3.3.0' ],
21 silly audit   'decap-cms-widget-string': [ '3.2.0' ],
21 silly audit   'decap-cms-widget-text': [ '3.2.0' ],
21 silly audit   'decode-named-character-reference': [ '1.2.0' ],
21 silly audit   deepmerge: [ '4.3.1' ],
21 silly audit   'define-data-property': [ '1.1.4' ],
21 silly audit   'define-properties': [ '1.2.1' ],
21 silly audit   defu: [ '6.1.4' ],
21 silly audit   'delayed-stream': [ '1.0.0' ],
21 silly audit   dequal: [ '2.0.3' ],
21 silly audit   destr: [ '2.0.5' ],
21 silly audit   detab: [ '2.0.4' ],
21 silly audit   'detect-libc': [ '2.0.4' ],
21 silly audit   'deterministic-object-hash': [ '2.0.2' ],
21 silly audit   devalue: [ '5.3.2' ],
21 silly audit   devlop: [ '1.1.0' ],
21 silly audit   dfa: [ '1.2.0' ],
21 silly audit   diacritics: [ '1.3.0' ],
21 silly audit   didyoumean: [ '1.2.2' ],
21 silly audit   diff: [ '5.2.0' ],
21 silly audit   direction: [ '1.0.4' ],
21 silly audit   dlv: [ '1.1.3' ],
21 silly audit   'dnd-core': [ '14.0.1' ],
21 silly audit   'dom-helpers': [ '5.2.1', '3.4.0' ],
21 silly audit   dompurify: [ '3.3.1' ],
21 silly audit   dset: [ '3.1.4' ],
21 silly audit   'dunder-proto': [ '1.0.1' ],
21 silly audit   eastasianwidth: [ '0.2.0' ],
21 silly audit   'electron-to-chromium': [ '1.5.215' ],
21 silly audit   emmet: [ '2.4.11' ],
21 silly audit   entities: [ '6.0.1' ],
21 silly audit   'error-ex': [ '1.3.4' ],
21 silly audit   'is-arrayish': [ '0.2.1', '0.3.2' ],
21 silly audit   'es-define-property': [ '1.0.1' ],
21 silly audit   'es-errors': [ '1.3.0' ],
21 silly audit   'es-module-lexer': [ '1.7.0' ],
21 silly audit   'es-object-atoms': [ '1.1.1' ],
21 silly audit   'es-set-tostringtag': [ '2.1.0' ],
21 silly audit   esbuild: [ '0.25.9' ],
21 silly audit   escalade: [ '3.2.0' ],
21 silly audit   'escape-html': [ '1.0.3' ],
21 silly audit   esprima: [ '4.0.1' ],
21 silly audit   eventemitter3: [ '5.0.1' ],
21 silly audit   exenv: [ '1.2.2' ],
21 silly audit   extend: [ '3.0.2' ],
21 silly audit   'extend-shallow': [ '2.0.1' ],
21 silly audit   'fast-deep-equal': [ '3.1.3' ],
21 silly audit   'fast-glob': [ '3.3.3' ],
21 silly audit   'fast-json-stable-stringify': [ '2.1.0' ],
21 silly audit   'fast-uri': [ '3.1.0' ],
21 silly audit   fastq: [ '1.19.1' ],
21 silly audit   fdir: [ '6.5.0' ],
21 silly audit   'file-uri-to-path': [ '1.0.0' ],
21 silly audit   'fill-range': [ '7.1.1' ],
21 silly audit   'find-root': [ '1.1.0' ],
21 silly audit   flattie: [ '1.1.1' ],
21 silly audit   'focus-group': [ '0.3.1' ],
21 silly audit   'follow-redirects': [ '1.15.11' ],
21 silly audit   fontace: [ '0.3.0' ],
21 silly audit   fontkit: [ '2.0.4' ],
21 silly audit   'foreground-child': [ '3.3.1' ],
21 silly audit   'form-data': [ '4.0.4' ],
21 silly audit   'fraction.js': [ '4.3.7' ],
21 silly audit   fsevents: [ '2.3.3' ],
21 silly audit   'function-bind': [ '1.1.2' ],
21 silly audit   fuzzy: [ '0.1.3' ],
21 silly audit   gensync: [ '1.0.0-beta.2' ],
21 silly audit   geotiff: [ '2.0.4' ],
21 silly audit   pako: [ '2.1.0', '0.2.9' ],
21 silly audit   yallist: [ '4.0.0', '5.0.0', '3.1.1' ],
21 silly audit   'get-caller-file': [ '2.0.5' ],
21 silly audit   'get-east-asian-width': [ '1.3.1' ],
21 silly audit   'get-intrinsic': [ '1.3.0' ],
21 silly audit   'get-proto': [ '1.0.1' ],
21 silly audit   'github-slugger': [ '2.0.0' ],
21 silly audit   glob: [ '10.4.5' ],
21 silly audit   'glob-parent': [ '5.1.2', '6.0.2' ],
21 silly audit   gopd: [ '1.2.0' ],
21 silly audit   'gotrue-js': [ '0.9.29' ],
21 silly audit   'graceful-fs': [ '4.2.11' ],
21 silly audit   'graphql-tag': [ '2.12.6' ],
21 silly audit   'gray-matter': [ '4.0.3' ],
21 silly audit   'js-yaml': [ '3.14.2', '4.1.0' ],
21 silly audit   h3: [ '1.15.4' ],
21 silly audit   'has-property-descriptors': [ '1.0.2' ],
21 silly audit   'has-symbols': [ '1.1.0' ],
21 silly audit   'has-tostringtag': [ '1.0.2' ],
21 silly audit   hasown: [ '2.0.2' ],
21 silly audit   'hast-util-embedded': [ '1.0.6' ],
21 silly audit   'hast-util-from-html': [ '2.0.3' ],
21 silly audit   'hast-util-has-property': [ '1.0.4' ],
21 silly audit   'hast-util-raw': [ '9.1.0' ],
21 silly audit   'hast-util-to-mdast': [ '7.1.3' ],
21 silly audit   'hast-util-to-text': [ '2.0.1', '4.0.2' ],
21 silly audit   'mdast-util-phrasing': [ '2.0.0', '3.0.1', '4.1.0' ],
21 silly audit   'unist-util-find-after': [ '3.0.0', '5.0.0' ],
21 silly audit   'hast-util-to-parse5': [ '8.0.0' ],
21 silly audit   history: [ '4.10.1' ],
21 silly audit   'hoist-non-react-statics': [ '3.3.2' ],
21 silly audit   'html-escaper': [ '3.0.3' ],
21 silly audit   'http-cache-semantics': [ '4.2.0' ],
21 silly audit   'https-proxy-agent': [ '7.0.6' ],
21 silly audit   ieee754: [ '1.2.1' ],
21 silly audit   immediate: [ '3.0.6' ],
21 silly audit   immer: [ '9.0.21', '10.2.0' ],
21 silly audit   immutable: [ '3.8.2' ],
21 silly audit   'import-fresh': [ '3.3.1' ],
21 silly audit   'resolve-from': [ '4.0.0', '5.0.0' ],
21 silly audit   'import-meta-resolve': [ '4.2.0' ],
21 silly audit   inherits: [ '2.0.4' ],
21 silly audit   ini: [ '2.0.0' ],
21 silly audit   'inline-style-parser': [ '0.1.1' ],
21 silly audit   invariant: [ '2.2.4' ],
21 silly audit   'iron-webcrypto': [ '1.2.1' ],
21 silly audit   'is-alphabetical': [ '1.0.4' ],
21 silly audit   'is-alphanumeric': [ '1.0.0' ],
21 silly audit   'is-alphanumerical': [ '1.0.4' ],
21 silly audit   'is-binary-path': [ '2.1.0' ],
21 silly audit   'is-buffer': [ '2.0.5' ],
21 silly audit   'is-core-module': [ '2.16.1' ],
21 silly audit   'is-decimal': [ '1.0.4' ],
21 silly audit   'is-docker': [ '3.0.0' ],
21 silly audit   'is-extendable': [ '0.1.1' ],
21 silly audit   'is-extglob': [ '2.1.1' ],
21 silly audit   'is-fullwidth-code-point': [ '3.0.0' ],
21 silly audit   'is-glob': [ '4.0.3' ],
21 silly audit   'is-hexadecimal': [ '1.0.4' ],
21 silly audit   'is-hotkey': [ '0.2.0' ],
21 silly audit   'is-inside-container': [ '1.0.0' ],
21 silly audit   'is-number': [ '7.0.0' ],
21 silly audit   'is-plain-object': [ '5.0.0' ],
21 silly audit   'is-url': [ '1.2.4' ],
21 silly audit   'is-whitespace-character': [ '1.0.4' ],
21 silly audit   'is-word-character': [ '1.0.4' ],
21 silly audit   'is-wsl': [ '3.1.0' ],
21 silly audit   isarray: [ '0.0.1' ],
21 silly audit   isexe: [ '2.0.0' ],
21 silly audit   'isomorphic-base64': [ '1.0.2' ],
21 silly audit   jackspeak: [ '3.4.3' ],
21 silly audit   jiti: [ '1.21.7' ],
21 silly audit   'js-base64': [ '3.7.8' ],
21 silly audit   'js-sha256': [ '0.9.0' ],
21 silly audit   'js-tokens': [ '4.0.0' ],
21 silly audit   jsesc: [ '3.1.0' ],
21 silly audit   'json-parse-even-better-errors': [ '2.3.1' ],
21 silly audit   'json-stringify-pretty-compact': [ '2.0.0' ],
21 silly audit   json5: [ '2.2.3' ],
21 silly audit   'jsonc-parser': [ '2.3.1', '3.3.1' ],
21 silly audit   'jwt-decode': [ '3.1.2' ],
21 silly audit   'kind-of': [ '6.0.3' ],
21 silly audit   kleur: [ '4.1.5', '3.0.3' ],
21 silly audit   lerc: [ '3.0.0' ],
21 silly audit   lie: [ '3.1.1' ],
21 silly audit   lilconfig: [ '3.1.3' ],
21 silly audit   'lines-and-columns': [ '1.2.4' ],
21 silly audit   localforage: [ '1.10.0' ],
21 silly audit   lodash: [ '4.17.21' ],
21 silly audit   'lodash-es': [ '4.17.21' ],
21 silly audit   'lodash.castarray': [ '4.4.0' ],
21 silly audit   'lodash.isplainobject': [ '4.0.6' ],
21 silly audit   'lodash.merge': [ '4.6.2' ],
21 silly audit   'loose-envify': [ '1.4.0' ],
21 silly audit   'magic-string': [ '0.30.19' ],
21 silly audit   magicast: [ '0.3.5' ],
21 silly audit   'mapbox-to-css-font': [ '2.4.5' ],
21 silly audit   'markdown-escapes': [ '1.0.4' ],
21 silly audit   marked: [ '11.2.0' ],
21 silly audit   'material-colors': [ '1.2.6' ],
21 silly audit   'math-intrinsics': [ '1.1.0' ],
21 silly audit   'md-block': [ '0.0.1' ],
21 silly audit   'mdast-util-compact': [ '1.0.4' ],
21 silly audit   'mdast-util-from-markdown': [ '2.0.2', '0.8.5' ],
21 silly audit   'mdast-util-gfm-footnote': [ '2.1.0' ],
21 silly audit   'mdast-util-math': [ '2.0.2' ],
21 silly audit   'micromark-util-character': [ '1.2.0', '2.1.1' ],
21 silly audit   'micromark-util-decode-numeric-character-reference': [ '1.1.0', '2.0.2' ],
21 silly audit   'micromark-util-decode-string': [ '1.1.0', '2.0.1' ],
21 silly audit   'micromark-util-symbol': [ '1.1.0', '2.0.1' ],
21 silly audit   'micromark-util-types': [ '1.1.0', '2.0.2' ],
21 silly audit   'mdn-data': [ '2.12.2' ],
21 silly audit   mdurl: [ '1.0.1' ],
21 silly audit   'memoize-one': [ '6.0.0', '5.2.1' ],
21 silly audit   merge2: [ '1.4.1' ],
21 silly audit   'micro-api-client': [ '3.3.0' ],
21 silly audit   'micromark-core-commonmark': [ '2.0.3' ],
21 silly audit   'micromark-extension-gfm-footnote': [ '2.1.0' ],
21 silly audit   'micromark-factory-destination': [ '2.0.1' ],
21 silly audit   'micromark-factory-label': [ '2.0.1' ],
21 silly audit   'micromark-factory-space': [ '2.0.1' ],
21 silly audit   'micromark-factory-title': [ '2.0.1' ],
21 silly audit   'micromark-factory-whitespace': [ '2.0.1' ],
21 silly audit   'micromark-util-chunked': [ '2.0.1' ],
21 silly audit   'micromark-util-classify-character': [ '2.0.1' ],
21 silly audit   'micromark-util-combine-extensions': [ '2.0.1' ],
21 silly audit   'micromark-util-encode': [ '2.0.1' ],
21 silly audit   'micromark-util-html-tag-name': [ '2.0.1' ],
21 silly audit   'micromark-util-normalize-identifier': [ '2.0.1' ],
21 silly audit   'micromark-util-resolve-all': [ '2.0.1' ],
21 silly audit   'micromark-util-sanitize-uri': [ '2.0.1' ],
21 silly audit   'micromark-util-subtokenize': [ '2.1.0' ],
21 silly audit   micromatch: [ '4.0.8' ],
21 silly audit   'mime-db': [ '1.52.0' ],
21 silly audit   'mime-types': [ '2.1.35' ],
21 silly audit   minimist: [ '1.2.8' ],
21 silly audit   minipass: [ '7.1.2' ],
21 silly audit   minizlib: [ '3.0.2' ],
21 silly audit   mkdirp: [ '3.0.1' ],
21 silly audit   mrmime: [ '2.0.1' ],
21 silly audit   ms: [ '2.1.3' ],
21 silly audit   'muggle-string': [ '0.4.1' ],
21 silly audit   mz: [ '2.7.0' ],
21 silly audit   nanoid: [ '3.3.11' ],
21 silly audit   neotraverse: [ '0.6.18' ],
21 silly audit   'nlcst-to-string': [ '4.0.0' ],
21 silly audit   'node-fetch': [ '2.7.0' ],
21 silly audit   'node-fetch-native': [ '1.6.7' ],
21 silly audit   'node-gyp-build': [ '4.8.4' ],
21 silly audit   'node-mock-http': [ '1.0.3' ],
21 silly audit   'node-polyglot': [ '2.6.0' ],
21 silly audit   'node-releases': [ '2.0.20' ],
21 silly audit   nopt: [ '8.1.0' ],
21 silly audit   'normalize-path': [ '3.0.0' ],
21 silly audit   'normalize-range': [ '0.1.2' ],
21 silly audit   'object-assign': [ '4.1.1' ],
21 silly audit   'object-hash': [ '3.0.0' ],
21 silly audit   'object-inspect': [ '1.13.4' ],
21 silly audit   'object-keys': [ '1.1.1' ],
21 silly audit   'object.entries': [ '1.1.9' ],
21 silly audit   obuf: [ '1.1.2' ],
21 silly audit   ofetch: [ '1.4.1' ],
21 silly audit   ohash: [ '2.0.11' ],
21 silly audit   ol: [ '6.15.1' ],
21 silly audit   'ol-mapbox-style': [ '8.2.1' ],
21 silly audit   'oniguruma-parser': [ '0.12.1' ],
21 silly audit   'oniguruma-to-es': [ '4.3.3' ],
21 silly audit   'p-limit': [ '6.2.0' ],
21 silly audit   'p-queue': [ '8.1.1' ],
21 silly audit   'p-timeout': [ '6.1.4' ],
21 silly audit   'package-json-from-dist': [ '1.0.1' ],
21 silly audit   'package-manager-detector': [ '1.3.0' ],
21 silly audit   'parent-module': [ '1.0.1' ],
21 silly audit   'parse-headers': [ '2.0.6' ],
21 silly audit   'parse-json': [ '5.2.0' ],
21 silly audit   'parse-latin': [ '7.0.0' ],
21 silly audit   'path-browserify': [ '1.0.1' ],
21 silly audit   'path-key': [ '3.1.1' ],
21 silly audit   'path-parse': [ '1.0.7' ],
21 silly audit   'path-scurry': [ '1.11.1' ],
21 silly audit   'path-to-regexp': [ '6.1.0', '6.3.0', '1.9.0' ],
21 silly audit   'path-type': [ '4.0.0' ],
21 silly audit   pbf: [ '3.2.1' ],
21 silly audit   'pg-int8': [ '1.0.1' ],
21 silly audit   'pg-numeric': [ '1.0.2' ],
21 silly audit   'pg-protocol': [ '1.10.3' ],
21 silly audit   'pg-types': [ '4.1.0' ],
21 silly audit   picocolors: [ '1.1.1' ],
21 silly audit   pify: [ '2.3.0' ],
21 silly audit   pirates: [ '4.0.7' ],
21 silly audit   postcss: [ '8.5.6' ],
21 silly audit   'postcss-import': [ '15.1.0' ],
21 silly audit   'postcss-js': [ '4.0.1' ],
21 silly audit   'postcss-load-config': [ '4.0.2' ],
21 silly audit   'postcss-nested': [ '6.2.0' ],
21 silly audit   'postcss-selector-parser': [ '6.1.2', '6.0.10' ],
21 silly audit   'postcss-value-parser': [ '4.2.0' ],
21 silly audit   'postgres-array': [ '3.0.4' ],
21 silly audit   'postgres-bytea': [ '3.0.0' ],
21 silly audit   'postgres-date': [ '2.1.0' ],
21 silly audit   'postgres-interval': [ '3.0.0' ],
21 silly audit   'postgres-range': [ '1.1.4' ],
21 silly audit   prettier: [ '2.8.7' ],
21 silly audit   prismjs: [ '1.30.0' ],
21 silly audit   prompts: [ '2.4.2' ],
21 silly audit   'prop-types': [ '15.8.1' ],
21 silly audit   'protocol-buffers-schema': [ '3.6.0' ],
21 silly audit   'proxy-from-env': [ '1.1.0' ],
21 silly audit   punycode: [ '2.3.1', '1.4.1' ],
21 silly audit   qs: [ '6.14.0' ],
21 silly audit   'queue-microtask': [ '1.2.3' ],
21 silly audit   quickselect: [ '2.0.0' ],
21 silly audit   radix3: [ '1.1.2' ],
21 silly audit   rbush: [ '3.0.1' ],
21 silly audit   'react-aria-menubutton': [ '7.0.3' ],
21 silly audit   'react-codemirror2': [ '7.3.0' ],
21 silly audit   'react-color': [ '2.19.3' ],
21 silly audit   'react-dnd': [ '14.0.5' ],
21 silly audit   'react-dnd-html5-backend': [ '14.1.0' ],
21 silly audit   'react-frame-component': [ '5.2.7' ],
21 silly audit   'react-immutable-proptypes': [ '2.2.0' ],
21 silly audit   'react-is': [ '16.13.1', '17.0.2', '18.3.1' ],
21 silly audit   'react-lifecycles-compat': [ '3.0.4' ],
21 silly audit   'react-markdown': [ '6.0.3' ],
21 silly audit   'unist-builder': [ '2.0.3', '1.0.4' ],
21 silly audit   'react-modal': [ '3.16.3' ],
21 silly audit   'react-polyglot': [ '0.7.2' ],
21 silly audit   'react-redux': [ '7.2.9', '4.4.10' ],
21 silly audit   'react-refresh': [ '0.17.0' ],
21 silly audit   'react-router': [ '5.3.4' ],
21 silly audit   'react-router-dom': [ '5.3.4' ],
21 silly audit   'react-scroll-sync': [ '0.11.3' ],
21 silly audit   'react-select': [ '5.10.2' ],
21 silly audit   'react-split-pane': [ '0.1.92' ],
21 silly audit   'react-style-proptype': [ '3.2.2' ],
21 silly audit   'react-textarea-autosize': [ '8.5.9' ],
21 silly audit   'react-toastify': [ '9.1.3' ],
21 silly audit   'react-topbar-progress-indicator': [ '4.1.1' ],
21 silly audit   'react-transition-group': [ '4.4.5', '1.2.1' ],
21 silly audit   'react-virtualized-auto-sizer': [ '1.0.26' ],
21 silly audit   'react-waypoint': [ '10.3.0' ],
21 silly audit   'react-window': [ '1.8.11' ],
21 silly audit   reactcss: [ '1.2.3' ],
21 silly audit   'read-cache': [ '1.0.0' ],
21 silly audit   readdirp: [ '4.1.2', '3.6.0' ],
21 silly audit   redux: [ '4.2.1' ],
21 silly audit   'redux-devtools-extension': [ '2.13.9' ],
21 silly audit   'redux-notifications': [ '4.0.1' ],
21 silly audit   warning: [ '3.0.0', '4.0.3' ],
21 silly audit   'redux-thunk': [ '2.4.2' ],
21 silly audit   regex: [ '6.0.1' ],
21 silly audit   'regex-recursion': [ '6.0.2' ],
21 silly audit   'regex-utilities': [ '2.3.0' ],
21 silly audit   rehackt: [ '0.1.0' ],
21 silly audit   rehype: [ '13.0.2' ],
21 silly audit   'rehype-minify-whitespace': [ '4.0.5' ],
21 silly audit   'rehype-raw': [ '7.0.0' ],
21 silly audit   'rehype-remark': [ '8.1.1' ],
21 silly audit   'remark-slate': [ '1.8.6' ],
21 silly audit   'remark-slate-transformer': [ '0.7.5' ],
21 silly audit   'remark-smartypants': [ '3.0.2' ],
21 silly audit   'repeat-string': [ '1.6.1' ],
21 silly audit   'request-light': [ '0.7.0', '0.5.8' ],
21 silly audit   'require-directory': [ '2.1.1' ],
21 silly audit   'require-from-string': [ '2.0.2' ],
21 silly audit   reselect: [ '4.1.8' ],
21 silly audit   resolve: [ '1.22.10' ],
21 silly audit   'resolve-pathname': [ '3.0.0' ],
21 silly audit   'resolve-protobuf-schema': [ '2.1.0' ],
21 silly audit   restructure: [ '3.0.2' ],
21 silly audit   retext: [ '9.0.0' ],
21 silly audit   'retext-latin': [ '4.0.0' ],
21 silly audit   'retext-smartypants': [ '6.2.0' ],
21 silly audit   'retext-stringify': [ '4.0.0' ],
21 silly audit   reusify: [ '1.1.0' ],
21 silly audit   rollup: [ '4.50.1' ],
21 silly audit   'run-parallel': [ '1.2.0' ],
21 silly audit   rw: [ '1.3.3' ],
21 silly audit   'sanitize-filename': [ '1.6.3' ],
21 silly audit   'scroll-into-view-if-needed': [ '3.1.0' ],
21 silly audit   'section-matter': [ '1.0.0' ],
21 silly audit   semaphore: [ '1.1.0' ],
21 silly audit   'set-function-length': [ '1.2.2' ],
21 silly audit   sharp: [ '0.33.5' ],
21 silly audit   'shebang-command': [ '2.0.0' ],
21 silly audit   'shebang-regex': [ '3.0.0' ],
21 silly audit   shiki: [ '3.12.2' ],
21 silly audit   'side-channel': [ '1.1.0' ],
21 silly audit   'side-channel-list': [ '1.0.0' ],
21 silly audit   'side-channel-map': [ '1.0.1' ],
21 silly audit   'side-channel-weakmap': [ '1.0.2' ],
21 silly audit   'signal-exit': [ '4.1.0' ],
21 silly audit   'simple-swizzle': [ '0.2.2' ],
21 silly audit   sisteransi: [ '1.0.5' ],
21 silly audit   slate: [ '0.118.1' ],
21 silly audit   'slate-base64-serializer': [ '0.2.115' ],
21 silly audit   'slate-dom': [ '0.118.1' ],
21 silly audit   'tiny-invariant': [ '1.3.1', '1.3.3' ],
21 silly audit   'slate-history': [ '0.113.1' ],
21 silly audit   'slate-hyperscript': [ '0.100.0' ],
21 silly audit   'slate-plain-serializer': [ '0.7.13' ],
21 silly audit   'slate-react': [ '0.117.4' ],
21 silly audit   'slate-soft-break': [ '0.9.0' ],
21 silly audit   'smol-toml': [ '1.4.2' ],
21 silly audit   'sort-asc': [ '0.1.0' ],
21 silly audit   'sort-desc': [ '0.1.1' ],
21 silly audit   'sort-object': [ '0.3.2' ],
21 silly audit   'source-map': [ '0.5.7' ],
21 silly audit   'source-map-js': [ '1.2.1' ],
21 silly audit   'sprintf-js': [ '1.0.3' ],
21 silly audit   'state-toggle': [ '1.0.3' ],
21 silly audit   'strip-bom-string': [ '1.0.0' ],
21 silly audit   'style-to-object': [ '0.3.0' ],
21 silly audit   stylis: [ '4.2.0' ],
21 silly audit   sucrase: [ '3.35.0' ],
21 silly audit   'supports-preserve-symlinks-flag': [ '1.0.0' ],
21 silly audit   tailwindcss: [ '3.4.17' ],
21 silly audit   tar: [ '7.4.3' ],
21 silly audit   'teeny-tap': [ '0.2.0' ],
21 silly audit   thenify: [ '3.3.1' ],
21 silly audit   'thenify-all': [ '1.6.0' ],
21 silly audit   'tiny-inflate': [ '1.0.3' ],
21 silly audit   'tiny-warning': [ '1.0.3' ],
21 silly audit   tinycolor2: [ '1.6.0' ],
21 silly audit   tinyexec: [ '0.3.2' ],
21 silly audit   tinyglobby: [ '0.2.15' ],
21 silly audit   'to-regex-range': [ '5.0.1' ],
21 silly audit   'tomlify-j0.4': [ '3.0.0' ],
21 silly audit   topbar: [ '0.1.4' ],
21 silly audit   tr46: [ '0.0.3' ],
21 silly audit   trim: [ '0.0.1' ],
21 silly audit   'trim-trailing-lines': [ '1.1.4' ],
21 silly audit   'truncate-utf8-bytes': [ '1.0.2' ],
21 silly audit   'ts-interface-checker': [ '0.1.13' ],
21 silly audit   tsconfck: [ '3.1.6' ],
21 silly audit   'type-fest': [ '4.41.0' ],
21 silly audit   'typesafe-path': [ '0.2.2' ],
21 silly audit   typescript: [ '5.9.2' ],
21 silly audit   'typescript-auto-import-cache': [ '0.3.6' ],
21 silly audit   ufo: [ '1.6.1' ],
21 silly audit   ultrahtml: [ '1.6.0' ],
21 silly audit   uncrypto: [ '0.1.3' ],
21 silly audit   'undici-types': [ '7.10.0' ],
21 silly audit   unherit: [ '1.1.3' ],
21 silly audit   'unicode-properties': [ '1.4.1' ],
21 silly audit   'unicode-trie': [ '2.0.0' ],
21 silly audit   unifont: [ '0.5.2' ],
21 silly audit   'unist-util-generated': [ '1.1.6' ],
21 silly audit   'unist-util-modify-children': [ '4.0.0' ],
21 silly audit   'unist-util-visit-children': [ '3.0.0' ],
21 silly audit   'update-browserslist-db': [ '1.1.3' ],
21 silly audit   'uri-js': [ '4.4.1' ],
21 silly audit   url: [ '0.11.4' ],
21 silly audit   'url-join': [ '4.0.1' ],
21 silly audit   'use-composed-ref': [ '1.4.0' ],
21 silly audit   'use-isomorphic-layout-effect': [ '1.2.1' ],
21 silly audit   'use-latest': [ '1.3.0' ],
21 silly audit   'utf8-byte-length': [ '1.0.5' ],
21 silly audit   'util-deprecate': [ '1.0.2' ],
21 silly audit   uuid: [ '8.3.2' ],
21 silly audit   'value-equal': [ '1.0.1' ],
21 silly audit   vite: [ '6.3.6' ],
21 silly audit   vitefu: [ '1.1.1' ],
21 silly audit   'volar-service-css': [ '0.0.62' ],
21 silly audit   'volar-service-emmet': [ '0.0.62' ],
21 silly audit   'volar-service-html': [ '0.0.62' ],
21 silly audit   'volar-service-prettier': [ '0.0.62' ],
21 silly audit   'volar-service-typescript': [ '0.0.62' ],
21 silly audit   'volar-service-typescript-twoslash-queries': [ '0.0.62' ],
21 silly audit   'volar-service-yaml': [ '0.0.62' ],
21 silly audit   'vscode-css-languageservice': [ '6.3.7' ],
21 silly audit   'vscode-html-languageservice': [ '5.5.1' ],
21 silly audit   'vscode-json-languageservice': [ '4.1.8' ],
21 silly audit   'vscode-jsonrpc': [ '8.2.0', '6.0.0' ],
21 silly audit   'vscode-languageserver': [ '9.0.1', '7.0.0' ],
21 silly audit   'vscode-languageserver-protocol': [ '3.17.5', '3.16.0' ],
21 silly audit   'vscode-languageserver-textdocument': [ '1.0.12' ],
21 silly audit   'vscode-languageserver-types': [ '3.17.5', '3.16.0' ],
21 silly audit   'vscode-nls': [ '5.2.0' ],
21 silly audit   'vscode-uri': [ '3.1.0' ],
21 silly audit   'web-worker': [ '1.5.0' ],
21 silly audit   'webidl-conversions': [ '3.0.1' ],
21 silly audit   'what-input': [ '5.2.12' ],
21 silly audit   'what-the-diff': [ '0.6.0' ],
21 silly audit   'whatwg-url': [ '5.0.0' ],
21 silly audit   which: [ '2.0.2' ],
21 silly audit   'which-pm-runs': [ '1.1.0' ],
21 silly audit   'widest-line': [ '5.0.0' ],
21 silly audit   ws: [ '8.18.3' ],
21 silly audit   'xml-utils': [ '1.10.2' ],
21 silly audit   xtend: [ '4.0.2' ],
21 silly audit   'xxhash-wasm': [ '1.1.0' ],
21 silly audit   y18n: [ '5.0.8' ],
21 silly audit   'yaml-language-server': [ '1.15.0' ],
21 silly audit   yargs: [ '17.7.2' ],
21 silly audit   'yargs-parser': [ '21.1.1' ],
21 silly audit   'yocto-queue': [ '1.2.1' ],
21 silly audit   'yocto-spinner': [ '0.2.3' ],
21 silly audit   yoctocolors: [ '2.1.2' ],
21 silly audit   'zen-observable': [ '0.8.15' ],
21 silly audit   zod: [ '3.25.76' ],
21 silly audit   'zod-to-json-schema': [ '3.24.6' ],
21 silly audit   'zod-to-ts': [ '1.2.0' ],
21 silly audit   postgres: [ '3.4.7' ]
21 silly audit }
22 verbose reify failed optional dependency /Users/mohammad/Projects/OIAC2/node_modules/@rollup/rollup-win32-x64-msvc
23 silly reify mark deleted [
23 silly reify   '/Users/mohammad/Projects/OIAC2/node_modules/@rollup/rollup-win32-x64-msvc'
23 silly reify ]
24 verbose reify failed optional dependency /Users/mohammad/Projects/OIAC2/node_modules/@rollup/rollup-win32-ia32-msvc
25 silly reify mark deleted [
25 silly reify   '/Users/mohammad/Projects/OIAC2/node_modules/@rollup/rollup-win32-ia32-msvc'
25 silly reify ]
26 verbose reify failed optional dependency /Users/mohammad/Projects/OIAC2/node_modules/@rollup/rollup-win32-arm64-msvc
27 silly reify mark deleted [
27 silly reify   '/Users/mohammad/Projects/OIAC2/node_modules/@rollup/rollup-win32-arm64-msvc'
27 silly reify ]
28 verbose reify failed optional dependency /Users/mohammad/Projects/OIAC2/node_modules/@rollup/rollup-openharmony-arm64
29 silly reify mark deleted [
29 silly reify   '/Users/mohammad/Projects/OIAC2/node_modules/@rollup/rollup-openharmony-arm64'
29 silly reify ]
30 verbose reify failed optional dependency /Users/mohammad/Projects/OIAC2/node_modules/@rollup/rollup-linux-x64-musl
31 silly reify mark deleted [
31 silly reify   '/Users/mohammad/Projects/OIAC2/node_modules/@rollup/rollup-linux-x64-musl'
31 silly reify ]
32 verbose reify failed optional dependency /Users/mohammad/Projects/OIAC2/node_modules/@rollup/rollup-linux-x64-gnu
33 silly reify mark deleted [
33 silly reify   '/Users/mohammad/Projects/OIAC2/node_modules/@rollup/rollup-linux-x64-gnu'
33 silly reify ]
34 verbose reify failed optional dependency /Users/mohammad/Projects/OIAC2/node_modules/@rollup/rollup-linux-s390x-gnu
35 silly reify mark deleted [
35 silly reify   '/Users/mohammad/Projects/OIAC2/node_modules/@rollup/rollup-linux-s390x-gnu'
35 silly reify ]
36 verbose reify failed optional dependency /Users/mohammad/Projects/OIAC2/node_modules/@rollup/rollup-linux-riscv64-musl
37 silly reify mark deleted [
37 silly reify   '/Users/mohammad/Projects/OIAC2/node_modules/@rollup/rollup-linux-riscv64-musl'
37 silly reify ]
38 verbose reify failed optional dependency /Users/mohammad/Projects/OIAC2/node_modules/@rollup/rollup-linux-riscv64-gnu
39 silly reify mark deleted [
39 silly reify   '/Users/mohammad/Projects/OIAC2/node_modules/@rollup/rollup-linux-riscv64-gnu'
39 silly reify ]
40 verbose reify failed optional dependency /Users/mohammad/Projects/OIAC2/node_modules/@rollup/rollup-linux-ppc64-gnu
41 silly reify mark deleted [
41 silly reify   '/Users/mohammad/Projects/OIAC2/node_modules/@rollup/rollup-linux-ppc64-gnu'
41 silly reify ]
42 verbose reify failed optional dependency /Users/mohammad/Projects/OIAC2/node_modules/@rollup/rollup-linux-loongarch64-gnu
43 silly reify mark deleted [
43 silly reify   '/Users/mohammad/Projects/OIAC2/node_modules/@rollup/rollup-linux-loongarch64-gnu'
43 silly reify ]
44 verbose reify failed optional dependency /Users/mohammad/Projects/OIAC2/node_modules/@rollup/rollup-linux-arm64-musl
45 silly reify mark deleted [
45 silly reify   '/Users/mohammad/Projects/OIAC2/node_modules/@rollup/rollup-linux-arm64-musl'
45 silly reify ]
46 verbose reify failed optional dependency /Users/mohammad/Projects/OIAC2/node_modules/@rollup/rollup-linux-arm64-gnu
47 silly reify mark deleted [
47 silly reify   '/Users/mohammad/Projects/OIAC2/node_modules/@rollup/rollup-linux-arm64-gnu'
47 silly reify ]
48 verbose reify failed optional dependency /Users/mohammad/Projects/OIAC2/node_modules/@rollup/rollup-linux-arm-musleabihf
49 silly reify mark deleted [
49 silly reify   '/Users/mohammad/Projects/OIAC2/node_modules/@rollup/rollup-linux-arm-musleabihf'
49 silly reify ]
50 verbose reify failed optional dependency /Users/mohammad/Projects/OIAC2/node_modules/@rollup/rollup-linux-arm-gnueabihf
51 silly reify mark deleted [
51 silly reify   '/Users/mohammad/Projects/OIAC2/node_modules/@rollup/rollup-linux-arm-gnueabihf'
51 silly reify ]
52 verbose reify failed optional dependency /Users/mohammad/Projects/OIAC2/node_modules/@rollup/rollup-freebsd-x64
53 silly reify mark deleted [
53 silly reify   '/Users/mohammad/Projects/OIAC2/node_modules/@rollup/rollup-freebsd-x64'
53 silly reify ]
54 verbose reify failed optional dependency /Users/mohammad/Projects/OIAC2/node_modules/@rollup/rollup-freebsd-arm64
55 silly reify mark deleted [
55 silly reify   '/Users/mohammad/Projects/OIAC2/node_modules/@rollup/rollup-freebsd-arm64'
55 silly reify ]
56 verbose reify failed optional dependency /Users/mohammad/Projects/OIAC2/node_modules/@rollup/rollup-darwin-x64
57 silly reify mark deleted [
57 silly reify   '/Users/mohammad/Projects/OIAC2/node_modules/@rollup/rollup-darwin-x64'
57 silly reify ]
58 verbose reify failed optional dependency /Users/mohammad/Projects/OIAC2/node_modules/@rollup/rollup-android-arm64
59 silly reify mark deleted [
59 silly reify   '/Users/mohammad/Projects/OIAC2/node_modules/@rollup/rollup-android-arm64'
59 silly reify ]
60 verbose reify failed optional dependency /Users/mohammad/Projects/OIAC2/node_modules/@rollup/rollup-android-arm-eabi
61 silly reify mark deleted [
61 silly reify   '/Users/mohammad/Projects/OIAC2/node_modules/@rollup/rollup-android-arm-eabi'
61 silly reify ]
62 verbose reify failed optional dependency /Users/mohammad/Projects/OIAC2/node_modules/@img/sharp-win32-x64
63 silly reify mark deleted [ '/Users/mohammad/Projects/OIAC2/node_modules/@img/sharp-win32-x64' ]
64 verbose reify failed optional dependency /Users/mohammad/Projects/OIAC2/node_modules/@img/sharp-win32-ia32
65 silly reify mark deleted [ '/Users/mohammad/Projects/OIAC2/node_modules/@img/sharp-win32-ia32' ]
66 verbose reify failed optional dependency /Users/mohammad/Projects/OIAC2/node_modules/@img/sharp-wasm32
67 silly reify mark deleted [ '/Users/mohammad/Projects/OIAC2/node_modules/@img/sharp-wasm32' ]
68 verbose reify failed optional dependency /Users/mohammad/Projects/OIAC2/node_modules/@emnapi/runtime
69 silly reify mark deleted [ '/Users/mohammad/Projects/OIAC2/node_modules/@emnapi/runtime' ]
70 verbose reify failed optional dependency /Users/mohammad/Projects/OIAC2/node_modules/@img/sharp-linuxmusl-x64
71 silly reify mark deleted [
71 silly reify   '/Users/mohammad/Projects/OIAC2/node_modules/@img/sharp-linuxmusl-x64'
71 silly reify ]
72 verbose reify failed optional dependency /Users/mohammad/Projects/OIAC2/node_modules/@img/sharp-linuxmusl-arm64
73 silly reify mark deleted [
73 silly reify   '/Users/mohammad/Projects/OIAC2/node_modules/@img/sharp-linuxmusl-arm64'
73 silly reify ]
74 verbose reify failed optional dependency /Users/mohammad/Projects/OIAC2/node_modules/@img/sharp-linux-x64
75 silly reify mark deleted [ '/Users/mohammad/Projects/OIAC2/node_modules/@img/sharp-linux-x64' ]
76 verbose reify failed optional dependency /Users/mohammad/Projects/OIAC2/node_modules/@img/sharp-linux-s390x
77 silly reify mark deleted [
77 silly reify   '/Users/mohammad/Projects/OIAC2/node_modules/@img/sharp-linux-s390x'
77 silly reify ]
78 verbose reify failed optional dependency /Users/mohammad/Projects/OIAC2/node_modules/@img/sharp-linux-arm64
79 silly reify mark deleted [
79 silly reify   '/Users/mohammad/Projects/OIAC2/node_modules/@img/sharp-linux-arm64'
79 silly reify ]
80 verbose reify failed optional dependency /Users/mohammad/Projects/OIAC2/node_modules/@img/sharp-linux-arm
81 silly reify mark deleted [ '/Users/mohammad/Projects/OIAC2/node_modules/@img/sharp-linux-arm' ]
82 verbose reify failed optional dependency /Users/mohammad/Projects/OIAC2/node_modules/@img/sharp-libvips-linuxmusl-x64
83 silly reify mark deleted [
83 silly reify   '/Users/mohammad/Projects/OIAC2/node_modules/@img/sharp-libvips-linuxmusl-x64'
83 silly reify ]
84 verbose reify failed optional dependency /Users/mohammad/Projects/OIAC2/node_modules/@img/sharp-libvips-linuxmusl-arm64
85 silly reify mark deleted [
85 silly reify   '/Users/mohammad/Projects/OIAC2/node_modules/@img/sharp-libvips-linuxmusl-arm64'
85 silly reify ]
86 verbose reify failed optional dependency /Users/mohammad/Projects/OIAC2/node_modules/@img/sharp-libvips-linux-x64
87 silly reify mark deleted [
87 silly reify   '/Users/mohammad/Projects/OIAC2/node_modules/@img/sharp-libvips-linux-x64'
87 silly reify ]
88 verbose reify failed optional dependency /Users/mohammad/Projects/OIAC2/node_modules/@img/sharp-libvips-linux-s390x
89 silly reify mark deleted [
89 silly reify   '/Users/mohammad/Projects/OIAC2/node_modules/@img/sharp-libvips-linux-s390x'
89 silly reify ]
90 verbose reify failed optional dependency /Users/mohammad/Projects/OIAC2/node_modules/@img/sharp-libvips-linux-arm64
91 silly reify mark deleted [
91 silly reify   '/Users/mohammad/Projects/OIAC2/node_modules/@img/sharp-libvips-linux-arm64'
91 silly reify ]
92 verbose reify failed optional dependency /Users/mohammad/Projects/OIAC2/node_modules/@img/sharp-libvips-linux-arm
93 silly reify mark deleted [
93 silly reify   '/Users/mohammad/Projects/OIAC2/node_modules/@img/sharp-libvips-linux-arm'
93 silly reify ]
94 verbose reify failed optional dependency /Users/mohammad/Projects/OIAC2/node_modules/@img/sharp-libvips-darwin-x64
95 silly reify mark deleted [
95 silly reify   '/Users/mohammad/Projects/OIAC2/node_modules/@img/sharp-libvips-darwin-x64'
95 silly reify ]
96 verbose reify failed optional dependency /Users/mohammad/Projects/OIAC2/node_modules/@img/sharp-darwin-x64
97 silly reify mark deleted [ '/Users/mohammad/Projects/OIAC2/node_modules/@img/sharp-darwin-x64' ]
98 verbose reify failed optional dependency /Users/mohammad/Projects/OIAC2/node_modules/@esbuild/win32-x64
99 silly reify mark deleted [ '/Users/mohammad/Projects/OIAC2/node_modules/@esbuild/win32-x64' ]
100 verbose reify failed optional dependency /Users/mohammad/Projects/OIAC2/node_modules/@esbuild/win32-ia32
101 silly reify mark deleted [ '/Users/mohammad/Projects/OIAC2/node_modules/@esbuild/win32-ia32' ]
102 verbose reify failed optional dependency /Users/mohammad/Projects/OIAC2/node_modules/@esbuild/win32-arm64
103 silly reify mark deleted [ '/Users/mohammad/Projects/OIAC2/node_modules/@esbuild/win32-arm64' ]
104 verbose reify failed optional dependency /Users/mohammad/Projects/OIAC2/node_modules/@esbuild/sunos-x64
105 silly reify mark deleted [ '/Users/mohammad/Projects/OIAC2/node_modules/@esbuild/sunos-x64' ]
106 verbose reify failed optional dependency /Users/mohammad/Projects/OIAC2/node_modules/@esbuild/openharmony-arm64
107 silly reify mark deleted [
107 silly reify   '/Users/mohammad/Projects/OIAC2/node_modules/@esbuild/openharmony-arm64'
107 silly reify ]
108 verbose reify failed optional dependency /Users/mohammad/Projects/OIAC2/node_modules/@esbuild/openbsd-x64
109 silly reify mark deleted [ '/Users/mohammad/Projects/OIAC2/node_modules/@esbuild/openbsd-x64' ]
110 verbose reify failed optional dependency /Users/mohammad/Projects/OIAC2/node_modules/@esbuild/openbsd-arm64
111 silly reify mark deleted [
111 silly reify   '/Users/mohammad/Projects/OIAC2/node_modules/@esbuild/openbsd-arm64'
111 silly reify ]
112 verbose reify failed optional dependency /Users/mohammad/Projects/OIAC2/node_modules/@esbuild/netbsd-x64
113 silly reify mark deleted [ '/Users/mohammad/Projects/OIAC2/node_modules/@esbuild/netbsd-x64' ]
114 verbose reify failed optional dependency /Users/mohammad/Projects/OIAC2/node_modules/@esbuild/netbsd-arm64
115 silly reify mark deleted [ '/Users/mohammad/Projects/OIAC2/node_modules/@esbuild/netbsd-arm64' ]
116 verbose reify failed optional dependency /Users/mohammad/Projects/OIAC2/node_modules/@esbuild/linux-x64
117 silly reify mark deleted [ '/Users/mohammad/Projects/OIAC2/node_modules/@esbuild/linux-x64' ]
118 verbose reify failed optional dependency /Users/mohammad/Projects/OIAC2/node_modules/@esbuild/linux-s390x
119 silly reify mark deleted [ '/Users/mohammad/Projects/OIAC2/node_modules/@esbuild/linux-s390x' ]
120 verbose reify failed optional dependency /Users/mohammad/Projects/OIAC2/node_modules/@esbuild/linux-riscv64
121 silly reify mark deleted [
121 silly reify   '/Users/mohammad/Projects/OIAC2/node_modules/@esbuild/linux-riscv64'
121 silly reify ]
122 verbose reify failed optional dependency /Users/mohammad/Projects/OIAC2/node_modules/@esbuild/linux-ppc64
123 silly reify mark deleted [ '/Users/mohammad/Projects/OIAC2/node_modules/@esbuild/linux-ppc64' ]
124 verbose reify failed optional dependency /Users/mohammad/Projects/OIAC2/node_modules/@esbuild/linux-mips64el
125 silly reify mark deleted [
125 silly reify   '/Users/mohammad/Projects/OIAC2/node_modules/@esbuild/linux-mips64el'
125 silly reify ]
126 verbose reify failed optional dependency /Users/mohammad/Projects/OIAC2/node_modules/@esbuild/linux-loong64
127 silly reify mark deleted [
127 silly reify   '/Users/mohammad/Projects/OIAC2/node_modules/@esbuild/linux-loong64'
127 silly reify ]
128 verbose reify failed optional dependency /Users/mohammad/Projects/OIAC2/node_modules/@esbuild/linux-ia32
129 silly reify mark deleted [ '/Users/mohammad/Projects/OIAC2/node_modules/@esbuild/linux-ia32' ]
130 verbose reify failed optional dependency /Users/mohammad/Projects/OIAC2/node_modules/@esbuild/linux-arm64
131 silly reify mark deleted [ '/Users/mohammad/Projects/OIAC2/node_modules/@esbuild/linux-arm64' ]
132 verbose reify failed optional dependency /Users/mohammad/Projects/OIAC2/node_modules/@esbuild/linux-arm
133 silly reify mark deleted [ '/Users/mohammad/Projects/OIAC2/node_modules/@esbuild/linux-arm' ]
134 verbose reify failed optional dependency /Users/mohammad/Projects/OIAC2/node_modules/@esbuild/freebsd-x64
135 silly reify mark deleted [ '/Users/mohammad/Projects/OIAC2/node_modules/@esbuild/freebsd-x64' ]
136 verbose reify failed optional dependency /Users/mohammad/Projects/OIAC2/node_modules/@esbuild/freebsd-arm64
137 silly reify mark deleted [
137 silly reify   '/Users/mohammad/Projects/OIAC2/node_modules/@esbuild/freebsd-arm64'
137 silly reify ]
138 verbose reify failed optional dependency /Users/mohammad/Projects/OIAC2/node_modules/@esbuild/darwin-x64
139 silly reify mark deleted [ '/Users/mohammad/Projects/OIAC2/node_modules/@esbuild/darwin-x64' ]
140 verbose reify failed optional dependency /Users/mohammad/Projects/OIAC2/node_modules/@esbuild/android-x64
141 silly reify mark deleted [ '/Users/mohammad/Projects/OIAC2/node_modules/@esbuild/android-x64' ]
142 verbose reify failed optional dependency /Users/mohammad/Projects/OIAC2/node_modules/@esbuild/android-arm64
143 silly reify mark deleted [
143 silly reify   '/Users/mohammad/Projects/OIAC2/node_modules/@esbuild/android-arm64'
143 silly reify ]
144 verbose reify failed optional dependency /Users/mohammad/Projects/OIAC2/node_modules/@esbuild/android-arm
145 silly reify mark deleted [ '/Users/mohammad/Projects/OIAC2/node_modules/@esbuild/android-arm' ]
146 verbose reify failed optional dependency /Users/mohammad/Projects/OIAC2/node_modules/@esbuild/aix-ppc64
147 silly reify mark deleted [ '/Users/mohammad/Projects/OIAC2/node_modules/@esbuild/aix-ppc64' ]
148 http cache postgres@https://registry.npmjs.org/postgres/-/postgres-3.4.7.tgz 0ms (cache hit)
149 http cache @emnapi/runtime@https://registry.npmjs.org/@emnapi/runtime/-/runtime-1.5.0.tgz 0ms (cache hit)
150 silly tarball no local data for postgres@https://registry.npmjs.org/postgres/-/postgres-3.4.7.tgz. Extracting by manifest.
151 http fetch GET 200 https://registry.npmjs.org/postgres/-/postgres-3.4.7.tgz 119ms (cache miss)
152 http fetch POST 200 https://registry.npmjs.org/-/npm/v1/security/advisories/bulk 210ms
153 silly audit report {
153 silly audit report   astro: [
153 silly audit report     {
153 silly audit report       id: 1111026,
153 silly audit report       url: 'https://github.com/advisories/GHSA-fvmw-cj7j-j39q',
153 silly audit report       title: 'Astro Cloudflare adapter has Stored Cross-site Scripting vulnerability in /_image endpoint',
153 silly audit report       severity: 'moderate',
153 silly audit report       vulnerable_versions: '<5.15.9',
153 silly audit report       cwe: [Array],
153 silly audit report       cvss: [Object]
153 silly audit report     },
153 silly audit report     {
153 silly audit report       id: 1111027,
153 silly audit report       url: 'https://github.com/advisories/GHSA-ggxq-hp9w-j794',
153 silly audit report       title: "Astro's middleware authentication checks based on url.pathname can be bypassed via url encoded values",
153 silly audit report       severity: 'moderate',
153 silly audit report       vulnerable_versions: '<5.15.8',
153 silly audit report       cwe: [Array],
153 silly audit report       cvss: [Object]
153 silly audit report     },
153 silly audit report     {
153 silly audit report       id: 1111028,
153 silly audit report       url: 'https://github.com/advisories/GHSA-w2vj-39qv-7vh7',
153 silly audit report       title: 'Astro development server error page is vulnerable to reflected Cross-site Scripting',
153 silly audit report       severity: 'low',
153 silly audit report       vulnerable_versions: '>=5.2.0 <5.15.6',
153 silly audit report       cwe: [Array],
153 silly audit report       cvss: [Object]
153 silly audit report     },
153 silly audit report     {
153 silly audit report       id: 1111294,
153 silly audit report       url: 'https://github.com/advisories/GHSA-whqg-ppgf-wp8c',
153 silly audit report       title: 'Astro has an Authentication Bypass via Double URL Encoding, a bypass for CVE-2025-64765',
153 silly audit report       severity: 'moderate',
153 silly audit report       vulnerable_versions: '<5.15.8',
153 silly audit report       cwe: [Array],
153 silly audit report       cvss: [Object]
153 silly audit report     },
153 silly audit report     {
153 silly audit report       id: 1108906,
153 silly audit report       url: 'https://github.com/advisories/GHSA-5ff5-9fcw-vg88',
153 silly audit report       title: "Astro's `X-Forwarded-Host` is reflected without validation",
153 silly audit report       severity: 'moderate',
153 silly audit report       vulnerable_versions: '<5.14.3',
153 silly audit report       cwe: [Array],
153 silly audit report       cvss: [Object]
153 silly audit report     },
153 silly audit report     {
153 silly audit report       id: 1109306,
153 silly audit report       url: 'https://github.com/advisories/GHSA-qcpr-679q-rhm2',
153 silly audit report       title: "Astro's bypass of image proxy domain validation leads to SSRF and potential XSS",
153 silly audit report       severity: 'high',
153 silly audit report       vulnerable_versions: '>=5.13.4 <5.13.10',
153 silly audit report       cwe: [Array],
153 silly audit report       cvss: [Object]
153 silly audit report     },
153 silly audit report     {
153 silly audit report       id: 1109738,
153 silly audit report       url: 'https://github.com/advisories/GHSA-hr2q-hp5q-x767',
153 silly audit report       title: 'Astro vulnerable to URL manipulation via headers, leading to middleware and CVE-2025-61925 bypass',
153 silly audit report       severity: 'moderate',
153 silly audit report       vulnerable_versions: '>=2.16.0 <5.15.5',
153 silly audit report       cwe: [Array],
153 silly audit report       cvss: [Object]
153 silly audit report     },
153 silly audit report     {
153 silly audit report       id: 1109850,
153 silly audit report       url: 'https://github.com/advisories/GHSA-wrwg-2hg8-v723',
153 silly audit report       title: 'Astro vulnerable to reflected XSS via the server islands feature',
153 silly audit report       severity: 'high',
153 silly audit report       vulnerable_versions: '<=5.15.6',
153 silly audit report       cwe: [Array],
153 silly audit report       cvss: [Object]
153 silly audit report     },
153 silly audit report     {
153 silly audit report       id: 1109851,
153 silly audit report       url: 'https://github.com/advisories/GHSA-x3h8-62x9-952g',
153 silly audit report       title: 'Astro Development Server has Arbitrary Local File Read',
153 silly audit report       severity: 'low',
153 silly audit report       vulnerable_versions: '<5.14.3',
153 silly audit report       cwe: [Array],
153 silly audit report       cvss: [Object]
153 silly audit report     }
153 silly audit report   ],
153 silly audit report   axios: [
153 silly audit report     {
153 silly audit report       id: 1108263,
153 silly audit report       url: 'https://github.com/advisories/GHSA-4hjh-wcwx-xvwj',
153 silly audit report       title: 'Axios is vulnerable to DoS attack through lack of data size check',
153 silly audit report       severity: 'high',
153 silly audit report       vulnerable_versions: '>=1.0.0 <1.12.0',
153 silly audit report       cwe: [Array],
153 silly audit report       cvss: [Object]
153 silly audit report     }
153 silly audit report   ],
153 silly audit report   'mdast-util-to-hast': [
153 silly audit report     {
153 silly audit report       id: 1111093,
153 silly audit report       url: 'https://github.com/advisories/GHSA-4fh9-h7wg-q85m',
153 silly audit report       title: 'mdast-util-to-hast has unsanitized class attribute',
153 silly audit report       severity: 'moderate',
153 silly audit report       vulnerable_versions: '>=13.0.0 <13.2.1',
153 silly audit report       cwe: [Array],
153 silly audit report       cvss: [Object]
153 silly audit report     }
153 silly audit report   ],
153 silly audit report   glob: [
153 silly audit report     {
153 silly audit report       id: 1109842,
153 silly audit report       url: 'https://github.com/advisories/GHSA-5j98-mcp5-4vw2',
153 silly audit report       title: 'glob CLI: Command injection via -c/--cmd executes matches with shell:true',
153 silly audit report       severity: 'high',
153 silly audit report       vulnerable_versions: '>=10.2.0 <10.5.0',
153 silly audit report       cwe: [Array],
153 silly audit report       cvss: [Object]
153 silly audit report     }
153 silly audit report   ],
153 silly audit report   'js-yaml': [
153 silly audit report     {
153 silly audit report       id: 1109802,
153 silly audit report       url: 'https://github.com/advisories/GHSA-mh29-5h37-fv8m',
153 silly audit report       title: 'js-yaml has prototype pollution in merge (<<)',
153 silly audit report       severity: 'moderate',
153 silly audit report       vulnerable_versions: '>=4.0.0 <4.1.1',
153 silly audit report       cwe: [Array],
153 silly audit report       cvss: [Object]
153 silly audit report     }
153 silly audit report   ],
153 silly audit report   'path-to-regexp': [
153 silly audit report     {
153 silly audit report       id: 1101846,
153 silly audit report       url: 'https://github.com/advisories/GHSA-9wv6-86v2-598j',
153 silly audit report       title: 'path-to-regexp outputs backtracking regular expressions',
153 silly audit report       severity: 'high',
153 silly audit report       vulnerable_versions: '>=4.0.0 <6.3.0',
153 silly audit report       cwe: [Array],
153 silly audit report       cvss: [Object]
153 silly audit report     }
153 silly audit report   ],
153 silly audit report   trim: [
153 silly audit report     {
153 silly audit report       id: 1089867,
153 silly audit report       url: 'https://github.com/advisories/GHSA-w5p7-h5w8-2hfq',
153 silly audit report       title: 'Regular Expression Denial of Service in trim',
153 silly audit report       severity: 'high',
153 silly audit report       vulnerable_versions: '<0.0.3',
153 silly audit report       cwe: [Array],
153 silly audit report       cvss: [Object]
153 silly audit report     }
153 silly audit report   ],
153 silly audit report   vite: [
153 silly audit report     {
153 silly audit report       id: 1109135,
153 silly audit report       url: 'https://github.com/advisories/GHSA-93m4-6634-74q7',
153 silly audit report       title: 'vite allows server.fs.deny bypass via backslash on Windows',
153 silly audit report       severity: 'moderate',
153 silly audit report       vulnerable_versions: '>=6.0.0 <=6.4.0',
153 silly audit report       cwe: [Array],
153 silly audit report       cvss: [Object]
153 silly audit report     }
153 silly audit report   ]
153 silly audit report }
154 silly packumentCache corgi:https://registry.npmjs.org/astro cache-miss
155 silly packumentCache corgi:https://registry.npmjs.org/axios cache-miss
156 silly packumentCache corgi:https://registry.npmjs.org/mdast-util-to-hast cache-miss
157 silly packumentCache corgi:https://registry.npmjs.org/glob cache-miss
158 silly packumentCache corgi:https://registry.npmjs.org/js-yaml cache-miss
159 silly packumentCache corgi:https://registry.npmjs.org/path-to-regexp cache-miss
160 silly packumentCache corgi:https://registry.npmjs.org/trim cache-miss
161 silly packumentCache corgi:https://registry.npmjs.org/vite cache-miss
162 http fetch GET 200 https://registry.npmjs.org/axios 93ms (cache revalidated)
163 silly packumentCache corgi:https://registry.npmjs.org/axios set size:262593 disposed:false
164 http fetch GET 200 https://registry.npmjs.org/vite 150ms (cache revalidated)
165 silly packumentCache corgi:https://registry.npmjs.org/vite set size:2139308 disposed:false
166 http fetch GET 200 https://registry.npmjs.org/glob 159ms (cache revalidated)
167 silly packumentCache corgi:https://registry.npmjs.org/glob set size:159574 disposed:false
168 http fetch GET 200 https://registry.npmjs.org/astro 164ms (cache revalidated)
169 silly packumentCache corgi:https://registry.npmjs.org/astro set size:4157681 disposed:false
170 http fetch GET 200 https://registry.npmjs.org/trim 201ms (cache revalidated)
171 silly packumentCache corgi:https://registry.npmjs.org/trim set size:6650 disposed:false
172 http fetch GET 200 https://registry.npmjs.org/js-yaml 201ms (cache revalidated)
173 silly packumentCache corgi:https://registry.npmjs.org/js-yaml set size:58533 disposed:false
174 http fetch GET 200 https://registry.npmjs.org/mdast-util-to-hast 201ms (cache revalidated)
175 silly packumentCache corgi:https://registry.npmjs.org/mdast-util-to-hast set size:102498 disposed:false
176 http fetch GET 200 https://registry.npmjs.org/path-to-regexp 207ms (cache revalidated)
177 silly packumentCache corgi:https://registry.npmjs.org/path-to-regexp set size:63416 disposed:false
178 silly packumentCache corgi:https://registry.npmjs.org/@mailchimp%2fmailchimp_transactional cache-miss
179 http fetch GET 200 https://registry.npmjs.org/@mailchimp%2fmailchimp_transactional 223ms (cache revalidated)
180 silly packumentCache corgi:https://registry.npmjs.org/@mailchimp%2fmailchimp_transactional set size:61774 disposed:false
181 silly packumentCache corgi:https://registry.npmjs.org/hast-util-raw cache-miss
182 silly packumentCache corgi:https://registry.npmjs.org/hast-util-to-html cache-miss
183 silly packumentCache corgi:https://registry.npmjs.org/remark-rehype cache-miss
184 http fetch GET 200 https://registry.npmjs.org/hast-util-to-html 68ms (cache revalidated)
185 silly packumentCache corgi:https://registry.npmjs.org/hast-util-to-html set size:51923 disposed:false
186 http fetch GET 200 https://registry.npmjs.org/hast-util-raw 112ms (cache revalidated)
187 silly packumentCache corgi:https://registry.npmjs.org/hast-util-raw set size:50173 disposed:false
188 http fetch GET 200 https://registry.npmjs.org/remark-rehype 116ms (cache revalidated)
189 silly packumentCache corgi:https://registry.npmjs.org/remark-rehype set size:33925 disposed:false
190 silly packumentCache corgi:https://registry.npmjs.org/@vercel%2fnft cache-miss
191 silly packumentCache corgi:https://registry.npmjs.org/sucrase cache-miss
192 http fetch GET 200 https://registry.npmjs.org/sucrase 64ms (cache revalidated)
193 silly packumentCache corgi:https://registry.npmjs.org/sucrase set size:163085 disposed:false
194 http fetch GET 200 https://registry.npmjs.org/@vercel%2fnft 272ms (cache revalidated)
195 silly packumentCache corgi:https://registry.npmjs.org/@vercel%2fnft set size:274769 disposed:false
196 silly packumentCache corgi:https://registry.npmjs.org/@astrojs%2fmarkdown-remark cache-miss
197 http fetch GET 200 https://registry.npmjs.org/@astrojs%2fmarkdown-remark 257ms (cache revalidated)
198 silly packumentCache corgi:https://registry.npmjs.org/@astrojs%2fmarkdown-remark set size:293462 disposed:false
199 silly packumentCache corgi:https://registry.npmjs.org/@vercel%2frouting-utils cache-miss
200 http fetch GET 200 https://registry.npmjs.org/@vercel%2frouting-utils 322ms (cache revalidated)
201 silly packumentCache corgi:https://registry.npmjs.org/@vercel%2frouting-utils set size:143244 disposed:false
202 silly packumentCache corgi:https://registry.npmjs.org/remark-parse cache-miss
203 http fetch GET 200 https://registry.npmjs.org/remark-parse 102ms (cache revalidated)
204 silly packumentCache corgi:https://registry.npmjs.org/remark-parse set size:41997 disposed:false
205 silly packumentCache corgi:https://registry.npmjs.org/@astrojs%2freact cache-miss
206 http fetch GET 200 https://registry.npmjs.org/@astrojs%2freact 202ms (cache revalidated)
207 silly packumentCache corgi:https://registry.npmjs.org/@astrojs%2freact set size:202540 disposed:false
208 silly packumentCache corgi:https://registry.npmjs.org/@astrojs%2fvercel cache-miss
209 http fetch GET 200 https://registry.npmjs.org/@astrojs%2fvercel 506ms (cache revalidated)
210 silly packumentCache corgi:https://registry.npmjs.org/@astrojs%2fvercel set size:330808 disposed:false
211 silly packumentCache corgi:https://registry.npmjs.org/decap-cms-widget-markdown cache-miss
212 http fetch GET 200 https://registry.npmjs.org/decap-cms-widget-markdown 185ms (cache revalidated)
213 silly packumentCache corgi:https://registry.npmjs.org/decap-cms-widget-markdown set size:33862 disposed:false
214 silly packumentCache corgi:https://registry.npmjs.org/decap-cms-app cache-miss
215 http fetch GET 200 https://registry.npmjs.org/decap-cms-app 227ms (cache revalidated)
216 silly packumentCache corgi:https://registry.npmjs.org/decap-cms-app set size:103802 disposed:false
217 silly ADD node_modules/postgres
218 silly ADD
219 silly ADD
220 silly ADD
221 silly ADD
222 silly ADD
223 silly ADD
224 silly ADD
225 silly ADD
226 silly ADD
227 silly ADD
228 silly ADD
229 silly ADD
230 silly ADD
231 silly ADD
232 silly ADD
233 silly ADD
234 silly ADD
235 silly ADD
236 silly ADD
237 silly ADD
238 silly ADD
239 silly ADD
240 silly ADD
241 silly ADD
242 silly ADD
243 silly ADD
244 silly ADD
245 silly ADD
246 silly ADD
247 silly ADD
248 silly ADD
249 silly ADD
250 silly ADD
251 silly ADD
252 silly ADD
253 silly ADD
254 silly ADD
255 silly ADD
256 silly ADD
257 silly ADD
258 silly ADD
259 silly ADD
260 silly ADD
261 silly ADD
262 silly ADD
263 silly ADD
264 silly ADD
265 silly ADD
266 silly ADD
267 silly ADD
268 silly ADD
269 silly ADD
270 silly ADD
271 silly ADD
272 silly ADD
273 silly ADD
274 silly ADD
275 silly ADD
276 silly ADD
277 silly ADD
278 silly ADD
279 silly ADD
280 silly ADD
281 verbose cwd /Users/mohammad/Projects/OIAC2
282 verbose os Darwin 25.1.0
283 verbose node v22.17.1
284 verbose npm  v10.9.2
285 verbose exit 0
286 info ok
