0 verbose cli /usr/local/bin/node /usr/local/bin/npm
1 info using npm@10.9.2
2 info using node@v22.17.1
3 silly config load:file:/usr/local/lib/node_modules/npm/npmrc
4 silly config load:file:/Users/mohammad/Projects/OIAC2/.npmrc
5 silly config load:file:/Users/mohammad/.npmrc
6 silly config load:file:/usr/local/etc/npmrc
7 verbose title npm install postgres
8 verbose argv "install" "postgres"
9 verbose logfile logs-max:10 dir:/Users/mohammad/Projects/OIAC2/.npm-cache/_logs/2025-12-11T00_45_34_137Z-
10 verbose logfile /Users/mohammad/Projects/OIAC2/.npm-cache/_logs/2025-12-11T00_45_34_137Z-debug-0.log
11 silly logfile start cleaning logs, removing 1 files
12 silly packumentCache heap:4345298944 maxSize:1086324736 maxEntrySize:543162368
13 silly logfile done cleaning log files
14 silly idealTree buildDeps
15 silly fetch manifest postgres@*
16 silly packumentCache full:https://registry.npmjs.org/postgres cache-miss
17 http fetch GET 200 https://registry.npmjs.org/postgres 261ms (cache revalidated)
18 silly packumentCache full:https://registry.npmjs.org/postgres set size:180764 disposed:false
19 silly placeDep ROOT postgres@3.4.7 OK for: oiac2@0.0.1 want: *
20 silly fetch manifest prettier@^3.0.0
21 silly packumentCache full:https://registry.npmjs.org/prettier cache-miss
22 http fetch GET 200 https://registry.npmjs.org/prettier 110ms (cache revalidated)
23 silly packumentCache full:https://registry.npmjs.org/prettier set size:642387 disposed:false
24 silly placeDep ROOT prettier@3.7.4 REPLACE for: @astrojs/language-server@2.15.4 want: ^3.0.0
25 silly fetch manifest ajv@^8.0.1
26 silly packumentCache full:https://registry.npmjs.org/ajv cache-miss
27 http fetch GET 200 https://registry.npmjs.org/ajv 128ms (cache revalidated)
28 silly packumentCache full:https://registry.npmjs.org/ajv set size:1126055 disposed:false
29 silly placeDep ROOT ajv@8.17.1 REPLACE for: ajv-errors@3.0.0 want: ^8.0.1
30 silly fetch manifest json-schema-traverse@^1.0.0
31 silly packumentCache full:https://registry.npmjs.org/json-schema-traverse cache-miss
32 http fetch GET 200 https://registry.npmjs.org/json-schema-traverse 88ms (cache revalidated)
33 silly packumentCache full:https://registry.npmjs.org/json-schema-traverse set size:23537 disposed:false
34 silly fetch manifest ajv@^6.12.3
35 silly packumentCache full:https://registry.npmjs.org/ajv cache-miss
36 http cache https://registry.npmjs.org/ajv 5ms (cache hit)
37 silly packumentCache full:https://registry.npmjs.org/ajv set size:1126055 disposed:false
38 silly placeDep node_modules/@vercel/routing-utils ajv@6.12.6 OK for: @vercel/routing-utils@5.1.1 want: ^6.12.3
39 silly fetch manifest uri-js@^4.2.2
40 silly packumentCache full:https://registry.npmjs.org/uri-js cache-miss
41 silly fetch manifest json-schema-traverse@^0.4.1
42 silly packumentCache full:https://registry.npmjs.org/json-schema-traverse cache-hit
43 http fetch GET 200 https://registry.npmjs.org/uri-js 60ms (cache revalidated)
44 silly packumentCache full:https://registry.npmjs.org/uri-js set size:42559 disposed:false
45 silly placeDep ROOT json-schema-traverse@1.0.0 OK for: ajv@8.17.1 want: ^1.0.0
46 silly fetch manifest graphql@^0.11.0 || ^0.12.0 || ^0.13.0 || ^14.0.0 || ^15.0.0
47 silly packumentCache full:https://registry.npmjs.org/graphql cache-miss
48 http fetch GET 200 https://registry.npmjs.org/graphql 46ms (cache revalidated)
49 silly packumentCache full:https://registry.npmjs.org/graphql set size:800855 disposed:false
50 warn ERESOLVE overriding peer dependency {
50 warn ERESOLVE   code: 'ERESOLVE',
50 warn ERESOLVE   edge: {
50 warn ERESOLVE     type: 'peer',
50 warn ERESOLVE     name: 'graphql',
50 warn ERESOLVE     spec: '^0.11.0 || ^0.12.0 || ^0.13.0 || ^14.0.0 || ^15.0.0',
50 warn ERESOLVE     error: 'INVALID',
50 warn ERESOLVE     from: {
50 warn ERESOLVE       name: 'apollo-cache',
50 warn ERESOLVE       version: '1.3.5',
50 warn ERESOLVE       location: 'node_modules/apollo-cache',
50 warn ERESOLVE       isWorkspace: false,
50 warn ERESOLVE       dependents: [Array]
50 warn ERESOLVE     }
50 warn ERESOLVE   },
50 warn ERESOLVE   dep: {
50 warn ERESOLVE     name: 'graphql',
50 warn ERESOLVE     version: '15.10.1',
50 warn ERESOLVE     whileInstalling: {
50 warn ERESOLVE       name: 'apollo-cache',
50 warn ERESOLVE       version: '1.3.5',
50 warn ERESOLVE       path: '/Users/mohammad/Projects/OIAC2/node_modules/apollo-cache'
50 warn ERESOLVE     },
50 warn ERESOLVE     location: 'node_modules/graphql',
50 warn ERESOLVE     isWorkspace: false,
50 warn ERESOLVE     dependents: [ [Object] ]
50 warn ERESOLVE   },
50 warn ERESOLVE   force: false,
50 warn ERESOLVE   isMine: false,
50 warn ERESOLVE   strictPeerDeps: false,
50 warn ERESOLVE   current: {
50 warn ERESOLVE     name: 'graphql',
50 warn ERESOLVE     version: '16.11.0',
50 warn ERESOLVE     location: 'node_modules/graphql',
50 warn ERESOLVE     isWorkspace: false,
50 warn ERESOLVE     dependents: [ [Object], [Object], [Object], [Object] ]
50 warn ERESOLVE   },
50 warn ERESOLVE   peerConflict: {
50 warn ERESOLVE     current: {
50 warn ERESOLVE       name: 'graphql',
50 warn ERESOLVE       version: '16.11.0',
50 warn ERESOLVE       location: 'node_modules/graphql',
50 warn ERESOLVE       isWorkspace: false,
50 warn ERESOLVE       dependents: [Array]
50 warn ERESOLVE     },
50 warn ERESOLVE     peer: {
50 warn ERESOLVE       name: 'graphql',
50 warn ERESOLVE       version: '15.10.1',
50 warn ERESOLVE       whileInstalling: [Object],
50 warn ERESOLVE       location: 'node_modules/graphql',
50 warn ERESOLVE       isWorkspace: false,
50 warn ERESOLVE       dependents: [Array]
50 warn ERESOLVE     }
50 warn ERESOLVE   }
50 warn ERESOLVE }
51 warn ERESOLVE overriding peer dependency {
51 warn ERESOLVE   code: 'ERESOLVE',
51 warn ERESOLVE   edge: {
51 warn ERESOLVE     type: 'peer',
51 warn ERESOLVE     name: 'graphql',
51 warn ERESOLVE     spec: '^0.11.0 || ^0.12.0 || ^0.13.0 || ^14.0.0 || ^15.0.0',
51 warn ERESOLVE     error: 'INVALID',
51 warn ERESOLVE     from: {
51 warn ERESOLVE       name: 'apollo-cache-inmemory',
51 warn ERESOLVE       version: '1.6.6',
51 warn ERESOLVE       location: 'node_modules/apollo-cache-inmemory',
51 warn ERESOLVE       isWorkspace: false,
51 warn ERESOLVE       dependents: [Array]
51 warn ERESOLVE     }
51 warn ERESOLVE   },
51 warn ERESOLVE   dep: {
51 warn ERESOLVE     name: 'graphql',
51 warn ERESOLVE     version: '15.10.1',
51 warn ERESOLVE     whileInstalling: {
51 warn ERESOLVE       name: 'apollo-cache-inmemory',
51 warn ERESOLVE       version: '1.6.6',
51 warn ERESOLVE       path: '/Users/mohammad/Projects/OIAC2/node_modules/apollo-cache-inmemory'
51 warn ERESOLVE     },
51 warn ERESOLVE     location: 'node_modules/graphql',
51 warn ERESOLVE     isWorkspace: false,
51 warn ERESOLVE     dependents: [ [Object] ]
51 warn ERESOLVE   },
51 warn ERESOLVE   force: false,
51 warn ERESOLVE   isMine: false,
51 warn ERESOLVE   strictPeerDeps: false,
51 warn ERESOLVE   current: {
51 warn ERESOLVE     name: 'graphql',
51 warn ERESOLVE     version: '16.11.0',
51 warn ERESOLVE     location: 'node_modules/graphql',
51 warn ERESOLVE     isWorkspace: false,
51 warn ERESOLVE     dependents: [ [Object], [Object], [Object], [Object] ]
51 warn ERESOLVE   },
51 warn ERESOLVE   peerConflict: {
51 warn ERESOLVE     current: {
51 warn ERESOLVE       name: 'graphql',
51 warn ERESOLVE       version: '16.11.0',
51 warn ERESOLVE       location: 'node_modules/graphql',
51 warn ERESOLVE       isWorkspace: false,
51 warn ERESOLVE       dependents: [Array]
51 warn ERESOLVE     },
51 warn ERESOLVE     peer: {
51 warn ERESOLVE       name: 'graphql',
51 warn ERESOLVE       version: '15.10.1',
51 warn ERESOLVE       whileInstalling: [Object],
51 warn ERESOLVE       location: 'node_modules/graphql',
51 warn ERESOLVE       isWorkspace: false,
51 warn ERESOLVE       dependents: [Array]
51 warn ERESOLVE     }
51 warn ERESOLVE   }
51 warn ERESOLVE }
52 warn ERESOLVE overriding peer dependency {
52 warn ERESOLVE   code: 'ERESOLVE',
52 warn ERESOLVE   edge: {
52 warn ERESOLVE     type: 'peer',
52 warn ERESOLVE     name: 'graphql',
52 warn ERESOLVE     spec: '^0.11.0 || ^0.12.0 || ^0.13.0 || ^14.0.0 || ^15.0.0',
52 warn ERESOLVE     error: 'INVALID',
52 warn ERESOLVE     from: {
52 warn ERESOLVE       name: 'apollo-client',
52 warn ERESOLVE       version: '2.6.10',
52 warn ERESOLVE       location: 'node_modules/apollo-client',
52 warn ERESOLVE       isWorkspace: false,
52 warn ERESOLVE       dependents: [Array]
52 warn ERESOLVE     }
52 warn ERESOLVE   },
52 warn ERESOLVE   dep: {
52 warn ERESOLVE     name: 'graphql',
52 warn ERESOLVE     version: '15.10.1',
52 warn ERESOLVE     whileInstalling: {
52 warn ERESOLVE       name: 'apollo-client',
52 warn ERESOLVE       version: '2.6.10',
52 warn ERESOLVE       path: '/Users/mohammad/Projects/OIAC2/node_modules/apollo-client'
52 warn ERESOLVE     },
52 warn ERESOLVE     location: 'node_modules/graphql',
52 warn ERESOLVE     isWorkspace: false,
52 warn ERESOLVE     dependents: [ [Object] ]
52 warn ERESOLVE   },
52 warn ERESOLVE   force: false,
52 warn ERESOLVE   isMine: false,
52 warn ERESOLVE   strictPeerDeps: false,
52 warn ERESOLVE   current: {
52 warn ERESOLVE     name: 'graphql',
52 warn ERESOLVE     version: '16.11.0',
52 warn ERESOLVE     location: 'node_modules/graphql',
52 warn ERESOLVE     isWorkspace: false,
52 warn ERESOLVE     dependents: [ [Object], [Object], [Object], [Object] ]
52 warn ERESOLVE   },
52 warn ERESOLVE   peerConflict: {
52 warn ERESOLVE     current: {
52 warn ERESOLVE       name: 'graphql',
52 warn ERESOLVE       version: '16.11.0',
52 warn ERESOLVE       location: 'node_modules/graphql',
52 warn ERESOLVE       isWorkspace: false,
52 warn ERESOLVE       dependents: [Array]
52 warn ERESOLVE     },
52 warn ERESOLVE     peer: {
52 warn ERESOLVE       name: 'graphql',
52 warn ERESOLVE       version: '15.10.1',
52 warn ERESOLVE       whileInstalling: [Object],
52 warn ERESOLVE       location: 'node_modules/graphql',
52 warn ERESOLVE       isWorkspace: false,
52 warn ERESOLVE       dependents: [Array]
52 warn ERESOLVE     }
52 warn ERESOLVE   }
52 warn ERESOLVE }
53 silly fetch manifest graphql@^0.11.3 || ^0.12.3 || ^0.13.0 || ^14.0.0 || ^15.0.0
54 silly packumentCache full:https://registry.npmjs.org/graphql cache-hit
55 warn ERESOLVE overriding peer dependency {
55 warn ERESOLVE   code: 'ERESOLVE',
55 warn ERESOLVE   edge: {
55 warn ERESOLVE     type: 'peer',
55 warn ERESOLVE     name: 'graphql',
55 warn ERESOLVE     spec: '^0.11.3 || ^0.12.3 || ^0.13.0 || ^14.0.0 || ^15.0.0',
55 warn ERESOLVE     error: 'INVALID',
55 warn ERESOLVE     from: {
55 warn ERESOLVE       name: 'apollo-link',
55 warn ERESOLVE       version: '1.2.14',
55 warn ERESOLVE       location: 'node_modules/apollo-link',
55 warn ERESOLVE       isWorkspace: false,
55 warn ERESOLVE       dependents: [Array]
55 warn ERESOLVE     }
55 warn ERESOLVE   },
55 warn ERESOLVE   dep: {
55 warn ERESOLVE     name: 'graphql',
55 warn ERESOLVE     version: '15.10.1',
55 warn ERESOLVE     whileInstalling: {
55 warn ERESOLVE       name: 'apollo-link',
55 warn ERESOLVE       version: '1.2.14',
55 warn ERESOLVE       path: '/Users/mohammad/Projects/OIAC2/node_modules/apollo-link'
55 warn ERESOLVE     },
55 warn ERESOLVE     location: 'node_modules/graphql',
55 warn ERESOLVE     isWorkspace: false,
55 warn ERESOLVE     dependents: [ [Object] ]
55 warn ERESOLVE   },
55 warn ERESOLVE   force: false,
55 warn ERESOLVE   isMine: false,
55 warn ERESOLVE   strictPeerDeps: false,
55 warn ERESOLVE   current: {
55 warn ERESOLVE     name: 'graphql',
55 warn ERESOLVE     version: '16.11.0',
55 warn ERESOLVE     location: 'node_modules/graphql',
55 warn ERESOLVE     isWorkspace: false,
55 warn ERESOLVE     dependents: [ [Object], [Object], [Object], [Object] ]
55 warn ERESOLVE   },
55 warn ERESOLVE   peerConflict: {
55 warn ERESOLVE     current: {
55 warn ERESOLVE       name: 'graphql',
55 warn ERESOLVE       version: '16.11.0',
55 warn ERESOLVE       location: 'node_modules/graphql',
55 warn ERESOLVE       isWorkspace: false,
55 warn ERESOLVE       dependents: [Array]
55 warn ERESOLVE     },
55 warn ERESOLVE     peer: {
55 warn ERESOLVE       name: 'graphql',
55 warn ERESOLVE       version: '15.10.1',
55 warn ERESOLVE       whileInstalling: [Object],
55 warn ERESOLVE       location: 'node_modules/graphql',
55 warn ERESOLVE       isWorkspace: false,
55 warn ERESOLVE       dependents: [Array]
55 warn ERESOLVE     }
55 warn ERESOLVE   }
55 warn ERESOLVE }
56 warn ERESOLVE overriding peer dependency {
56 warn ERESOLVE   code: 'ERESOLVE',
56 warn ERESOLVE   edge: {
56 warn ERESOLVE     type: 'peer',
56 warn ERESOLVE     name: 'graphql',
56 warn ERESOLVE     spec: '^0.11.0 || ^0.12.0 || ^0.13.0 || ^14.0.0 || ^15.0.0',
56 warn ERESOLVE     error: 'INVALID',
56 warn ERESOLVE     from: {
56 warn ERESOLVE       name: 'apollo-link-http',
56 warn ERESOLVE       version: '1.5.17',
56 warn ERESOLVE       location: 'node_modules/apollo-link-http',
56 warn ERESOLVE       isWorkspace: false,
56 warn ERESOLVE       dependents: [Array]
56 warn ERESOLVE     }
56 warn ERESOLVE   },
56 warn ERESOLVE   dep: {
56 warn ERESOLVE     name: 'graphql',
56 warn ERESOLVE     version: '15.10.1',
56 warn ERESOLVE     whileInstalling: {
56 warn ERESOLVE       name: 'apollo-link-http',
56 warn ERESOLVE       version: '1.5.17',
56 warn ERESOLVE       path: '/Users/mohammad/Projects/OIAC2/node_modules/apollo-link-http'
56 warn ERESOLVE     },
56 warn ERESOLVE     location: 'node_modules/graphql',
56 warn ERESOLVE     isWorkspace: false,
56 warn ERESOLVE     dependents: [ [Object] ]
56 warn ERESOLVE   },
56 warn ERESOLVE   force: false,
56 warn ERESOLVE   isMine: false,
56 warn ERESOLVE   strictPeerDeps: false,
56 warn ERESOLVE   current: {
56 warn ERESOLVE     name: 'graphql',
56 warn ERESOLVE     version: '16.11.0',
56 warn ERESOLVE     location: 'node_modules/graphql',
56 warn ERESOLVE     isWorkspace: false,
56 warn ERESOLVE     dependents: [ [Object], [Object], [Object], [Object] ]
56 warn ERESOLVE   },
56 warn ERESOLVE   peerConflict: {
56 warn ERESOLVE     current: {
56 warn ERESOLVE       name: 'graphql',
56 warn ERESOLVE       version: '16.11.0',
56 warn ERESOLVE       location: 'node_modules/graphql',
56 warn ERESOLVE       isWorkspace: false,
56 warn ERESOLVE       dependents: [Array]
56 warn ERESOLVE     },
56 warn ERESOLVE     peer: {
56 warn ERESOLVE       name: 'graphql',
56 warn ERESOLVE       version: '15.10.1',
56 warn ERESOLVE       whileInstalling: [Object],
56 warn ERESOLVE       location: 'node_modules/graphql',
56 warn ERESOLVE       isWorkspace: false,
56 warn ERESOLVE       dependents: [Array]
56 warn ERESOLVE     }
56 warn ERESOLVE   }
56 warn ERESOLVE }
57 warn ERESOLVE overriding peer dependency {
57 warn ERESOLVE   code: 'ERESOLVE',
57 warn ERESOLVE   edge: {
57 warn ERESOLVE     type: 'peer',
57 warn ERESOLVE     name: 'graphql',
57 warn ERESOLVE     spec: '^0.11.0 || ^0.12.0 || ^0.13.0 || ^14.0.0 || ^15.0.0',
57 warn ERESOLVE     error: 'INVALID',
57 warn ERESOLVE     from: {
57 warn ERESOLVE       name: 'apollo-link-http-common',
57 warn ERESOLVE       version: '0.2.16',
57 warn ERESOLVE       location: 'node_modules/apollo-link-http-common',
57 warn ERESOLVE       isWorkspace: false,
57 warn ERESOLVE       dependents: [Array]
57 warn ERESOLVE     }
57 warn ERESOLVE   },
57 warn ERESOLVE   dep: {
57 warn ERESOLVE     name: 'graphql',
57 warn ERESOLVE     version: '15.10.1',
57 warn ERESOLVE     whileInstalling: {
57 warn ERESOLVE       name: 'apollo-link-http-common',
57 warn ERESOLVE       version: '0.2.16',
57 warn ERESOLVE       path: '/Users/mohammad/Projects/OIAC2/node_modules/apollo-link-http-common'
57 warn ERESOLVE     },
57 warn ERESOLVE     location: 'node_modules/graphql',
57 warn ERESOLVE     isWorkspace: false,
57 warn ERESOLVE     dependents: [ [Object] ]
57 warn ERESOLVE   },
57 warn ERESOLVE   force: false,
57 warn ERESOLVE   isMine: false,
57 warn ERESOLVE   strictPeerDeps: false,
57 warn ERESOLVE   current: {
57 warn ERESOLVE     name: 'graphql',
57 warn ERESOLVE     version: '16.11.0',
57 warn ERESOLVE     location: 'node_modules/graphql',
57 warn ERESOLVE     isWorkspace: false,
57 warn ERESOLVE     dependents: [ [Object], [Object], [Object], [Object] ]
57 warn ERESOLVE   },
57 warn ERESOLVE   peerConflict: {
57 warn ERESOLVE     current: {
57 warn ERESOLVE       name: 'graphql',
57 warn ERESOLVE       version: '16.11.0',
57 warn ERESOLVE       location: 'node_modules/graphql',
57 warn ERESOLVE       isWorkspace: false,
57 warn ERESOLVE       dependents: [Array]
57 warn ERESOLVE     },
57 warn ERESOLVE     peer: {
57 warn ERESOLVE       name: 'graphql',
57 warn ERESOLVE       version: '15.10.1',
57 warn ERESOLVE       whileInstalling: [Object],
57 warn ERESOLVE       location: 'node_modules/graphql',
57 warn ERESOLVE       isWorkspace: false,
57 warn ERESOLVE       dependents: [Array]
57 warn ERESOLVE     }
57 warn ERESOLVE   }
57 warn ERESOLVE }
58 warn ERESOLVE overriding peer dependency {
58 warn ERESOLVE   code: 'ERESOLVE',
58 warn ERESOLVE   edge: {
58 warn ERESOLVE     type: 'peer',
58 warn ERESOLVE     name: 'graphql',
58 warn ERESOLVE     spec: '^0.11.0 || ^0.12.0 || ^0.13.0 || ^14.0.0 || ^15.0.0',
58 warn ERESOLVE     error: 'INVALID',
58 warn ERESOLVE     from: {
58 warn ERESOLVE       name: 'apollo-utilities',
58 warn ERESOLVE       version: '1.3.4',
58 warn ERESOLVE       location: 'node_modules/apollo-utilities',
58 warn ERESOLVE       isWorkspace: false,
58 warn ERESOLVE       dependents: [Array]
58 warn ERESOLVE     }
58 warn ERESOLVE   },
58 warn ERESOLVE   dep: {
58 warn ERESOLVE     name: 'graphql',
58 warn ERESOLVE     version: '15.10.1',
58 warn ERESOLVE     whileInstalling: {
58 warn ERESOLVE       name: 'apollo-utilities',
58 warn ERESOLVE       version: '1.3.4',
58 warn ERESOLVE       path: '/Users/mohammad/Projects/OIAC2/node_modules/apollo-utilities'
58 warn ERESOLVE     },
58 warn ERESOLVE     location: 'node_modules/graphql',
58 warn ERESOLVE     isWorkspace: false,
58 warn ERESOLVE     dependents: [ [Object] ]
58 warn ERESOLVE   },
58 warn ERESOLVE   force: false,
58 warn ERESOLVE   isMine: false,
58 warn ERESOLVE   strictPeerDeps: false,
58 warn ERESOLVE   current: {
58 warn ERESOLVE     name: 'graphql',
58 warn ERESOLVE     version: '16.11.0',
58 warn ERESOLVE     location: 'node_modules/graphql',
58 warn ERESOLVE     isWorkspace: false,
58 warn ERESOLVE     dependents: [ [Object], [Object], [Object], [Object] ]
58 warn ERESOLVE   },
58 warn ERESOLVE   peerConflict: {
58 warn ERESOLVE     current: {
58 warn ERESOLVE       name: 'graphql',
58 warn ERESOLVE       version: '16.11.0',
58 warn ERESOLVE       location: 'node_modules/graphql',
58 warn ERESOLVE       isWorkspace: false,
58 warn ERESOLVE       dependents: [Array]
58 warn ERESOLVE     },
58 warn ERESOLVE     peer: {
58 warn ERESOLVE       name: 'graphql',
58 warn ERESOLVE       version: '15.10.1',
58 warn ERESOLVE       whileInstalling: [Object],
58 warn ERESOLVE       location: 'node_modules/graphql',
58 warn ERESOLVE       isWorkspace: false,
58 warn ERESOLVE       dependents: [Array]
58 warn ERESOLVE     }
58 warn ERESOLVE   }
58 warn ERESOLVE }
59 silly fetch manifest react@^19.1.0
60 silly packumentCache full:https://registry.npmjs.org/react cache-miss
61 http fetch GET 200 https://registry.npmjs.org/react 46ms (cache revalidated)
62 silly packumentCache full:https://registry.npmjs.org/react set size:6320654 disposed:false
63 silly fetch manifest react-dom@^19.1.0
64 silly packumentCache full:https://registry.npmjs.org/react-dom cache-miss
65 http fetch GET 200 https://registry.npmjs.org/react-dom 60ms (cache revalidated)
66 silly packumentCache full:https://registry.npmjs.org/react-dom set size:8303213 disposed:false
67 verbose stack Error: could not resolve
67 verbose stack     at PlaceDep.failPeerConflict (/usr/local/lib/node_modules/npm/node_modules/@npmcli/arborist/lib/place-dep.js:503:25)
67 verbose stack     at new PlaceDep (/usr/local/lib/node_modules/npm/node_modules/@npmcli/arborist/lib/place-dep.js:157:21)
67 verbose stack     at #buildDepStep (/usr/local/lib/node_modules/npm/node_modules/@npmcli/arborist/lib/arborist/build-ideal-tree.js:920:18)
67 verbose stack     at async Arborist.buildIdealTree (/usr/local/lib/node_modules/npm/node_modules/@npmcli/arborist/lib/arborist/build-ideal-tree.js:181:7)
67 verbose stack     at async Promise.all (index 1)
67 verbose stack     at async Arborist.reify (/usr/local/lib/node_modules/npm/node_modules/@npmcli/arborist/lib/arborist/reify.js:131:5)
67 verbose stack     at async Install.exec (/usr/local/lib/node_modules/npm/lib/commands/install.js:150:5)
67 verbose stack     at async Npm.exec (/usr/local/lib/node_modules/npm/lib/npm.js:207:9)
67 verbose stack     at async module.exports (/usr/local/lib/node_modules/npm/lib/cli/entry.js:74:5)
68 error code ERESOLVE
69 error ERESOLVE could not resolve
70 error
71 error While resolving: decap-cms-app@3.9.0
71 error Found: react@18.3.1
71 error node_modules/react
71 error   peerOptional react@"^16.8.0 || ^17.0.0 || ^18.0.0 || >=19.0.0-rc" from @apollo/client@3.14.0
71 error   node_modules/@apollo/client
71 error     @apollo/client@"^3.8.7" from the root project
71 error   peer react@"^17.0.2 || ^18.0.0 || ^19.0.0" from @astrojs/react@4.3.1
71 error   node_modules/@astrojs/react
71 error     @astrojs/react@"^4.3.1" from the root project
71 error   36 more (@dnd-kit/accessibility, @dnd-kit/core, ...)
71 error
71 error Could not resolve dependency:
71 error peer react@"^19.1.0" from decap-cms-app@3.9.0
71 error node_modules/decap-cms-app
71 error   decap-cms-app@"^3.9.0" from the root project
71 error
71 error Conflicting peer dependency: react@19.2.1
71 error node_modules/react
71 error   peer react@"^19.1.0" from decap-cms-app@3.9.0
71 error   node_modules/decap-cms-app
71 error     decap-cms-app@"^3.9.0" from the root project
71 error
71 error Fix the upstream dependency conflict, or retry
71 error this command with --force or --legacy-peer-deps
71 error to accept an incorrect (and potentially broken) dependency resolution.
72 error
72 error
72 error For a full report see:
72 error /Users/mohammad/Projects/OIAC2/.npm-cache/_logs/2025-12-11T00_45_34_137Z-eresolve-report.txt
73 silly unfinished npm timer reify 1765413934340
74 silly unfinished npm timer reify:loadTrees 1765413934341
75 silly unfinished npm timer idealTree:buildDeps 1765413934456
76 silly unfinished npm timer idealTree:node_modules/decap-cms-app 1765413935229
77 verbose cwd /Users/mohammad/Projects/OIAC2
78 verbose os Darwin 25.1.0
79 verbose node v22.17.1
80 verbose npm  v10.9.2
81 verbose exit 1
82 verbose code 1
83 error A complete log of this run can be found in: /Users/mohammad/Projects/OIAC2/.npm-cache/_logs/2025-12-11T00_45_34_137Z-debug-0.log
