0 verbose cli /usr/local/bin/node /usr/local/lib/node_modules/npm/bin/npm-cli.js
1 info using npm@10.9.2
2 info using node@v22.17.1
3 silly config load:file:/usr/local/lib/node_modules/npm/npmrc
4 silly config load:file:/Users/mohammad/Projects/OIAC2/.npmrc
5 silly config load:file:/Users/mohammad/.npmrc
6 silly config load:file:/usr/local/etc/npmrc
7 verbose title npm exec playwright --version
8 verbose argv "exec" "--" "playwright" "--version"
9 verbose logfile logs-max:10 dir:/Users/mohammad/Projects/OIAC2/.npm-cache/_logs/2026-01-27T22_23_33_723Z-
10 verbose logfile /Users/mohammad/Projects/OIAC2/.npm-cache/_logs/2026-01-27T22_23_33_723Z-debug-0.log
11 silly logfile start cleaning logs, removing 1 files
12 silly logfile done cleaning log files
13 silly packumentCache heap:4345298944 maxSize:1086324736 maxEntrySize:543162368
14 http fetch GET 200 https://registry.npmjs.org/playwright 318ms (cache miss)
15 silly packumentCache heap:4345298944 maxSize:1086324736 maxEntrySize:543162368
16 silly packumentCache heap:4345298944 maxSize:1086324736 maxEntrySize:543162368
17 warn exec The following package was not found and will be installed: playwright@1.58.0
18 silly idealTree buildDeps
19 silly fetch manifest playwright@1.58.0
20 silly packumentCache full:https://registry.npmjs.org/playwright cache-miss
21 http fetch GET 200 https://registry.npmjs.org/playwright 65ms (cache revalidated)
22 silly packumentCache full:https://registry.npmjs.org/playwright set size:15569725 disposed:false
23 silly placeDep ROOT playwright@1.58.0 OK for:  want: 1.58.0
24 silly fetch manifest playwright-core@1.58.0
25 silly packumentCache full:https://registry.npmjs.org/playwright-core cache-miss
26 silly fetch manifest fsevents@2.3.2
27 silly packumentCache full:https://registry.npmjs.org/fsevents cache-miss
28 http fetch GET 200 https://registry.npmjs.org/fsevents 42ms (cache revalidated)
29 silly packumentCache full:https://registry.npmjs.org/fsevents set size:182472 disposed:false
30 http fetch GET 200 https://registry.npmjs.org/playwright-core 165ms (cache revalidated)
31 silly packumentCache full:https://registry.npmjs.org/playwright-core set size:17446849 disposed:false
32 silly placeDep ROOT fsevents@2.3.2 OK for: playwright@1.58.0 want: 2.3.2
33 silly placeDep ROOT playwright-core@1.58.0 OK for: playwright@1.58.0 want: 1.58.0
34 silly reify moves {}
35 silly audit bulk request {
35 silly audit   playwright: [ '1.58.0' ],
35 silly audit   fsevents: [ '2.3.2' ],
35 silly audit   'playwright-core': [ '1.58.0' ]
35 silly audit }
36 http cache fsevents@https://registry.npmjs.org/fsevents/-/fsevents-2.3.2.tgz 0ms (cache hit)
37 http cache playwright-core@https://registry.npmjs.org/playwright-core/-/playwright-core-1.58.0.tgz 0ms (cache hit)
38 http cache playwright@https://registry.npmjs.org/playwright/-/playwright-1.58.0.tgz 0ms (cache hit)
39 silly tarball no local data for playwright-core@https://registry.npmjs.org/playwright-core/-/playwright-core-1.58.0.tgz. Extracting by manifest.
40 silly tarball no local data for playwright@https://registry.npmjs.org/playwright/-/playwright-1.58.0.tgz. Extracting by manifest.
41 http fetch POST 200 https://registry.npmjs.org/-/npm/v1/security/advisories/bulk 72ms
42 silly audit report {}
43 http fetch GET 200 https://registry.npmjs.org/playwright-core/-/playwright-core-1.58.0.tgz 214ms (cache miss)
44 http fetch GET 200 https://registry.npmjs.org/playwright/-/playwright-1.58.0.tgz 225ms (cache miss)
45 info run fsevents@2.3.2 install node_modules/fsevents node-gyp rebuild
46 info run fsevents@2.3.2 install { code: 1, signal: null }
47 verbose reify failed optional dependency /Users/mohammad/Projects/OIAC2/.npm-cache/_npx/e41f203b7505f1fb/node_modules/fsevents
48 silly reify mark deleted [
48 silly reify   '/Users/mohammad/Projects/OIAC2/.npm-cache/_npx/e41f203b7505f1fb/node_modules/fsevents'
48 silly reify ]
49 verbose cwd /Users/mohammad/Projects/OIAC2
50 verbose os Darwin 25.2.0
51 verbose node v22.17.1
52 verbose npm  v10.9.2
53 verbose exit 0
54 info ok
