0 verbose cli /usr/local/bin/node /usr/local/lib/node_modules/npm/bin/npm-cli.js
1 info using npm@10.9.2
2 info using node@v22.17.1
3 silly config load:file:/usr/local/lib/node_modules/npm/npmrc
4 silly config load:file:/Users/mohammad/Projects/OIAC2/.npmrc
5 silly config load:file:/Users/mohammad/.npmrc
6 silly config load:file:/usr/local/etc/npmrc
7 verbose title npm exec playwright test --config=/dev/null /tmp/test-admin.mjs
8 verbose argv "exec" "--" "playwright" "test" "--config=/dev/null" "/tmp/test-admin.mjs"
9 verbose logfile logs-max:10 dir:/Users/mohammad/Projects/OIAC2/.npm-cache/_logs/2026-01-27T22_24_17_917Z-
10 verbose logfile /Users/mohammad/Projects/OIAC2/.npm-cache/_logs/2026-01-27T22_24_17_917Z-debug-0.log
11 silly logfile start cleaning logs, removing 1 files
12 silly logfile done cleaning log files
13 silly packumentCache heap:4345298944 maxSize:1086324736 maxEntrySize:543162368
14 http fetch GET 200 https://registry.npmjs.org/playwright 185ms (cache revalidated)
15 silly packumentCache heap:4345298944 maxSize:1086324736 maxEntrySize:543162368
16 silly packumentCache heap:4345298944 maxSize:1086324736 maxEntrySize:543162368
17 verbose cwd /Users/mohammad/Projects/OIAC2
18 verbose os Darwin 25.2.0
19 verbose node v22.17.1
20 verbose npm  v10.9.2
21 verbose exit 1
22 verbose code 1
