0 verbose cli /usr/local/bin/node /usr/local/bin/npm
1 info using npm@10.9.2
2 info using node@v22.17.1
3 silly config load:file:/usr/local/lib/node_modules/npm/npmrc
4 silly config load:file:/Users/mohammad/Projects/OIAC2/.npmrc
5 silly config load:file:/Users/mohammad/.npmrc
6 silly config load:file:/usr/local/etc/npmrc
7 verbose title npm install @lucide/astro
8 verbose argv "install" "@lucide/astro"
9 verbose logfile logs-max:10 dir:/Users/mohammad/Projects/OIAC2/.npm-cache/_logs/2026-02-07T19_26_03_808Z-
10 verbose logfile /Users/mohammad/Projects/OIAC2/.npm-cache/_logs/2026-02-07T19_26_03_808Z-debug-0.log
11 silly logfile start cleaning logs, removing 1 files
12 silly packumentCache heap:4345298944 maxSize:1086324736 maxEntrySize:543162368
13 silly logfile done cleaning log files
14 silly idealTree buildDeps
15 silly fetch manifest @lucide/astro@*
16 silly packumentCache full:https://registry.npmjs.org/@lucide%2fastro cache-miss
17 verbose shrinkwrap failed to load node_modules/.package-lock.json out of date, updated: node_modules
18 http cache https://registry.npmjs.org/@lucide%2fastro 9ms (cache hit)
19 silly packumentCache full:https://registry.npmjs.org/@lucide%2fastro set size:215754 disposed:false
20 silly fetch manifest astro@^5.13.6
21 silly packumentCache full:https://registry.npmjs.org/astro cache-miss
22 http cache https://registry.npmjs.org/astro 10ms (cache hit)
23 silly packumentCache full:https://registry.npmjs.org/astro set size:8718611 disposed:false
24 silly placeDep ROOT @lucide/astro@0.563.0 OK for: oiac2@0.0.1 want: *
25 silly reify mark retired [ '/Users/mohammad/Projects/OIAC2/node_modules/@lucide/astro' ]
26 silly reify moves {
26 silly reify   '/Users/mohammad/Projects/OIAC2/node_modules/@lucide/astro': '/Users/mohammad/Projects/OIAC2/node_modules/@lucide/.astro-JBZeXXbC'
26 silly reify }
27 silly audit bulk request {
27 silly audit   '@alloc/quick-lru': [ '5.2.0' ],
27 silly audit   '@apollo/client': [ '3.14.0' ],
27 silly audit   '@astrojs/check': [ '0.9.6' ],
27 silly audit   '@astrojs/compiler': [ '2.13.0' ],
27 silly audit   '@astrojs/internal-helpers': [ '0.7.4', '0.7.5' ],
27 silly audit   '@astrojs/language-server': [ '2.16.2' ],
27 silly audit   '@astrojs/markdown-remark': [ '6.3.10' ],
27 silly audit   '@astrojs/prism': [ '3.3.0' ],
27 silly audit   '@astrojs/react': [ '4.4.2' ],
27 silly audit   '@astrojs/tailwind': [ '6.0.2' ],
27 silly audit   '@astrojs/telemetry': [ '3.3.0' ],
27 silly audit   '@astrojs/vercel': [ '8.2.11' ],
27 silly audit   '@vercel/analytics': [ '1.6.1' ],
27 silly audit   '@astrojs/yaml2ts': [ '0.2.2' ],
27 silly audit   '@babel/code-frame': [ '7.27.1' ],
27 silly audit   '@babel/compat-data': [ '7.28.5' ],
27 silly audit   '@babel/core': [ '7.28.5' ],
27 silly audit   semver: [ '6.3.1', '7.7.3' ],
27 silly audit   '@babel/generator': [ '7.28.5' ],
27 silly audit   '@babel/helper-compilation-targets': [ '7.27.2' ],
27 silly audit   '@babel/helper-globals': [ '7.28.0' ],
27 silly audit   '@babel/helper-module-imports': [ '7.27.1' ],
27 silly audit   '@babel/helper-module-transforms': [ '7.28.3' ],
27 silly audit   '@babel/helper-plugin-utils': [ '7.27.1' ],
27 silly audit   '@babel/helper-string-parser': [ '7.27.1' ],
27 silly audit   '@babel/helper-validator-identifier': [ '7.28.5' ],
27 silly audit   '@babel/helper-validator-option': [ '7.27.1' ],
27 silly audit   '@babel/helpers': [ '7.28.4' ],
27 silly audit   '@babel/parser': [ '7.28.5' ],
27 silly audit   '@babel/plugin-transform-react-jsx-self': [ '7.27.1' ],
27 silly audit   '@babel/plugin-transform-react-jsx-source': [ '7.27.1' ],
27 silly audit   '@babel/template': [ '7.27.2' ],
27 silly audit   '@babel/traverse': [ '7.28.5' ],
27 silly audit   '@babel/types': [ '7.28.5' ],
27 silly audit   '@capsizecss/unpack': [ '4.0.0' ],
27 silly audit   '@emailjs/browser': [ '4.4.1' ],
27 silly audit   '@emmetio/abbreviation': [ '2.3.3' ],
27 silly audit   '@emmetio/css-abbreviation': [ '2.1.8' ],
27 silly audit   '@emmetio/css-parser': [ '0.4.1' ],
27 silly audit   '@emmetio/html-matcher': [ '1.3.0' ],
27 silly audit   '@emmetio/scanner': [ '1.0.4' ],
27 silly audit   '@emmetio/stream-reader': [ '2.2.0' ],
27 silly audit   '@emmetio/stream-reader-utils': [ '0.1.0' ],
27 silly audit   '@emnapi/runtime': [ '1.7.1' ],
27 silly audit   '@esbuild/aix-ppc64': [ '0.25.12' ],
27 silly audit   '@esbuild/android-arm': [ '0.25.12' ],
27 silly audit   '@esbuild/android-arm64': [ '0.25.12' ],
27 silly audit   '@esbuild/android-x64': [ '0.25.12' ],
27 silly audit   '@esbuild/darwin-arm64': [ '0.25.12' ],
27 silly audit   '@esbuild/darwin-x64': [ '0.25.12' ],
27 silly audit   '@esbuild/freebsd-arm64': [ '0.25.12' ],
27 silly audit   '@esbuild/freebsd-x64': [ '0.25.12' ],
27 silly audit   '@esbuild/linux-arm': [ '0.25.12' ],
27 silly audit   '@esbuild/linux-arm64': [ '0.25.12' ],
27 silly audit   '@esbuild/linux-ia32': [ '0.25.12' ],
27 silly audit   '@esbuild/linux-loong64': [ '0.25.12' ],
27 silly audit   '@esbuild/linux-mips64el': [ '0.25.12' ],
27 silly audit   '@esbuild/linux-ppc64': [ '0.25.12' ],
27 silly audit   '@esbuild/linux-riscv64': [ '0.25.12' ],
27 silly audit   '@esbuild/linux-s390x': [ '0.25.12' ],
27 silly audit   '@esbuild/linux-x64': [ '0.25.12' ],
27 silly audit   '@esbuild/netbsd-arm64': [ '0.25.12' ],
27 silly audit   '@esbuild/netbsd-x64': [ '0.25.12' ],
27 silly audit   '@esbuild/openbsd-arm64': [ '0.25.12' ],
27 silly audit   '@esbuild/openbsd-x64': [ '0.25.12' ],
27 silly audit   '@esbuild/openharmony-arm64': [ '0.25.12' ],
27 silly audit   '@esbuild/sunos-x64': [ '0.25.12' ],
27 silly audit   '@esbuild/win32-arm64': [ '0.25.12' ],
27 silly audit   '@esbuild/win32-ia32': [ '0.25.12' ],
27 silly audit   '@esbuild/win32-x64': [ '0.25.12' ],
27 silly audit   '@graphql-typed-document-node/core': [ '3.2.0' ],
27 silly audit   '@img/colour': [ '1.0.0' ],
27 silly audit   '@img/sharp-darwin-arm64': [ '0.34.5' ],
27 silly audit   '@img/sharp-darwin-x64': [ '0.34.5' ],
27 silly audit   '@img/sharp-libvips-darwin-arm64': [ '1.2.4' ],
27 silly audit   '@img/sharp-libvips-darwin-x64': [ '1.2.4' ],
27 silly audit   '@img/sharp-libvips-linux-arm': [ '1.2.4' ],
27 silly audit   '@img/sharp-libvips-linux-arm64': [ '1.2.4' ],
27 silly audit   '@img/sharp-libvips-linux-ppc64': [ '1.2.4' ],
27 silly audit   '@img/sharp-libvips-linux-riscv64': [ '1.2.4' ],
27 silly audit   '@img/sharp-libvips-linux-s390x': [ '1.2.4' ],
27 silly audit   '@img/sharp-libvips-linux-x64': [ '1.2.4' ],
27 silly audit   '@img/sharp-libvips-linuxmusl-arm64': [ '1.2.4' ],
27 silly audit   '@img/sharp-libvips-linuxmusl-x64': [ '1.2.4' ],
27 silly audit   '@img/sharp-linux-arm': [ '0.34.5' ],
27 silly audit   '@img/sharp-linux-arm64': [ '0.34.5' ],
27 silly audit   '@img/sharp-linux-ppc64': [ '0.34.5' ],
27 silly audit   '@img/sharp-linux-riscv64': [ '0.34.5' ],
27 silly audit   '@img/sharp-linux-s390x': [ '0.34.5' ],
27 silly audit   '@img/sharp-linux-x64': [ '0.34.5' ],
27 silly audit   '@img/sharp-linuxmusl-arm64': [ '0.34.5' ],
27 silly audit   '@img/sharp-linuxmusl-x64': [ '0.34.5' ],
27 silly audit   '@img/sharp-wasm32': [ '0.34.5' ],
27 silly audit   '@img/sharp-win32-arm64': [ '0.34.5' ],
27 silly audit   '@img/sharp-win32-ia32': [ '0.34.5' ],
27 silly audit   '@img/sharp-win32-x64': [ '0.34.5' ],
27 silly audit   '@isaacs/cliui': [ '8.0.2' ],
27 silly audit   'emoji-regex': [ '9.2.2', '8.0.0', '10.6.0' ],
27 silly audit   'string-width': [ '5.1.2', '4.2.3', '7.2.0' ],
27 silly audit   'wrap-ansi': [ '8.1.0', '7.0.0', '9.0.2' ],
27 silly audit   '@isaacs/fs-minipass': [ '4.0.1' ],
27 silly audit   '@jridgewell/gen-mapping': [ '0.3.13' ],
27 silly audit   '@jridgewell/remapping': [ '2.3.5' ],
27 silly audit   '@jridgewell/resolve-uri': [ '3.1.2' ],
27 silly audit   '@jridgewell/sourcemap-codec': [ '1.5.5' ],
27 silly audit   '@jridgewell/trace-mapping': [ '0.3.31' ],
27 silly audit   '@mailchimp/mailchimp_transactional': [ '1.1.2' ],
27 silly audit   '@mapbox/node-pre-gyp': [ '2.0.3' ],
27 silly audit   '@neondatabase/serverless': [ '0.9.5' ],
27 silly audit   '@nodelib/fs.scandir': [ '2.1.5' ],
27 silly audit   '@nodelib/fs.stat': [ '2.0.5' ],
27 silly audit   '@nodelib/fs.walk': [ '1.2.8' ],
27 silly audit   '@oslojs/encoding': [ '1.1.0' ],
27 silly audit   '@pkgjs/parseargs': [ '0.11.0' ],
27 silly audit   '@rolldown/pluginutils': [ '1.0.0-beta.27' ],
27 silly audit   '@rollup/pluginutils': [ '5.3.0' ],
27 silly audit   '@rollup/rollup-android-arm-eabi': [ '4.53.3' ],
27 silly audit   '@rollup/rollup-android-arm64': [ '4.53.3' ],
27 silly audit   '@rollup/rollup-darwin-arm64': [ '4.53.3' ],
27 silly audit   '@rollup/rollup-darwin-x64': [ '4.53.3' ],
27 silly audit   '@rollup/rollup-freebsd-arm64': [ '4.53.3' ],
27 silly audit   '@rollup/rollup-freebsd-x64': [ '4.53.3' ],
27 silly audit   '@rollup/rollup-linux-arm-gnueabihf': [ '4.53.3' ],
27 silly audit   '@rollup/rollup-linux-arm-musleabihf': [ '4.53.3' ],
27 silly audit   '@rollup/rollup-linux-arm64-gnu': [ '4.53.3' ],
27 silly audit   '@rollup/rollup-linux-arm64-musl': [ '4.53.3' ],
27 silly audit   '@rollup/rollup-linux-loong64-gnu': [ '4.53.3' ],
27 silly audit   '@rollup/rollup-linux-ppc64-gnu': [ '4.53.3' ],
27 silly audit   '@rollup/rollup-linux-riscv64-gnu': [ '4.53.3' ],
27 silly audit   '@rollup/rollup-linux-riscv64-musl': [ '4.53.3' ],
27 silly audit   '@rollup/rollup-linux-s390x-gnu': [ '4.53.3' ],
27 silly audit   '@rollup/rollup-linux-x64-gnu': [ '4.53.3' ],
27 silly audit   '@rollup/rollup-linux-x64-musl': [ '4.53.3' ],
27 silly audit   '@rollup/rollup-openharmony-arm64': [ '4.53.3' ],
27 silly audit   '@rollup/rollup-win32-arm64-msvc': [ '4.53.3' ],
27 silly audit   '@rollup/rollup-win32-ia32-msvc': [ '4.53.3' ],
27 silly audit   '@rollup/rollup-win32-x64-gnu': [ '4.53.3' ],
27 silly audit   '@rollup/rollup-win32-x64-msvc': [ '4.53.3' ],
27 silly audit   '@selderee/plugin-htmlparser2': [ '0.11.0' ],
27 silly audit   '@shikijs/core': [ '3.21.0' ],
27 silly audit   '@shikijs/engine-javascript': [ '3.21.0' ],
27 silly audit   '@shikijs/engine-oniguruma': [ '3.21.0' ],
27 silly audit   '@shikijs/langs': [ '3.21.0' ],
27 silly audit   '@shikijs/themes': [ '3.21.0' ],
27 silly audit   '@shikijs/types': [ '3.21.0' ],
27 silly audit   '@shikijs/vscode-textmate': [ '10.0.2' ],
27 silly audit   '@stablelib/base64': [ '1.0.1' ],
27 silly audit   '@supabase/auth-js': [ '2.87.1' ],
27 silly audit   '@supabase/functions-js': [ '2.87.1' ],
27 silly audit   '@supabase/postgrest-js': [ '2.87.1' ],
27 silly audit   '@supabase/realtime-js': [ '2.87.1' ],
27 silly audit   '@supabase/storage-js': [ '2.87.1' ],
27 silly audit   '@supabase/supabase-js': [ '2.87.1' ],
27 silly audit   '@tailwindcss/typography': [ '0.5.19' ],
27 silly audit   '@types/babel__core': [ '7.20.5' ],
27 silly audit   '@types/babel__generator': [ '7.27.0' ],
27 silly audit   '@types/babel__template': [ '7.4.4' ],
27 silly audit   '@types/babel__traverse': [ '7.28.0' ],
27 silly audit   '@types/debug': [ '4.1.12' ],
27 silly audit   '@types/estree': [ '1.0.8' ],
27 silly audit   '@types/hast': [ '3.0.4' ],
27 silly audit   '@types/mdast': [ '4.0.4' ],
27 silly audit   '@types/ms': [ '2.1.0' ],
27 silly audit   '@types/nlcst': [ '2.0.3' ],
27 silly audit   '@types/node': [ '25.0.0' ],
27 silly audit   '@types/pg': [ '8.11.6' ],
27 silly audit   '@types/phoenix': [ '1.6.7' ],
27 silly audit   '@types/react': [ '19.2.7' ],
27 silly audit   '@types/react-dom': [ '19.2.3' ],
27 silly audit   '@types/unist': [ '3.0.3' ],
27 silly audit   '@types/ws': [ '8.18.1' ],
27 silly audit   '@ungap/structured-clone': [ '1.3.0' ],
27 silly audit   '@vercel/functions': [ '2.2.13' ],
27 silly audit   '@vercel/nft': [ '0.30.3' ],
27 silly audit   '@vercel/oidc': [ '2.0.2' ],
27 silly audit   '@vercel/postgres': [ '0.10.0' ],
27 silly audit   '@vercel/routing-utils': [ '5.3.0' ],
27 silly audit   '@vitejs/plugin-react': [ '4.7.0' ],
27 silly audit   '@volar/kit': [ '2.4.27' ],
27 silly audit   '@volar/language-core': [ '2.4.27' ],
27 silly audit   '@volar/language-server': [ '2.4.27' ],
27 silly audit   '@volar/language-service': [ '2.4.27' ],
27 silly audit   '@volar/source-map': [ '2.4.27' ],
27 silly audit   '@volar/typescript': [ '2.4.27' ],
27 silly audit   '@vscode/emmet-helper': [ '2.11.0' ],
27 silly audit   '@vscode/l10n': [ '0.0.18' ],
27 silly audit   '@wry/caches': [ '1.0.1' ],
27 silly audit   '@wry/context': [ '0.7.4' ],
27 silly audit   '@wry/equality': [ '0.5.7' ],
27 silly audit   '@wry/trie': [ '0.5.0' ],
27 silly audit   '@xata.io/client': [ '0.28.4' ],
27 silly audit   '@zone-eu/mailsplit': [ '5.4.8' ],
27 silly audit   abbrev: [ '3.0.1' ],
27 silly audit   acorn: [ '8.15.0' ],
27 silly audit   'acorn-import-attributes': [ '1.9.5' ],
27 silly audit   'agent-base': [ '7.1.4' ],
27 silly audit   ajv: [ '6.12.6', '8.17.1' ],
27 silly audit   'ansi-align': [ '3.0.1' ],
27 silly audit   'ansi-regex': [ '5.0.1', '6.2.2' ],
27 silly audit   'strip-ansi': [ '6.0.1', '7.1.2' ],
27 silly audit   'ansi-styles': [ '6.2.3', '4.3.0' ],
27 silly audit   'any-promise': [ '1.3.0' ],
27 silly audit   anymatch: [ '3.1.3' ],
27 silly audit   picomatch: [ '2.3.1', '4.0.3' ],
27 silly audit   arg: [ '5.0.2' ],
27 silly audit   argparse: [ '2.0.1' ],
27 silly audit   'aria-query': [ '5.3.2' ],
27 silly audit   'array-iterate': [ '2.0.1' ],
27 silly audit   astro: [ '5.16.15' ],
27 silly audit   chokidar: [ '5.0.0', '4.0.3', '3.6.0' ],
27 silly audit   'estree-walker': [ '3.0.3', '2.0.2' ],
27 silly audit   'lru-cache': [ '11.2.5', '5.1.1', '10.4.3' ],
27 silly audit   readdirp: [ '5.0.0', '4.1.2', '3.6.0' ],
27 silly audit   unstorage: [ '1.17.4' ],
27 silly audit   'async-sema': [ '3.1.1' ],
27 silly audit   asynckit: [ '0.4.0' ],
27 silly audit   autoprefixer: [ '10.4.22' ],
27 silly audit   axios: [ '1.13.2' ],
27 silly audit   'axobject-query': [ '4.1.0' ],
27 silly audit   bail: [ '2.0.2' ],
27 silly audit   'balanced-match': [ '1.0.2' ],
27 silly audit   'base-64': [ '1.0.0' ],
27 silly audit   'baseline-browser-mapping': [ '2.9.6' ],
27 silly audit   'binary-extensions': [ '2.3.0' ],
27 silly audit   bindings: [ '1.5.0' ],
27 silly audit   boolbase: [ '1.0.0' ],
27 silly audit   boxen: [ '8.0.1' ],
27 silly audit   'brace-expansion': [ '2.0.2' ],
27 silly audit   braces: [ '3.0.3' ],
27 silly audit   browserslist: [ '4.28.1' ],
27 silly audit   bufferutil: [ '4.0.9' ],
27 silly audit   'call-bind-apply-helpers': [ '1.0.2' ],
27 silly audit   camelcase: [ '8.0.0' ],
27 silly audit   'camelcase-css': [ '2.0.1' ],
27 silly audit   'caniuse-lite': [ '1.0.30001760' ],
27 silly audit   ccount: [ '2.0.1' ],
27 silly audit   chalk: [ '5.6.2' ],
27 silly audit   'character-entities': [ '2.0.2' ],
27 silly audit   'character-entities-html4': [ '2.1.0' ],
27 silly audit   chownr: [ '3.0.0' ],
27 silly audit   'ci-info': [ '4.3.1' ],
27 silly audit   'cli-boxes': [ '3.0.0' ],
27 silly audit   cliui: [ '8.0.1' ],
27 silly audit   clsx: [ '2.1.1' ],
27 silly audit   'color-convert': [ '2.0.1' ],
27 silly audit   'color-name': [ '1.1.4' ],
27 silly audit   'combined-stream': [ '1.0.8' ],
27 silly audit   'comma-separated-tokens': [ '2.0.3' ],
27 silly audit   commander: [ '11.1.0', '4.1.1' ],
27 silly audit   'common-ancestor-path': [ '1.0.1' ],
27 silly audit   consola: [ '3.4.2' ],
27 silly audit   'convert-source-map': [ '2.0.0' ],
27 silly audit   cookie: [ '1.1.1' ],
27 silly audit   'cookie-es': [ '1.2.2' ],
27 silly audit   'cross-spawn': [ '7.0.6' ],
27 silly audit   crossws: [ '0.3.5' ],
27 silly audit   'css-select': [ '5.2.2' ],
27 silly audit   'css-tree': [ '3.1.0', '2.2.1' ],
27 silly audit   'css-what': [ '6.2.2' ],
27 silly audit   cssesc: [ '3.0.0' ],
27 silly audit   csso: [ '5.0.5' ],
27 silly audit   'mdn-data': [ '2.0.28', '2.12.2' ],
27 silly audit   csstype: [ '3.2.3' ],
27 silly audit   debug: [ '4.4.3' ],
27 silly audit   'decode-named-character-reference': [ '1.2.0' ],
27 silly audit   deepmerge: [ '4.3.1' ],
27 silly audit   defu: [ '6.1.4' ],
27 silly audit   'delayed-stream': [ '1.0.0' ],
27 silly audit   dequal: [ '2.0.3' ],
27 silly audit   destr: [ '2.0.5' ],
27 silly audit   'detect-libc': [ '2.1.2' ],
27 silly audit   'deterministic-object-hash': [ '2.0.2' ],
27 silly audit   devalue: [ '5.6.2' ],
27 silly audit   devlop: [ '1.1.0' ],
27 silly audit   didyoumean: [ '1.2.2' ],
27 silly audit   diff: [ '8.0.3' ],
27 silly audit   dlv: [ '1.1.3' ],
27 silly audit   'dom-serializer': [ '2.0.0' ],
27 silly audit   entities: [ '4.5.0', '6.0.1' ],
27 silly audit   domelementtype: [ '2.3.0' ],
27 silly audit   domhandler: [ '5.0.3' ],
27 silly audit   domutils: [ '3.2.2' ],
27 silly audit   dset: [ '3.1.4' ],
27 silly audit   'dunder-proto': [ '1.0.1' ],
27 silly audit   eastasianwidth: [ '0.2.0' ],
27 silly audit   'electron-to-chromium': [ '1.5.267' ],
27 silly audit   emmet: [ '2.4.11' ],
27 silly audit   'encoding-japanese': [ '2.2.0' ],
27 silly audit   'es-define-property': [ '1.0.1' ],
27 silly audit   'es-errors': [ '1.3.0' ],
27 silly audit   'es-module-lexer': [ '1.7.0' ],
27 silly audit   'es-object-atoms': [ '1.1.1' ],
27 silly audit   'es-set-tostringtag': [ '2.1.0' ],
27 silly audit   esbuild: [ '0.25.12' ],
27 silly audit   escalade: [ '3.2.0' ],
27 silly audit   eventemitter3: [ '5.0.1' ],
27 silly audit   extend: [ '3.0.2' ],
27 silly audit   'fast-deep-equal': [ '3.1.3' ],
27 silly audit   'fast-glob': [ '3.3.3' ],
27 silly audit   'fast-json-stable-stringify': [ '2.1.0' ],
27 silly audit   'fast-sha256': [ '1.3.0' ],
27 silly audit   'fast-uri': [ '3.1.0' ],
27 silly audit   fastq: [ '1.19.1' ],
27 silly audit   fdir: [ '6.5.0' ],
27 silly audit   'file-uri-to-path': [ '1.0.0' ],
27 silly audit   'fill-range': [ '7.1.1' ],
27 silly audit   flattie: [ '1.1.1' ],
27 silly audit   'follow-redirects': [ '1.15.11' ],
27 silly audit   fontace: [ '0.4.0' ],
27 silly audit   fontkitten: [ '1.0.2' ],
27 silly audit   'foreground-child': [ '3.3.1' ],
27 silly audit   'form-data': [ '4.0.5' ],
27 silly audit   'fraction.js': [ '5.3.4' ],
27 silly audit   fsevents: [ '2.3.3', '2.3.2' ],
27 silly audit   'function-bind': [ '1.1.2' ],
27 silly audit   gensync: [ '1.0.0-beta.2' ],
27 silly audit   'get-caller-file': [ '2.0.5' ],
27 silly audit   'get-east-asian-width': [ '1.4.0' ],
27 silly audit   'get-intrinsic': [ '1.3.0' ],
27 silly audit   'get-proto': [ '1.0.1' ],
27 silly audit   'github-slugger': [ '2.0.0' ],
27 silly audit   glob: [ '10.5.0' ],
27 silly audit   'glob-parent': [ '5.1.2', '6.0.2' ],
27 silly audit   minimatch: [ '9.0.5' ],
27 silly audit   gopd: [ '1.2.0' ],
27 silly audit   'graceful-fs': [ '4.2.11' ],
27 silly audit   graphql: [ '16.12.0' ],
27 silly audit   'graphql-tag': [ '2.12.6' ],
27 silly audit   h3: [ '1.15.5' ],
27 silly audit   'has-symbols': [ '1.1.0' ],
27 silly audit   'has-tostringtag': [ '1.0.2' ],
27 silly audit   hasown: [ '2.0.2' ],
27 silly audit   'hast-util-from-html': [ '2.0.3' ],
27 silly audit   'hast-util-from-parse5': [ '8.0.3' ],
27 silly audit   'vfile-location': [ '5.0.3' ],
27 silly audit   'hast-util-is-element': [ '3.0.0' ],
27 silly audit   'hast-util-parse-selector': [ '4.0.0' ],
27 silly audit   'hast-util-raw': [ '9.1.0' ],
27 silly audit   'hast-util-to-html': [ '9.0.5' ],
27 silly audit   'hast-util-whitespace': [ '3.0.0' ],
27 silly audit   'hast-util-to-parse5': [ '8.0.1' ],
27 silly audit   'hast-util-to-text': [ '4.0.2' ],
27 silly audit   hastscript: [ '9.0.1' ],
27 silly audit   he: [ '1.2.0' ],
27 silly audit   'hoist-non-react-statics': [ '3.3.2' ],
27 silly audit   'html-escaper': [ '3.0.3' ],
27 silly audit   'html-to-text': [ '9.0.5' ],
27 silly audit   'html-void-elements': [ '3.0.0' ],
27 silly audit   htmlparser2: [ '8.0.2' ],
27 silly audit   'http-cache-semantics': [ '4.2.0' ],
27 silly audit   'https-proxy-agent': [ '7.0.6' ],
27 silly audit   'iceberg-js': [ '0.8.1' ],
27 silly audit   'iconv-lite': [ '0.7.0', '0.6.3' ],
27 silly audit   'import-meta-resolve': [ '4.2.0' ],
27 silly audit   'iron-webcrypto': [ '1.2.1' ],
27 silly audit   'is-binary-path': [ '2.1.0' ],
27 silly audit   'is-core-module': [ '2.16.1' ],
27 silly audit   'is-docker': [ '3.0.0' ],
27 silly audit   'is-extglob': [ '2.1.1' ],
27 silly audit   'is-fullwidth-code-point': [ '3.0.0' ],
27 silly audit   'is-glob': [ '4.0.3' ],
27 silly audit   'is-inside-container': [ '1.0.0' ],
27 silly audit   'is-number': [ '7.0.0' ],
27 silly audit   'is-plain-obj': [ '4.1.0' ],
27 silly audit   'is-wsl': [ '3.1.0' ],
27 silly audit   isexe: [ '2.0.0' ],
27 silly audit   jackspeak: [ '3.4.3' ],
27 silly audit   jiti: [ '1.21.7' ],
27 silly audit   'js-tokens': [ '4.0.0' ],
27 silly audit   'js-yaml': [ '4.1.1' ],
27 silly audit   jsesc: [ '3.1.0' ],
27 silly audit   'json-schema-traverse': [ '0.4.1', '1.0.0' ],
27 silly audit   json5: [ '2.2.3' ],
27 silly audit   'jsonc-parser': [ '2.3.1', '3.3.1' ],
27 silly audit   kleur: [ '4.1.5', '3.0.3' ],
27 silly audit   leac: [ '0.6.0' ],
27 silly audit   libbase64: [ '1.3.0' ],
27 silly audit   libmime: [ '5.3.7' ],
27 silly audit   libqp: [ '2.1.1' ],
27 silly audit   lilconfig: [ '3.1.3' ],
27 silly audit   'lines-and-columns': [ '1.2.4' ],
27 silly audit   'linkify-it': [ '5.0.0' ],
27 silly audit   lodash: [ '4.17.21' ],
27 silly audit   'longest-streak': [ '3.1.0' ],
27 silly audit   'loose-envify': [ '1.4.0' ],
27 silly audit   'magic-string': [ '0.30.21' ],
27 silly audit   magicast: [ '0.5.1' ],
27 silly audit   mailparser: [ '3.9.1' ],
27 silly audit   'markdown-table': [ '3.0.4' ],
27 silly audit   marked: [ '11.2.0' ],
27 silly audit   'math-intrinsics': [ '1.1.0' ],
27 silly audit   'md-block': [ '0.0.1' ],
27 silly audit   'mdast-util-definitions': [ '6.0.0' ],
27 silly audit   'mdast-util-find-and-replace': [ '3.0.2' ],
27 silly audit   'escape-string-regexp': [ '5.0.0' ],
27 silly audit   'unist-util-is': [ '6.0.1' ],
27 silly audit   'mdast-util-from-markdown': [ '2.0.2' ],
27 silly audit   'mdast-util-to-string': [ '4.0.0' ],
27 silly audit   'mdast-util-gfm': [ '3.1.0' ],
27 silly audit   'mdast-util-gfm-autolink-literal': [ '2.0.1' ],
27 silly audit   'mdast-util-gfm-footnote': [ '2.1.0' ],
27 silly audit   'mdast-util-gfm-strikethrough': [ '2.0.0' ],
27 silly audit   'mdast-util-gfm-table': [ '2.0.0' ],
27 silly audit   'mdast-util-gfm-task-list-item': [ '2.0.0' ],
27 silly audit   'mdast-util-to-hast': [ '13.2.1' ],
27 silly audit   'mdast-util-to-markdown': [ '2.1.2' ],
27 silly audit   'mdast-util-phrasing': [ '4.1.0' ],
27 silly audit   merge2: [ '1.4.1' ],
27 silly audit   micromark: [ '4.0.2' ],
27 silly audit   'micromark-core-commonmark': [ '2.0.3' ],
27 silly audit   'micromark-extension-gfm': [ '3.0.0' ],
27 silly audit   'micromark-extension-gfm-autolink-literal': [ '2.1.0' ],
27 silly audit   'micromark-extension-gfm-footnote': [ '2.1.0' ],
27 silly audit   'micromark-extension-gfm-strikethrough': [ '2.1.0' ],
27 silly audit   'micromark-extension-gfm-table': [ '2.1.1' ],
27 silly audit   'micromark-extension-gfm-tagfilter': [ '2.0.0' ],
27 silly audit   'micromark-extension-gfm-task-list-item': [ '2.1.0' ],
27 silly audit   'micromark-factory-destination': [ '2.0.1' ],
27 silly audit   'micromark-factory-label': [ '2.0.1' ],
27 silly audit   'micromark-factory-space': [ '2.0.1' ],
27 silly audit   'micromark-factory-title': [ '2.0.1' ],
27 silly audit   'micromark-factory-whitespace': [ '2.0.1' ],
27 silly audit   'micromark-util-character': [ '2.1.1' ],
27 silly audit   'micromark-util-chunked': [ '2.0.1' ],
27 silly audit   'micromark-util-classify-character': [ '2.0.1' ],
27 silly audit   'micromark-util-combine-extensions': [ '2.0.1' ],
27 silly audit   'micromark-util-decode-numeric-character-reference': [ '2.0.2' ],
27 silly audit   'micromark-util-decode-string': [ '2.0.1' ],
27 silly audit   'micromark-util-encode': [ '2.0.1' ],
27 silly audit   'micromark-util-html-tag-name': [ '2.0.1' ],
27 silly audit   'micromark-util-normalize-identifier': [ '2.0.1' ],
27 silly audit   'micromark-util-resolve-all': [ '2.0.1' ],
27 silly audit   'micromark-util-sanitize-uri': [ '2.0.1' ],
27 silly audit   'micromark-util-subtokenize': [ '2.1.0' ],
27 silly audit   'micromark-util-symbol': [ '2.0.1' ],
27 silly audit   'micromark-util-types': [ '2.0.2' ],
27 silly audit   micromatch: [ '4.0.8' ],
27 silly audit   'mime-db': [ '1.52.0' ],
27 silly audit   'mime-types': [ '2.1.35' ],
27 silly audit   minipass: [ '7.1.2' ],
27 silly audit   minizlib: [ '3.1.0' ],
27 silly audit   mrmime: [ '2.0.1' ],
27 silly audit   ms: [ '2.1.3' ],
27 silly audit   'muggle-string': [ '0.4.1' ],
27 silly audit   mz: [ '2.7.0' ],
27 silly audit   nanoid: [ '3.3.11' ],
27 silly audit   neotraverse: [ '0.6.18' ],
27 silly audit   'nlcst-to-string': [ '4.0.0' ],
27 silly audit   'node-fetch': [ '2.7.0' ],
27 silly audit   'node-fetch-native': [ '1.6.7' ],
27 silly audit   'node-gyp-build': [ '4.8.4' ],
27 silly audit   'node-mock-http': [ '1.0.4' ],
27 silly audit   'node-releases': [ '2.0.27' ],
27 silly audit   nodemailer: [ '7.0.11' ],
27 silly audit   nopt: [ '8.1.0' ],
27 silly audit   'normalize-path': [ '3.0.0' ],
27 silly audit   'normalize-range': [ '0.1.2' ],
27 silly audit   'nth-check': [ '2.1.1' ],
27 silly audit   'object-assign': [ '4.1.1' ],
27 silly audit   'object-hash': [ '3.0.0' ],
27 silly audit   obuf: [ '1.1.2' ],
27 silly audit   ofetch: [ '1.5.1' ],
27 silly audit   ohash: [ '2.0.11' ],
27 silly audit   'oniguruma-parser': [ '0.12.1' ],
27 silly audit   'oniguruma-to-es': [ '4.3.4' ],
27 silly audit   optimism: [ '0.18.1' ],
27 silly audit   'p-limit': [ '6.2.0' ],
27 silly audit   'p-queue': [ '8.1.1' ],
27 silly audit   'p-timeout': [ '6.1.4' ],
27 silly audit   'package-json-from-dist': [ '1.0.1' ],
27 silly audit   'package-manager-detector': [ '1.6.0' ],
27 silly audit   'parse-latin': [ '7.0.0' ],
27 silly audit   parse5: [ '7.3.0' ],
27 silly audit   parseley: [ '0.12.1' ],
27 silly audit   'path-browserify': [ '1.0.1' ],
27 silly audit   'path-key': [ '3.1.1' ],
27 silly audit   'path-parse': [ '1.0.7' ],
27 silly audit   'path-scurry': [ '1.11.1' ],
27 silly audit   'path-to-regexp': [ '6.1.0', '6.3.0' ],
27 silly audit   peberminta: [ '0.9.0' ],
27 silly audit   'pg-int8': [ '1.0.1' ],
27 silly audit   'pg-numeric': [ '1.0.2' ],
27 silly audit   'pg-protocol': [ '1.10.3' ],
27 silly audit   'pg-types': [ '4.1.0' ],
27 silly audit   piccolore: [ '0.1.3' ],
27 silly audit   picocolors: [ '1.1.1' ],
27 silly audit   pify: [ '2.3.0' ],
27 silly audit   pirates: [ '4.0.7' ],
27 silly audit   playwright: [ '1.58.0' ],
27 silly audit   'playwright-core': [ '1.58.0' ],
27 silly audit   postcss: [ '8.5.6' ],
27 silly audit   'postcss-import': [ '15.1.0' ],
27 silly audit   'postcss-js': [ '4.1.0' ],
27 silly audit   'postcss-load-config': [ '4.0.2' ],
27 silly audit   'postcss-nested': [ '6.2.0' ],
27 silly audit   'postcss-selector-parser': [ '6.1.2', '6.0.10' ],
27 silly audit   'postcss-value-parser': [ '4.2.0' ],
27 silly audit   'postgres-array': [ '3.0.4' ],
27 silly audit   'postgres-bytea': [ '3.0.0' ],
27 silly audit   'postgres-date': [ '2.1.0' ],
27 silly audit   'postgres-interval': [ '3.0.0' ],
27 silly audit   'postgres-range': [ '1.1.4' ],
27 silly audit   prettier: [ '3.7.4' ],
27 silly audit   prismjs: [ '1.30.0' ],
27 silly audit   prompts: [ '2.4.2' ],
27 silly audit   'prop-types': [ '15.8.1' ],
27 silly audit   'property-information': [ '7.1.0' ],
27 silly audit   'proxy-from-env': [ '1.1.0' ],
27 silly audit   punycode: [ '2.3.1' ],
27 silly audit   'punycode.js': [ '2.3.1' ],
27 silly audit   'queue-microtask': [ '1.2.3' ],
27 silly audit   radix3: [ '1.1.2' ],
27 silly audit   react: [ '19.2.1' ],
27 silly audit   'react-dom': [ '19.2.1' ],
27 silly audit   'react-is': [ '16.13.1' ],
27 silly audit   'react-refresh': [ '0.17.0' ],
27 silly audit   'read-cache': [ '1.0.0' ],
27 silly audit   regex: [ '6.1.0' ],
27 silly audit   'regex-recursion': [ '6.0.2' ],
27 silly audit   'regex-utilities': [ '2.3.0' ],
27 silly audit   rehackt: [ '0.1.0' ],
27 silly audit   rehype: [ '13.0.2' ],
27 silly audit   'rehype-raw': [ '7.0.0' ],
27 silly audit   'rehype-stringify': [ '10.0.1' ],
27 silly audit   'rehype-parse': [ '9.0.1' ],
27 silly audit   'remark-gfm': [ '4.0.1' ],
27 silly audit   'remark-stringify': [ '11.0.0' ],
27 silly audit   'remark-parse': [ '11.0.0' ],
27 silly audit   'remark-rehype': [ '11.1.2' ],
27 silly audit   'remark-smartypants': [ '3.0.2' ],
27 silly audit   'request-light': [ '0.7.0', '0.5.8' ],
27 silly audit   'require-directory': [ '2.1.1' ],
27 silly audit   'require-from-string': [ '2.0.2' ],
27 silly audit   resend: [ '6.9.1' ],
27 silly audit   resolve: [ '1.22.11' ],
27 silly audit   'resolve-from': [ '5.0.0' ],
27 silly audit   retext: [ '9.0.0' ],
27 silly audit   'retext-latin': [ '4.0.0' ],
27 silly audit   'retext-smartypants': [ '6.2.0' ],
27 silly audit   'retext-stringify': [ '4.0.0' ],
27 silly audit   reusify: [ '1.1.0' ],
27 silly audit   rollup: [ '4.53.3' ],
27 silly audit   'run-parallel': [ '1.2.0' ],
27 silly audit   'safer-buffer': [ '2.1.2' ],
27 silly audit   sax: [ '1.4.3' ],
27 silly audit   scheduler: [ '0.27.0' ],
27 silly audit   selderee: [ '0.11.0' ],
27 silly audit   sharp: [ '0.34.5' ],
27 silly audit   'shebang-command': [ '2.0.0' ],
27 silly audit   'shebang-regex': [ '3.0.0' ],
27 silly audit   shiki: [ '3.21.0' ],
27 silly audit   'signal-exit': [ '4.1.0' ],
27 silly audit   sisteransi: [ '1.0.5' ],
27 silly audit   'smol-toml': [ '1.6.0' ],
27 silly audit   'source-map-js': [ '1.2.1' ],
27 silly audit   'space-separated-tokens': [ '2.0.2' ],
27 silly audit   standardwebhooks: [ '1.0.0' ],
27 silly audit   'stringify-entities': [ '4.0.4' ],
27 silly audit   'character-entities-legacy': [ '3.0.0' ],
27 silly audit   sucrase: [ '3.35.1' ],
27 silly audit   'supports-preserve-symlinks-flag': [ '1.0.0' ],
27 silly audit   svgo: [ '4.0.0' ],
27 silly audit   svix: [ '1.84.1' ],
27 silly audit   uuid: [ '10.0.0' ],
27 silly audit   'symbol-observable': [ '4.0.0' ],
27 silly audit   tailwindcss: [ '3.4.19' ],
27 silly audit   tar: [ '7.5.2' ],
27 silly audit   yallist: [ '5.0.0', '3.1.1' ],
27 silly audit   thenify: [ '3.3.1' ],
27 silly audit   'thenify-all': [ '1.6.0' ],
27 silly audit   'tiny-inflate': [ '1.0.3' ],
27 silly audit   tinyexec: [ '1.0.2' ],
27 silly audit   tinyglobby: [ '0.2.15' ],
27 silly audit   tlds: [ '1.261.0' ],
27 silly audit   'to-regex-range': [ '5.0.1' ],
27 silly audit   tr46: [ '0.0.3' ],
27 silly audit   'trim-lines': [ '3.0.1' ],
27 silly audit   trough: [ '2.2.0' ],
27 silly audit   'ts-interface-checker': [ '0.1.13' ],
27 silly audit   'ts-invariant': [ '0.10.3' ],
27 silly audit   tsconfck: [ '3.1.6' ],
27 silly audit   tslib: [ '2.8.1' ],
27 silly audit   'type-fest': [ '4.41.0' ],
27 silly audit   'typesafe-path': [ '0.2.2' ],
27 silly audit   typescript: [ '5.9.3' ],
27 silly audit   'typescript-auto-import-cache': [ '0.3.6' ],
27 silly audit   'uc.micro': [ '2.1.0' ],
27 silly audit   ufo: [ '1.6.3' ],
27 silly audit   ultrahtml: [ '1.6.0' ],
27 silly audit   uncrypto: [ '0.1.3' ],
27 silly audit   'undici-types': [ '7.16.0' ],
27 silly audit   unified: [ '11.0.5' ],
27 silly audit   unifont: [ '0.7.3' ],
27 silly audit   'unist-util-find-after': [ '5.0.0' ],
27 silly audit   'unist-util-modify-children': [ '4.0.0' ],
27 silly audit   'unist-util-position': [ '5.0.0' ],
27 silly audit   'unist-util-remove-position': [ '5.0.0' ],
27 silly audit   'unist-util-stringify-position': [ '4.0.0' ],
27 silly audit   'unist-util-visit': [ '5.0.0' ],
27 silly audit   'unist-util-visit-children': [ '3.0.0' ],
27 silly audit   'unist-util-visit-parents': [ '6.0.2' ],
27 silly audit   'update-browserslist-db': [ '1.2.2' ],
27 silly audit   'uri-js': [ '4.4.1' ],
27 silly audit   'util-deprecate': [ '1.0.2' ],
27 silly audit   vfile: [ '6.0.3' ],
27 silly audit   'vfile-message': [ '4.0.3' ],
27 silly audit   vite: [ '6.4.1' ],
27 silly audit   vitefu: [ '1.1.1' ],
27 silly audit   'volar-service-css': [ '0.0.67' ],
27 silly audit   'volar-service-emmet': [ '0.0.67' ],
27 silly audit   'volar-service-html': [ '0.0.67' ],
27 silly audit   'volar-service-prettier': [ '0.0.67' ],
27 silly audit   'volar-service-typescript': [ '0.0.67' ],
27 silly audit   'volar-service-typescript-twoslash-queries': [ '0.0.67' ],
27 silly audit   'volar-service-yaml': [ '0.0.67' ],
27 silly audit   'vscode-css-languageservice': [ '6.3.9' ],
27 silly audit   'vscode-html-languageservice': [ '5.6.1' ],
27 silly audit   'vscode-json-languageservice': [ '4.1.8' ],
27 silly audit   'vscode-jsonrpc': [ '8.2.0' ],
27 silly audit   'vscode-languageserver': [ '9.0.1' ],
27 silly audit   'vscode-languageserver-protocol': [ '3.17.5' ],
27 silly audit   'vscode-languageserver-textdocument': [ '1.0.12' ],
27 silly audit   'vscode-languageserver-types': [ '3.17.5' ],
27 silly audit   'vscode-nls': [ '5.2.0' ],
27 silly audit   'vscode-uri': [ '3.1.0' ],
27 silly audit   'web-namespaces': [ '2.0.1' ],
27 silly audit   'webidl-conversions': [ '3.0.1' ],
27 silly audit   'whatwg-url': [ '5.0.0' ],
27 silly audit   which: [ '2.0.2' ],
27 silly audit   'which-pm-runs': [ '1.1.0' ],
27 silly audit   'widest-line': [ '5.0.0' ],
27 silly audit   ws: [ '8.18.3' ],
27 silly audit   'xxhash-wasm': [ '1.1.0' ],
27 silly audit   y18n: [ '5.0.8' ],
27 silly audit   yaml: [ '2.8.2', '2.7.1' ],
27 silly audit   'yaml-language-server': [ '1.19.2' ],
27 silly audit   'ajv-draft-04': [ '1.0.0' ],
27 silly audit   yargs: [ '17.7.2' ],
27 silly audit   'yargs-parser': [ '21.1.1' ],
27 silly audit   'yocto-queue': [ '1.2.2' ],
27 silly audit   'yocto-spinner': [ '0.2.3' ],
27 silly audit   yoctocolors: [ '2.1.2' ],
27 silly audit   'zen-observable': [ '0.8.15' ],
27 silly audit   'zen-observable-ts': [ '1.2.5' ],
27 silly audit   zod: [ '3.25.76' ],
27 silly audit   'zod-to-json-schema': [ '3.25.1' ],
27 silly audit   'zod-to-ts': [ '1.2.0' ],
27 silly audit   zwitch: [ '2.0.4' ],
27 silly audit   '@lucide/astro': [ '0.563.0' ]
27 silly audit }
28 verbose reify failed optional dependency /Users/mohammad/Projects/OIAC2/node_modules/@rollup/rollup-win32-x64-msvc
29 silly reify mark deleted [
29 silly reify   '/Users/mohammad/Projects/OIAC2/node_modules/@rollup/rollup-win32-x64-msvc'
29 silly reify ]
30 verbose reify failed optional dependency /Users/mohammad/Projects/OIAC2/node_modules/@rollup/rollup-win32-x64-gnu
31 silly reify mark deleted [
31 silly reify   '/Users/mohammad/Projects/OIAC2/node_modules/@rollup/rollup-win32-x64-gnu'
31 silly reify ]
32 verbose reify failed optional dependency /Users/mohammad/Projects/OIAC2/node_modules/@rollup/rollup-win32-ia32-msvc
33 silly reify mark deleted [
33 silly reify   '/Users/mohammad/Projects/OIAC2/node_modules/@rollup/rollup-win32-ia32-msvc'
33 silly reify ]
34 verbose reify failed optional dependency /Users/mohammad/Projects/OIAC2/node_modules/@rollup/rollup-win32-arm64-msvc
35 silly reify mark deleted [
35 silly reify   '/Users/mohammad/Projects/OIAC2/node_modules/@rollup/rollup-win32-arm64-msvc'
35 silly reify ]
36 verbose reify failed optional dependency /Users/mohammad/Projects/OIAC2/node_modules/@rollup/rollup-openharmony-arm64
37 silly reify mark deleted [
37 silly reify   '/Users/mohammad/Projects/OIAC2/node_modules/@rollup/rollup-openharmony-arm64'
37 silly reify ]
38 verbose reify failed optional dependency /Users/mohammad/Projects/OIAC2/node_modules/@rollup/rollup-linux-x64-musl
39 silly reify mark deleted [
39 silly reify   '/Users/mohammad/Projects/OIAC2/node_modules/@rollup/rollup-linux-x64-musl'
39 silly reify ]
40 verbose reify failed optional dependency /Users/mohammad/Projects/OIAC2/node_modules/@rollup/rollup-linux-x64-gnu
41 silly reify mark deleted [
41 silly reify   '/Users/mohammad/Projects/OIAC2/node_modules/@rollup/rollup-linux-x64-gnu'
41 silly reify ]
42 verbose reify failed optional dependency /Users/mohammad/Projects/OIAC2/node_modules/@rollup/rollup-linux-s390x-gnu
43 silly reify mark deleted [
43 silly reify   '/Users/mohammad/Projects/OIAC2/node_modules/@rollup/rollup-linux-s390x-gnu'
43 silly reify ]
44 verbose reify failed optional dependency /Users/mohammad/Projects/OIAC2/node_modules/@rollup/rollup-linux-riscv64-musl
45 silly reify mark deleted [
45 silly reify   '/Users/mohammad/Projects/OIAC2/node_modules/@rollup/rollup-linux-riscv64-musl'
45 silly reify ]
46 verbose reify failed optional dependency /Users/mohammad/Projects/OIAC2/node_modules/@rollup/rollup-linux-riscv64-gnu
47 silly reify mark deleted [
47 silly reify   '/Users/mohammad/Projects/OIAC2/node_modules/@rollup/rollup-linux-riscv64-gnu'
47 silly reify ]
48 verbose reify failed optional dependency /Users/mohammad/Projects/OIAC2/node_modules/@rollup/rollup-linux-ppc64-gnu
49 silly reify mark deleted [
49 silly reify   '/Users/mohammad/Projects/OIAC2/node_modules/@rollup/rollup-linux-ppc64-gnu'
49 silly reify ]
50 verbose reify failed optional dependency /Users/mohammad/Projects/OIAC2/node_modules/@rollup/rollup-linux-loong64-gnu
51 silly reify mark deleted [
51 silly reify   '/Users/mohammad/Projects/OIAC2/node_modules/@rollup/rollup-linux-loong64-gnu'
51 silly reify ]
52 verbose reify failed optional dependency /Users/mohammad/Projects/OIAC2/node_modules/@rollup/rollup-linux-arm64-musl
53 silly reify mark deleted [
53 silly reify   '/Users/mohammad/Projects/OIAC2/node_modules/@rollup/rollup-linux-arm64-musl'
53 silly reify ]
54 verbose reify failed optional dependency /Users/mohammad/Projects/OIAC2/node_modules/@rollup/rollup-linux-arm64-gnu
55 silly reify mark deleted [
55 silly reify   '/Users/mohammad/Projects/OIAC2/node_modules/@rollup/rollup-linux-arm64-gnu'
55 silly reify ]
56 verbose reify failed optional dependency /Users/mohammad/Projects/OIAC2/node_modules/@rollup/rollup-linux-arm-musleabihf
57 silly reify mark deleted [
57 silly reify   '/Users/mohammad/Projects/OIAC2/node_modules/@rollup/rollup-linux-arm-musleabihf'
57 silly reify ]
58 verbose reify failed optional dependency /Users/mohammad/Projects/OIAC2/node_modules/@rollup/rollup-linux-arm-gnueabihf
59 silly reify mark deleted [
59 silly reify   '/Users/mohammad/Projects/OIAC2/node_modules/@rollup/rollup-linux-arm-gnueabihf'
59 silly reify ]
60 verbose reify failed optional dependency /Users/mohammad/Projects/OIAC2/node_modules/@rollup/rollup-freebsd-x64
61 silly reify mark deleted [
61 silly reify   '/Users/mohammad/Projects/OIAC2/node_modules/@rollup/rollup-freebsd-x64'
61 silly reify ]
62 verbose reify failed optional dependency /Users/mohammad/Projects/OIAC2/node_modules/@rollup/rollup-freebsd-arm64
63 silly reify mark deleted [
63 silly reify   '/Users/mohammad/Projects/OIAC2/node_modules/@rollup/rollup-freebsd-arm64'
63 silly reify ]
64 verbose reify failed optional dependency /Users/mohammad/Projects/OIAC2/node_modules/@rollup/rollup-darwin-x64
65 silly reify mark deleted [
65 silly reify   '/Users/mohammad/Projects/OIAC2/node_modules/@rollup/rollup-darwin-x64'
65 silly reify ]
66 verbose reify failed optional dependency /Users/mohammad/Projects/OIAC2/node_modules/@rollup/rollup-android-arm64
67 silly reify mark deleted [
67 silly reify   '/Users/mohammad/Projects/OIAC2/node_modules/@rollup/rollup-android-arm64'
67 silly reify ]
68 verbose reify failed optional dependency /Users/mohammad/Projects/OIAC2/node_modules/@rollup/rollup-android-arm-eabi
69 silly reify mark deleted [
69 silly reify   '/Users/mohammad/Projects/OIAC2/node_modules/@rollup/rollup-android-arm-eabi'
69 silly reify ]
70 verbose reify failed optional dependency /Users/mohammad/Projects/OIAC2/node_modules/@img/sharp-win32-x64
71 silly reify mark deleted [ '/Users/mohammad/Projects/OIAC2/node_modules/@img/sharp-win32-x64' ]
72 verbose reify failed optional dependency /Users/mohammad/Projects/OIAC2/node_modules/@img/sharp-win32-ia32
73 silly reify mark deleted [ '/Users/mohammad/Projects/OIAC2/node_modules/@img/sharp-win32-ia32' ]
74 verbose reify failed optional dependency /Users/mohammad/Projects/OIAC2/node_modules/@img/sharp-win32-arm64
75 silly reify mark deleted [
75 silly reify   '/Users/mohammad/Projects/OIAC2/node_modules/@img/sharp-win32-arm64'
75 silly reify ]
76 verbose reify failed optional dependency /Users/mohammad/Projects/OIAC2/node_modules/@img/sharp-wasm32
77 silly reify mark deleted [ '/Users/mohammad/Projects/OIAC2/node_modules/@img/sharp-wasm32' ]
78 verbose reify failed optional dependency /Users/mohammad/Projects/OIAC2/node_modules/@emnapi/runtime
79 silly reify mark deleted [ '/Users/mohammad/Projects/OIAC2/node_modules/@emnapi/runtime' ]
80 verbose reify failed optional dependency /Users/mohammad/Projects/OIAC2/node_modules/@img/sharp-linuxmusl-x64
81 silly reify mark deleted [
81 silly reify   '/Users/mohammad/Projects/OIAC2/node_modules/@img/sharp-linuxmusl-x64'
81 silly reify ]
82 verbose reify failed optional dependency /Users/mohammad/Projects/OIAC2/node_modules/@img/sharp-linuxmusl-arm64
83 silly reify mark deleted [
83 silly reify   '/Users/mohammad/Projects/OIAC2/node_modules/@img/sharp-linuxmusl-arm64'
83 silly reify ]
84 verbose reify failed optional dependency /Users/mohammad/Projects/OIAC2/node_modules/@img/sharp-linux-x64
85 silly reify mark deleted [ '/Users/mohammad/Projects/OIAC2/node_modules/@img/sharp-linux-x64' ]
86 verbose reify failed optional dependency /Users/mohammad/Projects/OIAC2/node_modules/@img/sharp-linux-s390x
87 silly reify mark deleted [
87 silly reify   '/Users/mohammad/Projects/OIAC2/node_modules/@img/sharp-linux-s390x'
87 silly reify ]
88 verbose reify failed optional dependency /Users/mohammad/Projects/OIAC2/node_modules/@img/sharp-linux-riscv64
89 silly reify mark deleted [
89 silly reify   '/Users/mohammad/Projects/OIAC2/node_modules/@img/sharp-linux-riscv64'
89 silly reify ]
90 verbose reify failed optional dependency /Users/mohammad/Projects/OIAC2/node_modules/@img/sharp-linux-ppc64
91 silly reify mark deleted [
91 silly reify   '/Users/mohammad/Projects/OIAC2/node_modules/@img/sharp-linux-ppc64'
91 silly reify ]
92 verbose reify failed optional dependency /Users/mohammad/Projects/OIAC2/node_modules/@img/sharp-linux-arm64
93 silly reify mark deleted [
93 silly reify   '/Users/mohammad/Projects/OIAC2/node_modules/@img/sharp-linux-arm64'
93 silly reify ]
94 verbose reify failed optional dependency /Users/mohammad/Projects/OIAC2/node_modules/@img/sharp-linux-arm
95 silly reify mark deleted [ '/Users/mohammad/Projects/OIAC2/node_modules/@img/sharp-linux-arm' ]
96 verbose reify failed optional dependency /Users/mohammad/Projects/OIAC2/node_modules/@img/sharp-libvips-linuxmusl-x64
97 silly reify mark deleted [
97 silly reify   '/Users/mohammad/Projects/OIAC2/node_modules/@img/sharp-libvips-linuxmusl-x64'
97 silly reify ]
98 verbose reify failed optional dependency /Users/mohammad/Projects/OIAC2/node_modules/@img/sharp-libvips-linuxmusl-arm64
99 silly reify mark deleted [
99 silly reify   '/Users/mohammad/Projects/OIAC2/node_modules/@img/sharp-libvips-linuxmusl-arm64'
99 silly reify ]
100 verbose reify failed optional dependency /Users/mohammad/Projects/OIAC2/node_modules/@img/sharp-libvips-linux-x64
101 silly reify mark deleted [
101 silly reify   '/Users/mohammad/Projects/OIAC2/node_modules/@img/sharp-libvips-linux-x64'
101 silly reify ]
102 verbose reify failed optional dependency /Users/mohammad/Projects/OIAC2/node_modules/@img/sharp-libvips-linux-s390x
103 silly reify mark deleted [
103 silly reify   '/Users/mohammad/Projects/OIAC2/node_modules/@img/sharp-libvips-linux-s390x'
103 silly reify ]
104 verbose reify failed optional dependency /Users/mohammad/Projects/OIAC2/node_modules/@img/sharp-libvips-linux-riscv64
105 silly reify mark deleted [
105 silly reify   '/Users/mohammad/Projects/OIAC2/node_modules/@img/sharp-libvips-linux-riscv64'
105 silly reify ]
106 verbose reify failed optional dependency /Users/mohammad/Projects/OIAC2/node_modules/@img/sharp-libvips-linux-ppc64
107 silly reify mark deleted [
107 silly reify   '/Users/mohammad/Projects/OIAC2/node_modules/@img/sharp-libvips-linux-ppc64'
107 silly reify ]
108 verbose reify failed optional dependency /Users/mohammad/Projects/OIAC2/node_modules/@img/sharp-libvips-linux-arm64
109 silly reify mark deleted [
109 silly reify   '/Users/mohammad/Projects/OIAC2/node_modules/@img/sharp-libvips-linux-arm64'
109 silly reify ]
110 verbose reify failed optional dependency /Users/mohammad/Projects/OIAC2/node_modules/@img/sharp-libvips-linux-arm
111 silly reify mark deleted [
111 silly reify   '/Users/mohammad/Projects/OIAC2/node_modules/@img/sharp-libvips-linux-arm'
111 silly reify ]
112 verbose reify failed optional dependency /Users/mohammad/Projects/OIAC2/node_modules/@img/sharp-libvips-darwin-x64
113 silly reify mark deleted [
113 silly reify   '/Users/mohammad/Projects/OIAC2/node_modules/@img/sharp-libvips-darwin-x64'
113 silly reify ]
114 verbose reify failed optional dependency /Users/mohammad/Projects/OIAC2/node_modules/@img/sharp-darwin-x64
115 silly reify mark deleted [ '/Users/mohammad/Projects/OIAC2/node_modules/@img/sharp-darwin-x64' ]
116 verbose reify failed optional dependency /Users/mohammad/Projects/OIAC2/node_modules/@esbuild/win32-x64
117 silly reify mark deleted [ '/Users/mohammad/Projects/OIAC2/node_modules/@esbuild/win32-x64' ]
118 verbose reify failed optional dependency /Users/mohammad/Projects/OIAC2/node_modules/@esbuild/win32-ia32
119 silly reify mark deleted [ '/Users/mohammad/Projects/OIAC2/node_modules/@esbuild/win32-ia32' ]
120 verbose reify failed optional dependency /Users/mohammad/Projects/OIAC2/node_modules/@esbuild/win32-arm64
121 silly reify mark deleted [ '/Users/mohammad/Projects/OIAC2/node_modules/@esbuild/win32-arm64' ]
122 verbose reify failed optional dependency /Users/mohammad/Projects/OIAC2/node_modules/@esbuild/sunos-x64
123 silly reify mark deleted [ '/Users/mohammad/Projects/OIAC2/node_modules/@esbuild/sunos-x64' ]
124 verbose reify failed optional dependency /Users/mohammad/Projects/OIAC2/node_modules/@esbuild/openharmony-arm64
125 silly reify mark deleted [
125 silly reify   '/Users/mohammad/Projects/OIAC2/node_modules/@esbuild/openharmony-arm64'
125 silly reify ]
126 verbose reify failed optional dependency /Users/mohammad/Projects/OIAC2/node_modules/@esbuild/openbsd-x64
127 silly reify mark deleted [ '/Users/mohammad/Projects/OIAC2/node_modules/@esbuild/openbsd-x64' ]
128 verbose reify failed optional dependency /Users/mohammad/Projects/OIAC2/node_modules/@esbuild/openbsd-arm64
129 silly reify mark deleted [
129 silly reify   '/Users/mohammad/Projects/OIAC2/node_modules/@esbuild/openbsd-arm64'
129 silly reify ]
130 verbose reify failed optional dependency /Users/mohammad/Projects/OIAC2/node_modules/@esbuild/netbsd-x64
131 silly reify mark deleted [ '/Users/mohammad/Projects/OIAC2/node_modules/@esbuild/netbsd-x64' ]
132 verbose reify failed optional dependency /Users/mohammad/Projects/OIAC2/node_modules/@esbuild/netbsd-arm64
133 silly reify mark deleted [ '/Users/mohammad/Projects/OIAC2/node_modules/@esbuild/netbsd-arm64' ]
134 verbose reify failed optional dependency /Users/mohammad/Projects/OIAC2/node_modules/@esbuild/linux-x64
135 silly reify mark deleted [ '/Users/mohammad/Projects/OIAC2/node_modules/@esbuild/linux-x64' ]
136 verbose reify failed optional dependency /Users/mohammad/Projects/OIAC2/node_modules/@esbuild/linux-s390x
137 silly reify mark deleted [ '/Users/mohammad/Projects/OIAC2/node_modules/@esbuild/linux-s390x' ]
138 verbose reify failed optional dependency /Users/mohammad/Projects/OIAC2/node_modules/@esbuild/linux-riscv64
139 silly reify mark deleted [
139 silly reify   '/Users/mohammad/Projects/OIAC2/node_modules/@esbuild/linux-riscv64'
139 silly reify ]
140 verbose reify failed optional dependency /Users/mohammad/Projects/OIAC2/node_modules/@esbuild/linux-ppc64
141 silly reify mark deleted [ '/Users/mohammad/Projects/OIAC2/node_modules/@esbuild/linux-ppc64' ]
142 verbose reify failed optional dependency /Users/mohammad/Projects/OIAC2/node_modules/@esbuild/linux-mips64el
143 silly reify mark deleted [
143 silly reify   '/Users/mohammad/Projects/OIAC2/node_modules/@esbuild/linux-mips64el'
143 silly reify ]
144 verbose reify failed optional dependency /Users/mohammad/Projects/OIAC2/node_modules/@esbuild/linux-loong64
145 silly reify mark deleted [
145 silly reify   '/Users/mohammad/Projects/OIAC2/node_modules/@esbuild/linux-loong64'
145 silly reify ]
146 verbose reify failed optional dependency /Users/mohammad/Projects/OIAC2/node_modules/@esbuild/linux-ia32
147 silly reify mark deleted [ '/Users/mohammad/Projects/OIAC2/node_modules/@esbuild/linux-ia32' ]
148 verbose reify failed optional dependency /Users/mohammad/Projects/OIAC2/node_modules/@esbuild/linux-arm64
149 silly reify mark deleted [ '/Users/mohammad/Projects/OIAC2/node_modules/@esbuild/linux-arm64' ]
150 verbose reify failed optional dependency /Users/mohammad/Projects/OIAC2/node_modules/@esbuild/linux-arm
151 silly reify mark deleted [ '/Users/mohammad/Projects/OIAC2/node_modules/@esbuild/linux-arm' ]
152 verbose reify failed optional dependency /Users/mohammad/Projects/OIAC2/node_modules/@esbuild/freebsd-x64
153 silly reify mark deleted [ '/Users/mohammad/Projects/OIAC2/node_modules/@esbuild/freebsd-x64' ]
154 verbose reify failed optional dependency /Users/mohammad/Projects/OIAC2/node_modules/@esbuild/freebsd-arm64
155 silly reify mark deleted [
155 silly reify   '/Users/mohammad/Projects/OIAC2/node_modules/@esbuild/freebsd-arm64'
155 silly reify ]
156 verbose reify failed optional dependency /Users/mohammad/Projects/OIAC2/node_modules/@esbuild/darwin-x64
157 silly reify mark deleted [ '/Users/mohammad/Projects/OIAC2/node_modules/@esbuild/darwin-x64' ]
158 verbose reify failed optional dependency /Users/mohammad/Projects/OIAC2/node_modules/@esbuild/android-x64
159 silly reify mark deleted [ '/Users/mohammad/Projects/OIAC2/node_modules/@esbuild/android-x64' ]
160 verbose reify failed optional dependency /Users/mohammad/Projects/OIAC2/node_modules/@esbuild/android-arm64
161 silly reify mark deleted [
161 silly reify   '/Users/mohammad/Projects/OIAC2/node_modules/@esbuild/android-arm64'
161 silly reify ]
162 verbose reify failed optional dependency /Users/mohammad/Projects/OIAC2/node_modules/@esbuild/android-arm
163 silly reify mark deleted [ '/Users/mohammad/Projects/OIAC2/node_modules/@esbuild/android-arm' ]
164 verbose reify failed optional dependency /Users/mohammad/Projects/OIAC2/node_modules/@esbuild/aix-ppc64
165 silly reify mark deleted [ '/Users/mohammad/Projects/OIAC2/node_modules/@esbuild/aix-ppc64' ]
166 http cache @emnapi/runtime@https://registry.npmjs.org/@emnapi/runtime/-/runtime-1.7.1.tgz 0ms (cache hit)
167 http cache @lucide/astro@https://registry.npmjs.org/@lucide/astro/-/astro-0.563.0.tgz 0ms (cache hit)
168 http fetch POST 200 https://registry.npmjs.org/-/npm/v1/security/advisories/bulk 231ms
169 silly audit report {
169 silly audit report   lodash: [
169 silly audit report     {
169 silly audit report       id: 1112455,
169 silly audit report       url: 'https://github.com/advisories/GHSA-xxjr-mmjv-4gpg',
169 silly audit report       title: 'Lodash has Prototype Pollution Vulnerability in `_.unset` and `_.omit` functions',
169 silly audit report       severity: 'moderate',
169 silly audit report       vulnerable_versions: '>=4.0.0 <=4.17.22',
169 silly audit report       cwe: [Array],
169 silly audit report       cvss: [Object]
169 silly audit report     }
169 silly audit report   ],
169 silly audit report   'path-to-regexp': [
169 silly audit report     {
169 silly audit report       id: 1101846,
169 silly audit report       url: 'https://github.com/advisories/GHSA-9wv6-86v2-598j',
169 silly audit report       title: 'path-to-regexp outputs backtracking regular expressions',
169 silly audit report       severity: 'high',
169 silly audit report       vulnerable_versions: '>=4.0.0 <6.3.0',
169 silly audit report       cwe: [Array],
169 silly audit report       cvss: [Object]
169 silly audit report     }
169 silly audit report   ],
169 silly audit report   tar: [
169 silly audit report     {
169 silly audit report       id: 1112255,
169 silly audit report       url: 'https://github.com/advisories/GHSA-8qq5-rm4j-mr97',
169 silly audit report       title: 'node-tar is Vulnerable to Arbitrary File Overwrite and Symlink Poisoning via Insufficient Path Sanitization',
169 silly audit report       severity: 'high',
169 silly audit report       vulnerable_versions: '<=7.5.2',
169 silly audit report       cwe: [Array],
169 silly audit report       cvss: [Object]
169 silly audit report     },
169 silly audit report     {
169 silly audit report       id: 1112329,
169 silly audit report       url: 'https://github.com/advisories/GHSA-r6q2-hw4h-h46w',
169 silly audit report       title: 'Race Condition in node-tar Path Reservations via Unicode Ligature Collisions on macOS APFS',
169 silly audit report       severity: 'high',
169 silly audit report       vulnerable_versions: '<=7.5.3',
169 silly audit report       cwe: [Array],
169 silly audit report       cvss: [Object]
169 silly audit report     },
169 silly audit report     {
169 silly audit report       id: 1112659,
169 silly audit report       url: 'https://github.com/advisories/GHSA-34x7-hfp2-rc4v',
169 silly audit report       title: 'node-tar Vulnerable to Arbitrary File Creation/Overwrite via Hardlink Path Traversal',
169 silly audit report       severity: 'high',
169 silly audit report       vulnerable_versions: '<7.5.7',
169 silly audit report       cwe: [Array],
169 silly audit report       cvss: [Object]
169 silly audit report     }
169 silly audit report   ]
169 silly audit report }
170 silly packumentCache corgi:https://registry.npmjs.org/lodash cache-miss
171 silly packumentCache corgi:https://registry.npmjs.org/path-to-regexp cache-miss
172 silly packumentCache corgi:https://registry.npmjs.org/tar cache-miss
173 http cache https://registry.npmjs.org/tar 29ms (cache hit)
174 silly packumentCache corgi:https://registry.npmjs.org/tar set size:193467 disposed:false
175 http cache https://registry.npmjs.org/lodash 32ms (cache hit)
176 silly packumentCache corgi:https://registry.npmjs.org/lodash set size:68481 disposed:false
177 http cache https://registry.npmjs.org/path-to-regexp 32ms (cache hit)
178 silly packumentCache corgi:https://registry.npmjs.org/path-to-regexp set size:63416 disposed:false
179 silly packumentCache corgi:https://registry.npmjs.org/yaml-language-server cache-miss
180 http fetch GET 200 https://registry.npmjs.org/yaml-language-server 51ms (cache revalidated)
181 silly packumentCache corgi:https://registry.npmjs.org/yaml-language-server set size:1106246 disposed:false
182 silly packumentCache corgi:https://registry.npmjs.org/@vercel%2frouting-utils cache-miss
183 http fetch GET 200 https://registry.npmjs.org/@vercel%2frouting-utils 128ms (cache revalidated)
184 silly packumentCache corgi:https://registry.npmjs.org/@vercel%2frouting-utils set size:145210 disposed:false
185 silly packumentCache corgi:https://registry.npmjs.org/@mapbox%2fnode-pre-gyp cache-miss
186 http fetch GET 200 https://registry.npmjs.org/@mapbox%2fnode-pre-gyp 55ms (cache revalidated)
187 silly packumentCache corgi:https://registry.npmjs.org/@mapbox%2fnode-pre-gyp set size:47144 disposed:false
188 silly packumentCache corgi:https://registry.npmjs.org/volar-service-yaml cache-miss
189 http fetch GET 200 https://registry.npmjs.org/volar-service-yaml 61ms (cache revalidated)
190 silly packumentCache corgi:https://registry.npmjs.org/volar-service-yaml set size:45552 disposed:false
191 silly packumentCache corgi:https://registry.npmjs.org/@astrojs%2fvercel cache-miss
192 http fetch GET 200 https://registry.npmjs.org/@astrojs%2fvercel 165ms (cache revalidated)
193 silly packumentCache corgi:https://registry.npmjs.org/@astrojs%2fvercel set size:337059 disposed:false
194 silly packumentCache corgi:https://registry.npmjs.org/@astrojs%2flanguage-server cache-miss
195 http fetch GET 200 https://registry.npmjs.org/@astrojs%2flanguage-server 135ms (cache revalidated)
196 silly packumentCache corgi:https://registry.npmjs.org/@astrojs%2flanguage-server set size:319520 disposed:false
197 silly packumentCache corgi:https://registry.npmjs.org/@astrojs%2fcheck cache-miss
198 http fetch GET 200 https://registry.npmjs.org/@astrojs%2fcheck 132ms (cache revalidated)
199 silly packumentCache corgi:https://registry.npmjs.org/@astrojs%2fcheck set size:33620 disposed:false
200 silly ADD
201 silly ADD
202 silly ADD
203 silly ADD
204 silly ADD
205 silly ADD
206 silly ADD
207 silly ADD
208 silly ADD
209 silly ADD
210 silly ADD
211 silly ADD
212 silly ADD
213 silly ADD
214 silly ADD
215 silly ADD
216 silly ADD
217 silly ADD
218 silly ADD
219 silly ADD
220 silly ADD
221 silly ADD
222 silly ADD
223 silly ADD
224 silly ADD
225 silly ADD
226 silly ADD
227 silly ADD
228 silly ADD
229 silly ADD
230 silly ADD
231 silly ADD
232 silly ADD
233 silly ADD
234 silly ADD
235 silly ADD
236 silly ADD
237 silly ADD
238 silly ADD
239 silly ADD
240 silly ADD
241 silly ADD
242 silly ADD
243 silly ADD
244 silly ADD
245 silly ADD
246 silly ADD
247 silly ADD
248 silly ADD
249 silly ADD
250 silly ADD
251 silly ADD
252 silly ADD
253 silly ADD
254 silly ADD
255 silly ADD
256 silly ADD
257 silly ADD
258 silly ADD
259 silly ADD
260 silly ADD
261 silly ADD
262 silly ADD
263 silly ADD
264 silly ADD
265 silly ADD
266 silly ADD
267 silly ADD
268 silly ADD
269 silly CHANGE node_modules/@lucide/astro
270 verbose cwd /Users/mohammad/Projects/OIAC2
271 verbose os Darwin 25.2.0
272 verbose node v22.17.1
273 verbose npm  v10.9.2
274 verbose exit 0
275 info ok
